<?xml version="1.0" encoding="UTF-8"?>
<testsuite name="com.kpnquest.completemission.CompleteMissionIT" tests="1" skipped="0" failures="1" errors="0" timestamp="2026-04-14T23:03:16.189Z" hostname="BOQUEIRAO-SERVE" time="6.847">
  <properties/>
  <testcase name="initializationError" classname="com.kpnquest.completemission.CompleteMissionIT" time="0.001">
    <failure message="io.micronaut.http.client.exceptions.HttpClientResponseException: Bad Request" type="io.micronaut.http.client.exceptions.HttpClientResponseException">io.micronaut.http.client.exceptions.HttpClientResponseException: Bad Request
	at io.micronaut.http.client.netty.DefaultHttpClient$FullHttpResponseHandler.makeErrorFromRequestBody(DefaultHttpClient.java:2259)
	at io.micronaut.http.client.netty.DefaultHttpClient$FullHttpResponseHandler.forwardResponseToPromise(DefaultHttpClient.java:2210)
	at io.micronaut.http.client.netty.DefaultHttpClient$FullHttpResponseHandler.channelReadInstrumented(DefaultHttpClient.java:2179)
	at io.micronaut.http.client.netty.DefaultHttpClient$FullHttpResponseHandler.channelReadInstrumented(DefaultHttpClient.java:2147)
	at io.micronaut.http.client.netty.SimpleChannelInboundHandlerInstrumented.channelRead0(SimpleChannelInboundHandlerInstrumented.java:46)
	at io.netty.channel.SimpleChannelInboundHandler.channelRead(SimpleChannelInboundHandler.java:99)
	at io.netty.channel.AbstractChannelHandlerContext.invokeChannelRead(AbstractChannelHandlerContext.java:444)
	at io.netty.channel.AbstractChannelHandlerContext.invokeChannelRead(AbstractChannelHandlerContext.java:420)
	at io.netty.channel.AbstractChannelHandlerContext.fireChannelRead(AbstractChannelHandlerContext.java:412)
	at io.netty.handler.codec.MessageToMessageDecoder.channelRead(MessageToMessageDecoder.java:103)
	at io.netty.channel.AbstractChannelHandlerContext.invokeChannelRead(AbstractChannelHandlerContext.java:444)
	at io.netty.channel.AbstractChannelHandlerContext.invokeChannelRead(AbstractChannelHandlerContext.java:420)
	at io.netty.channel.AbstractChannelHandlerContext.fireChannelRead(AbstractChannelHandlerContext.java:412)
	at io.netty.handler.codec.MessageToMessageDecoder.channelRead(MessageToMessageDecoder.java:103)
	at io.netty.channel.AbstractChannelHandlerContext.invokeChannelRead(AbstractChannelHandlerContext.java:444)
	at io.netty.channel.AbstractChannelHandlerContext.invokeChannelRead(AbstractChannelHandlerContext.java:420)
	at io.netty.channel.AbstractChannelHandlerContext.fireChannelRead(AbstractChannelHandlerContext.java:412)
	at io.netty.channel.CombinedChannelDuplexHandler$DelegatingChannelHandlerContext.fireChannelRead(CombinedChannelDuplexHandler.java:436)
	at io.netty.handler.codec.ByteToMessageDecoder.fireChannelRead(ByteToMessageDecoder.java:346)
	at io.netty.handler.codec.ByteToMessageDecoder.channelRead(ByteToMessageDecoder.java:318)
	at io.netty.channel.CombinedChannelDuplexHandler.channelRead(CombinedChannelDuplexHandler.java:251)
	at io.netty.channel.AbstractChannelHandlerContext.invokeChannelRead(AbstractChannelHandlerContext.java:442)
	at io.netty.channel.AbstractChannelHandlerContext.invokeChannelRead(AbstractChannelHandlerContext.java:420)
	at io.netty.channel.AbstractChannelHandlerContext.fireChannelRead(AbstractChannelHandlerContext.java:412)
	at io.netty.channel.ChannelInboundHandlerAdapter.channelRead(ChannelInboundHandlerAdapter.java:93)
	at io.micronaut.http.client.netty.ResettableReadTimeoutHandler$NextInterceptor.channelRead(ResettableReadTimeoutHandler.java:92)
	at io.netty.channel.AbstractChannelHandlerContext.invokeChannelRead(AbstractChannelHandlerContext.java:444)
	at io.netty.channel.AbstractChannelHandlerContext.invokeChannelRead(AbstractChannelHandlerContext.java:420)
	at io.netty.channel.AbstractChannelHandlerContext.fireChannelRead(AbstractChannelHandlerContext.java:412)
	at io.netty.handler.timeout.IdleStateHandler.channelRead(IdleStateHandler.java:289)
	at io.micronaut.http.client.netty.ResettableReadTimeoutHandler.channelRead(ResettableReadTimeoutHandler.java:64)
	at io.netty.channel.AbstractChannelHandlerContext.invokeChannelRead(AbstractChannelHandlerContext.java:442)
	at io.netty.channel.AbstractChannelHandlerContext.invokeChannelRead(AbstractChannelHandlerContext.java:420)
	at io.netty.channel.AbstractChannelHandlerContext.fireChannelRead(AbstractChannelHandlerContext.java:412)
	at io.netty.channel.DefaultChannelPipeline$HeadContext.channelRead(DefaultChannelPipeline.java:1410)
	at io.netty.channel.AbstractChannelHandlerContext.invokeChannelRead(AbstractChannelHandlerContext.java:440)
	at io.netty.channel.AbstractChannelHandlerContext.invokeChannelRead(AbstractChannelHandlerContext.java:420)
	at io.netty.channel.DefaultChannelPipeline.fireChannelRead(DefaultChannelPipeline.java:919)
	at io.netty.channel.nio.AbstractNioByteChannel$NioByteUnsafe.read(AbstractNioByteChannel.java:166)
	at io.netty.channel.nio.NioEventLoop.processSelectedKey(NioEventLoop.java:788)
	at io.netty.channel.nio.NioEventLoop.processSelectedKeysOptimized(NioEventLoop.java:724)
	at io.netty.channel.nio.NioEventLoop.processSelectedKeys(NioEventLoop.java:650)
	at io.netty.channel.nio.NioEventLoop.run(NioEventLoop.java:562)
	at io.netty.util.concurrent.SingleThreadEventExecutor$4.run(SingleThreadEventExecutor.java:997)
	at io.netty.util.internal.ThreadExecutorMap$2.run(ThreadExecutorMap.java:74)
	at io.netty.util.concurrent.FastThreadLocalRunnable.run(FastThreadLocalRunnable.java:30)
	at java.base/java.lang.Thread.run(Thread.java:1583)
	Suppressed: java.lang.Exception: #block terminated with an error
		at reactor.core.publisher.BlockingSingleSubscriber.blockingGet(BlockingSingleSubscriber.java:103)
		at reactor.core.publisher.Flux.blockFirst(Flux.java:2707)
		at io.micronaut.http.client.netty.DefaultHttpClient$1.exchange(DefaultHttpClient.java:571)
		at io.micronaut.http.client.netty.DefaultHttpClient$1.retrieve(DefaultHttpClient.java:578)
		at io.micronaut.http.client.BlockingHttpClient.retrieve(BlockingHttpClient.java:122)
		at io.micronaut.http.client.BlockingHttpClient.retrieve(BlockingHttpClient.java:171)
		at io.micronaut.http.client.BlockingHttpClient.retrieve(BlockingHttpClient.java:184)
		at com.kpnquest.completemission.CompleteMissionIT.authenticate(CompleteMissionIT.java:40)
		at java.base/java.lang.reflect.Method.invoke(Method.java:580)
		at java.base/java.util.ArrayList.forEach(ArrayList.java:1596)
</failure>
  </testcase>
  <system-out><![CDATA[01:03:16.359 [Test worker] DEBUG org.testcontainers.utility.TestcontainersConfiguration -- Testcontainers configuration overrides will be loaded from file:/C:/Users/Juan/.testcontainers.properties
01:03:16.369 [Test worker] DEBUG org.testcontainers.utility.TestcontainersConfiguration -- Testcontainers configuration overrides will be loaded from file:/C:/Users/Juan/source/pha-ngan-quest/backend/build/resources/test/testcontainers.properties
01:03:16.372 [Test worker] INFO org.testcontainers.images.PullPolicy -- Image pull policy will be performed by: DefaultPullPolicy()
01:03:16.375 [Test worker] INFO org.testcontainers.utility.ImageNameSubstitutor -- Image name substitution will be performed by: DefaultImageNameSubstitutor (composite of 'ConfigurationFileImageNameSubstitutor' and 'PrefixingImageNameSubstitutor')
01:03:16.387 [Test worker] INFO org.testcontainers.DockerClientFactory -- Testcontainers version: 2.0.4
01:03:16.536 [Test worker] INFO org.testcontainers.dockerclient.DockerClientProviderStrategy -- Loaded org.testcontainers.dockerclient.NpipeSocketClientProviderStrategy from ~/.testcontainers.properties, will try it first
01:03:16.543 [Test worker] DEBUG org.testcontainers.dockerclient.DockerClientProviderStrategy -- Trying out strategy: NpipeSocketClientProviderStrategy
01:03:16.699 [Test worker] DEBUG org.testcontainers.dockerclient.DockerClientProviderStrategy -- Pinging Docker API version 1.44.
01:03:16.713 [Test worker] DEBUG org.testcontainers.shaded.com.github.dockerjava.core.command.AbstrDockerCmd -- Cmd: 
01:03:16.724 [Test worker] DEBUG com.github.dockerjava.zerodep.shaded.org.apache.hc.client5.http.impl.classic.InternalHttpClient -- ex-0000000001 preparing request execution
01:03:16.729 [Test worker] DEBUG com.github.dockerjava.zerodep.shaded.org.apache.hc.client5.http.impl.classic.ProtocolExec -- ex-0000000001 target auth state: UNCHALLENGED
01:03:16.730 [Test worker] DEBUG com.github.dockerjava.zerodep.shaded.org.apache.hc.client5.http.impl.classic.ProtocolExec -- ex-0000000001 proxy auth state: UNCHALLENGED
01:03:16.730 [Test worker] DEBUG com.github.dockerjava.zerodep.shaded.org.apache.hc.client5.http.impl.classic.ConnectExec -- ex-0000000001 acquiring connection with route {}->[npipe://localhost:2375]
01:03:16.730 [Test worker] DEBUG com.github.dockerjava.zerodep.shaded.org.apache.hc.client5.http.impl.classic.InternalHttpClient -- ex-0000000001 acquiring endpoint (3 MINUTES)
01:03:16.731 [Test worker] DEBUG com.github.dockerjava.zerodep.shaded.org.apache.hc.client5.http.impl.io.PoolingHttpClientConnectionManager -- ex-0000000001 endpoint lease request (3 MINUTES) [route: {}->[npipe://localhost:2375]][total available: 0; route allocated: 0 of 2147483647; total allocated: 0 of 2147483647]
01:03:16.733 [Test worker] DEBUG com.github.dockerjava.zerodep.shaded.org.apache.hc.client5.http.impl.io.PoolingHttpClientConnectionManager -- ex-0000000001 endpoint leased [route: {}->[npipe://localhost:2375]][total available: 0; route allocated: 1 of 2147483647; total allocated: 1 of 2147483647]
01:03:16.738 [Test worker] DEBUG com.github.dockerjava.zerodep.shaded.org.apache.hc.client5.http.impl.io.PoolingHttpClientConnectionManager -- ex-0000000001 acquired ep-0000000001
01:03:16.738 [Test worker] DEBUG com.github.dockerjava.zerodep.shaded.org.apache.hc.client5.http.impl.classic.InternalHttpClient -- ex-0000000001 acquired endpoint ep-0000000001
01:03:16.738 [Test worker] DEBUG com.github.dockerjava.zerodep.shaded.org.apache.hc.client5.http.impl.classic.ConnectExec -- ex-0000000001 opening connection {}->[npipe://localhost:2375]
01:03:16.738 [Test worker] DEBUG com.github.dockerjava.zerodep.shaded.org.apache.hc.client5.http.impl.classic.InternalHttpClient -- ep-0000000001 connecting endpoint (null)
01:03:16.738 [Test worker] DEBUG com.github.dockerjava.zerodep.shaded.org.apache.hc.client5.http.impl.io.PoolingHttpClientConnectionManager -- ep-0000000001 connecting endpoint to npipe://localhost:2375 (3 MINUTES)
01:03:16.739 [Test worker] DEBUG com.github.dockerjava.zerodep.shaded.org.apache.hc.client5.http.impl.io.DefaultHttpClientConnectionOperator -- npipe://localhost:2375 connecting null->localhost/127.0.0.1:2375 (3 MINUTES)
01:03:16.741 [Test worker] DEBUG com.github.dockerjava.zerodep.shaded.org.apache.hc.client5.http.impl.io.DefaultHttpClientConnectionOperator -- http-outgoing-0 npipe://localhost:2375 connected null->null
01:03:16.741 [Test worker] DEBUG com.github.dockerjava.zerodep.shaded.org.apache.hc.client5.http.impl.io.PoolingHttpClientConnectionManager -- ep-0000000001 connected http-outgoing-0
01:03:16.741 [Test worker] DEBUG com.github.dockerjava.zerodep.shaded.org.apache.hc.client5.http.impl.classic.InternalHttpClient -- ep-0000000001 endpoint connected
01:03:16.741 [Test worker] DEBUG com.github.dockerjava.zerodep.shaded.org.apache.hc.client5.http.impl.classic.MainClientExec -- ex-0000000001 executing GET /v1.44/_ping
01:03:16.741 [Test worker] DEBUG com.github.dockerjava.zerodep.shaded.org.apache.hc.client5.http.protocol.RequestAddCookies -- ex-0000000001 Cookie spec selected: strict
01:03:16.745 [Test worker] DEBUG com.github.dockerjava.zerodep.shaded.org.apache.hc.client5.http.impl.classic.InternalHttpClient -- ep-0000000001 start execution ex-0000000001
01:03:16.745 [Test worker] DEBUG com.github.dockerjava.zerodep.shaded.org.apache.hc.client5.http.impl.io.PoolingHttpClientConnectionManager -- ep-0000000001 executing exchange ex-0000000001 over http-outgoing-0
01:03:16.746 [Test worker] DEBUG com.github.dockerjava.zerodep.shaded.org.apache.hc.client5.http.headers -- http-outgoing-0 >> GET /v1.44/_ping HTTP/1.1
01:03:16.746 [Test worker] DEBUG com.github.dockerjava.zerodep.shaded.org.apache.hc.client5.http.headers -- http-outgoing-0 >> x-tc-sid: 5f088259-da87-42a6-8678-6551656e1136
01:03:16.746 [Test worker] DEBUG com.github.dockerjava.zerodep.shaded.org.apache.hc.client5.http.headers -- http-outgoing-0 >> User-Agent: tc-java/2.0.4
01:03:16.746 [Test worker] DEBUG com.github.dockerjava.zerodep.shaded.org.apache.hc.client5.http.headers -- http-outgoing-0 >> Accept-Encoding: gzip, x-gzip, deflate
01:03:16.746 [Test worker] DEBUG com.github.dockerjava.zerodep.shaded.org.apache.hc.client5.http.headers -- http-outgoing-0 >> Host: localhost:2375
01:03:16.746 [Test worker] DEBUG com.github.dockerjava.zerodep.shaded.org.apache.hc.client5.http.headers -- http-outgoing-0 >> Connection: keep-alive
01:03:16.746 [Test worker] DEBUG com.github.dockerjava.zerodep.shaded.org.apache.hc.client5.http.wire -- http-outgoing-0 >> "GET /v1.44/_ping HTTP/1.1[\r][\n]"
01:03:16.746 [Test worker] DEBUG com.github.dockerjava.zerodep.shaded.org.apache.hc.client5.http.wire -- http-outgoing-0 >> "x-tc-sid: 5f088259-da87-42a6-8678-6551656e1136[\r][\n]"
01:03:16.747 [Test worker] DEBUG com.github.dockerjava.zerodep.shaded.org.apache.hc.client5.http.wire -- http-outgoing-0 >> "User-Agent: tc-java/2.0.4[\r][\n]"
01:03:16.747 [Test worker] DEBUG com.github.dockerjava.zerodep.shaded.org.apache.hc.client5.http.wire -- http-outgoing-0 >> "Accept-Encoding: gzip, x-gzip, deflate[\r][\n]"
01:03:16.747 [Test worker] DEBUG com.github.dockerjava.zerodep.shaded.org.apache.hc.client5.http.wire -- http-outgoing-0 >> "Host: localhost:2375[\r][\n]"
01:03:16.747 [Test worker] DEBUG com.github.dockerjava.zerodep.shaded.org.apache.hc.client5.http.wire -- http-outgoing-0 >> "Connection: keep-alive[\r][\n]"
01:03:16.747 [Test worker] DEBUG com.github.dockerjava.zerodep.shaded.org.apache.hc.client5.http.wire -- http-outgoing-0 >> "[\r][\n]"
01:03:16.750 [Test worker] DEBUG com.github.dockerjava.zerodep.shaded.org.apache.hc.client5.http.wire -- http-outgoing-0 << "HTTP/1.1 200 OK[\r][\n]"
01:03:16.750 [Test worker] DEBUG com.github.dockerjava.zerodep.shaded.org.apache.hc.client5.http.wire -- http-outgoing-0 << "Api-Version: 1.54[\r][\n]"
01:03:16.750 [Test worker] DEBUG com.github.dockerjava.zerodep.shaded.org.apache.hc.client5.http.wire -- http-outgoing-0 << "Builder-Version: 2[\r][\n]"
01:03:16.750 [Test worker] DEBUG com.github.dockerjava.zerodep.shaded.org.apache.hc.client5.http.wire -- http-outgoing-0 << "Cache-Control: no-cache, no-store, must-revalidate[\r][\n]"
01:03:16.750 [Test worker] DEBUG com.github.dockerjava.zerodep.shaded.org.apache.hc.client5.http.wire -- http-outgoing-0 << "Content-Type: text/plain; charset=utf-8[\r][\n]"
01:03:16.750 [Test worker] DEBUG com.github.dockerjava.zerodep.shaded.org.apache.hc.client5.http.wire -- http-outgoing-0 << "Date: Tue, 14 Apr 2026 23:03:16 GMT[\r][\n]"
01:03:16.750 [Test worker] DEBUG com.github.dockerjava.zerodep.shaded.org.apache.hc.client5.http.wire -- http-outgoing-0 << "Docker-Experimental: false[\r][\n]"
01:03:16.750 [Test worker] DEBUG com.github.dockerjava.zerodep.shaded.org.apache.hc.client5.http.wire -- http-outgoing-0 << "Ostype: linux[\r][\n]"
01:03:16.750 [Test worker] DEBUG com.github.dockerjava.zerodep.shaded.org.apache.hc.client5.http.wire -- http-outgoing-0 << "Pragma: no-cache[\r][\n]"
01:03:16.750 [Test worker] DEBUG com.github.dockerjava.zerodep.shaded.org.apache.hc.client5.http.wire -- http-outgoing-0 << "Server: Docker/29.4.0 (linux)[\r][\n]"
01:03:16.750 [Test worker] DEBUG com.github.dockerjava.zerodep.shaded.org.apache.hc.client5.http.wire -- http-outgoing-0 << "Swarm: inactive[\r][\n]"
01:03:16.750 [Test worker] DEBUG com.github.dockerjava.zerodep.shaded.org.apache.hc.client5.http.wire -- http-outgoing-0 << "Transfer-Encoding: chunked[\r][\n]"
01:03:16.750 [Test worker] DEBUG com.github.dockerjava.zerodep.shaded.org.apache.hc.client5.http.wire -- http-outgoing-0 << "[\r][\n]"
01:03:16.752 [Test worker] DEBUG com.github.dockerjava.zerodep.shaded.org.apache.hc.client5.http.headers -- http-outgoing-0 << HTTP/1.1 200 OK
01:03:16.752 [Test worker] DEBUG com.github.dockerjava.zerodep.shaded.org.apache.hc.client5.http.headers -- http-outgoing-0 << Api-Version: 1.54
01:03:16.752 [Test worker] DEBUG com.github.dockerjava.zerodep.shaded.org.apache.hc.client5.http.headers -- http-outgoing-0 << Builder-Version: 2
01:03:16.752 [Test worker] DEBUG com.github.dockerjava.zerodep.shaded.org.apache.hc.client5.http.headers -- http-outgoing-0 << Cache-Control: no-cache, no-store, must-revalidate
01:03:16.752 [Test worker] DEBUG com.github.dockerjava.zerodep.shaded.org.apache.hc.client5.http.headers -- http-outgoing-0 << Content-Type: text/plain; charset=utf-8
01:03:16.752 [Test worker] DEBUG com.github.dockerjava.zerodep.shaded.org.apache.hc.client5.http.headers -- http-outgoing-0 << Date: Tue, 14 Apr 2026 23:03:16 GMT
01:03:16.752 [Test worker] DEBUG com.github.dockerjava.zerodep.shaded.org.apache.hc.client5.http.headers -- http-outgoing-0 << Docker-Experimental: false
01:03:16.752 [Test worker] DEBUG com.github.dockerjava.zerodep.shaded.org.apache.hc.client5.http.headers -- http-outgoing-0 << Ostype: linux
01:03:16.752 [Test worker] DEBUG com.github.dockerjava.zerodep.shaded.org.apache.hc.client5.http.headers -- http-outgoing-0 << Pragma: no-cache
01:03:16.752 [Test worker] DEBUG com.github.dockerjava.zerodep.shaded.org.apache.hc.client5.http.headers -- http-outgoing-0 << Server: Docker/29.4.0 (linux)
01:03:16.752 [Test worker] DEBUG com.github.dockerjava.zerodep.shaded.org.apache.hc.client5.http.headers -- http-outgoing-0 << Swarm: inactive
01:03:16.752 [Test worker] DEBUG com.github.dockerjava.zerodep.shaded.org.apache.hc.client5.http.headers -- http-outgoing-0 << Transfer-Encoding: chunked
01:03:16.755 [Test worker] DEBUG com.github.dockerjava.zerodep.shaded.org.apache.hc.client5.http.impl.classic.MainClientExec -- ex-0000000001 connection can be kept alive for 3 MINUTES
01:03:16.756 [Test worker] DEBUG com.github.dockerjava.zerodep.shaded.org.apache.hc.client5.http.wire -- http-outgoing-0 << "2[\r][\n]"
01:03:16.756 [Test worker] DEBUG com.github.dockerjava.zerodep.shaded.org.apache.hc.client5.http.wire -- http-outgoing-0 << "OK[\r][\n]"
01:03:16.756 [Test worker] DEBUG com.github.dockerjava.zerodep.shaded.org.apache.hc.client5.http.wire -- http-outgoing-0 << "0[\r][\n]"
01:03:16.757 [Test worker] DEBUG com.github.dockerjava.zerodep.shaded.org.apache.hc.client5.http.wire -- http-outgoing-0 << "[\r][\n]"
01:03:16.757 [Test worker] DEBUG com.github.dockerjava.zerodep.shaded.org.apache.hc.client5.http.impl.classic.InternalHttpClient -- ep-0000000001 releasing valid endpoint
01:03:16.757 [Test worker] DEBUG com.github.dockerjava.zerodep.shaded.org.apache.hc.client5.http.impl.io.PoolingHttpClientConnectionManager -- ep-0000000001 releasing endpoint
01:03:16.757 [Test worker] DEBUG com.github.dockerjava.zerodep.shaded.org.apache.hc.client5.http.impl.io.PoolingHttpClientConnectionManager -- ep-0000000001 connection http-outgoing-0 can be kept alive for 3 MINUTES
01:03:16.757 [Test worker] DEBUG com.github.dockerjava.zerodep.shaded.org.apache.hc.client5.http.impl.io.PoolingHttpClientConnectionManager -- ep-0000000001 connection released [route: {}->[npipe://localhost:2375]][total available: 1; route allocated: 1 of 2147483647; total allocated: 1 of 2147483647]
01:03:16.758 [Test worker] DEBUG org.testcontainers.shaded.com.github.dockerjava.core.command.AbstrDockerCmd -- Cmd: 
01:03:16.758 [Test worker] DEBUG com.github.dockerjava.zerodep.shaded.org.apache.hc.client5.http.impl.classic.InternalHttpClient -- ex-0000000002 preparing request execution
01:03:16.759 [Test worker] DEBUG com.github.dockerjava.zerodep.shaded.org.apache.hc.client5.http.impl.classic.ProtocolExec -- ex-0000000002 target auth state: UNCHALLENGED
01:03:16.759 [Test worker] DEBUG com.github.dockerjava.zerodep.shaded.org.apache.hc.client5.http.impl.classic.ProtocolExec -- ex-0000000002 proxy auth state: UNCHALLENGED
01:03:16.759 [Test worker] DEBUG com.github.dockerjava.zerodep.shaded.org.apache.hc.client5.http.impl.classic.ConnectExec -- ex-0000000002 acquiring connection with route {}->[npipe://localhost:2375]
01:03:16.759 [Test worker] DEBUG com.github.dockerjava.zerodep.shaded.org.apache.hc.client5.http.impl.classic.InternalHttpClient -- ex-0000000002 acquiring endpoint (3 MINUTES)
01:03:16.759 [Test worker] DEBUG com.github.dockerjava.zerodep.shaded.org.apache.hc.client5.http.impl.io.PoolingHttpClientConnectionManager -- ex-0000000002 endpoint lease request (3 MINUTES) [route: {}->[npipe://localhost:2375]][total available: 1; route allocated: 1 of 2147483647; total allocated: 1 of 2147483647]
01:03:16.759 [Test worker] DEBUG com.github.dockerjava.zerodep.shaded.org.apache.hc.client5.http.impl.io.PoolingHttpClientConnectionManager -- ex-0000000002 endpoint leased [route: {}->[npipe://localhost:2375]][total available: 0; route allocated: 1 of 2147483647; total allocated: 1 of 2147483647]
01:03:16.759 [Test worker] DEBUG com.github.dockerjava.zerodep.shaded.org.apache.hc.client5.http.impl.io.PoolingHttpClientConnectionManager -- ex-0000000002 acquired ep-0000000002
01:03:16.759 [Test worker] DEBUG com.github.dockerjava.zerodep.shaded.org.apache.hc.client5.http.impl.classic.InternalHttpClient -- ex-0000000002 acquired endpoint ep-0000000002
01:03:16.759 [Test worker] DEBUG com.github.dockerjava.zerodep.shaded.org.apache.hc.client5.http.impl.classic.MainClientExec -- ex-0000000002 executing GET /v1.44/info
01:03:16.759 [Test worker] DEBUG com.github.dockerjava.zerodep.shaded.org.apache.hc.client5.http.protocol.RequestAddCookies -- ex-0000000002 Cookie spec selected: strict
01:03:16.760 [Test worker] DEBUG com.github.dockerjava.zerodep.shaded.org.apache.hc.client5.http.impl.classic.InternalHttpClient -- ep-0000000002 start execution ex-0000000002
01:03:16.760 [Test worker] DEBUG com.github.dockerjava.zerodep.shaded.org.apache.hc.client5.http.impl.io.PoolingHttpClientConnectionManager -- ep-0000000002 executing exchange ex-0000000002 over http-outgoing-0
01:03:16.760 [Test worker] DEBUG com.github.dockerjava.zerodep.shaded.org.apache.hc.client5.http.headers -- http-outgoing-0 >> GET /v1.44/info HTTP/1.1
01:03:16.760 [Test worker] DEBUG com.github.dockerjava.zerodep.shaded.org.apache.hc.client5.http.headers -- http-outgoing-0 >> x-tc-sid: 5f088259-da87-42a6-8678-6551656e1136
01:03:16.760 [Test worker] DEBUG com.github.dockerjava.zerodep.shaded.org.apache.hc.client5.http.headers -- http-outgoing-0 >> User-Agent: tc-java/2.0.4
01:03:16.760 [Test worker] DEBUG com.github.dockerjava.zerodep.shaded.org.apache.hc.client5.http.headers -- http-outgoing-0 >> Accept-Encoding: gzip, x-gzip, deflate
01:03:16.760 [Test worker] DEBUG com.github.dockerjava.zerodep.shaded.org.apache.hc.client5.http.headers -- http-outgoing-0 >> Host: localhost:2375
01:03:16.760 [Test worker] DEBUG com.github.dockerjava.zerodep.shaded.org.apache.hc.client5.http.headers -- http-outgoing-0 >> Connection: keep-alive
01:03:16.760 [Test worker] DEBUG com.github.dockerjava.zerodep.shaded.org.apache.hc.client5.http.wire -- http-outgoing-0 >> "GET /v1.44/info HTTP/1.1[\r][\n]"
01:03:16.760 [Test worker] DEBUG com.github.dockerjava.zerodep.shaded.org.apache.hc.client5.http.wire -- http-outgoing-0 >> "x-tc-sid: 5f088259-da87-42a6-8678-6551656e1136[\r][\n]"
01:03:16.760 [Test worker] DEBUG com.github.dockerjava.zerodep.shaded.org.apache.hc.client5.http.wire -- http-outgoing-0 >> "User-Agent: tc-java/2.0.4[\r][\n]"
01:03:16.760 [Test worker] DEBUG com.github.dockerjava.zerodep.shaded.org.apache.hc.client5.http.wire -- http-outgoing-0 >> "Accept-Encoding: gzip, x-gzip, deflate[\r][\n]"
01:03:16.760 [Test worker] DEBUG com.github.dockerjava.zerodep.shaded.org.apache.hc.client5.http.wire -- http-outgoing-0 >> "Host: localhost:2375[\r][\n]"
01:03:16.761 [Test worker] DEBUG com.github.dockerjava.zerodep.shaded.org.apache.hc.client5.http.wire -- http-outgoing-0 >> "Connection: keep-alive[\r][\n]"
01:03:16.761 [Test worker] DEBUG com.github.dockerjava.zerodep.shaded.org.apache.hc.client5.http.wire -- http-outgoing-0 >> "[\r][\n]"
01:03:16.767 [Test worker] DEBUG com.github.dockerjava.zerodep.shaded.org.apache.hc.client5.http.wire -- http-outgoing-0 << "HTTP/1.1 200 OK[\r][\n]"
01:03:16.767 [Test worker] DEBUG com.github.dockerjava.zerodep.shaded.org.apache.hc.client5.http.wire -- http-outgoing-0 << "Api-Version: 1.54[\r][\n]"
01:03:16.767 [Test worker] DEBUG com.github.dockerjava.zerodep.shaded.org.apache.hc.client5.http.wire -- http-outgoing-0 << "Content-Type: application/json[\r][\n]"
01:03:16.767 [Test worker] DEBUG com.github.dockerjava.zerodep.shaded.org.apache.hc.client5.http.wire -- http-outgoing-0 << "Date: Tue, 14 Apr 2026 23:03:16 GMT[\r][\n]"
01:03:16.767 [Test worker] DEBUG com.github.dockerjava.zerodep.shaded.org.apache.hc.client5.http.wire -- http-outgoing-0 << "Docker-Experimental: false[\r][\n]"
01:03:16.767 [Test worker] DEBUG com.github.dockerjava.zerodep.shaded.org.apache.hc.client5.http.wire -- http-outgoing-0 << "Ostype: linux[\r][\n]"
01:03:16.767 [Test worker] DEBUG com.github.dockerjava.zerodep.shaded.org.apache.hc.client5.http.wire -- http-outgoing-0 << "Server: Docker/29.4.0 (linux)[\r][\n]"
01:03:16.767 [Test worker] DEBUG com.github.dockerjava.zerodep.shaded.org.apache.hc.client5.http.wire -- http-outgoing-0 << "Transfer-Encoding: chunked[\r][\n]"
01:03:16.768 [Test worker] DEBUG com.github.dockerjava.zerodep.shaded.org.apache.hc.client5.http.wire -- http-outgoing-0 << "[\r][\n]"
01:03:16.768 [Test worker] DEBUG com.github.dockerjava.zerodep.shaded.org.apache.hc.client5.http.headers -- http-outgoing-0 << HTTP/1.1 200 OK
01:03:16.768 [Test worker] DEBUG com.github.dockerjava.zerodep.shaded.org.apache.hc.client5.http.headers -- http-outgoing-0 << Api-Version: 1.54
01:03:16.768 [Test worker] DEBUG com.github.dockerjava.zerodep.shaded.org.apache.hc.client5.http.headers -- http-outgoing-0 << Content-Type: application/json
01:03:16.768 [Test worker] DEBUG com.github.dockerjava.zerodep.shaded.org.apache.hc.client5.http.headers -- http-outgoing-0 << Date: Tue, 14 Apr 2026 23:03:16 GMT
01:03:16.768 [Test worker] DEBUG com.github.dockerjava.zerodep.shaded.org.apache.hc.client5.http.headers -- http-outgoing-0 << Docker-Experimental: false
01:03:16.768 [Test worker] DEBUG com.github.dockerjava.zerodep.shaded.org.apache.hc.client5.http.headers -- http-outgoing-0 << Ostype: linux
01:03:16.768 [Test worker] DEBUG com.github.dockerjava.zerodep.shaded.org.apache.hc.client5.http.headers -- http-outgoing-0 << Server: Docker/29.4.0 (linux)
01:03:16.768 [Test worker] DEBUG com.github.dockerjava.zerodep.shaded.org.apache.hc.client5.http.headers -- http-outgoing-0 << Transfer-Encoding: chunked
01:03:16.768 [Test worker] DEBUG com.github.dockerjava.zerodep.shaded.org.apache.hc.client5.http.impl.classic.MainClientExec -- ex-0000000002 connection can be kept alive for 3 MINUTES
01:03:16.768 [Test worker] DEBUG com.github.dockerjava.zerodep.shaded.org.apache.hc.client5.http.wire -- http-outgoing-0 << "300a[\r][\n]"
01:03:16.769 [Test worker] DEBUG com.github.dockerjava.zerodep.shaded.org.apache.hc.client5.http.wire -- http-outgoing-0 << "{"ID":"b513a1b7-959f-4955-af3d-e14c3dd98b0f","Containers":0,"ContainersRunning":0,"ContainersPaused":0,"ContainersStopped":0,"Images":4,"Driver":"overlayfs","DriverStatus":[["driver-type","io.containerd.snapshotter.v1"]],"Plugins":{"Volume":["local"],"Network":["bridge","host","ipvlan","macvlan","null","overlay"],"Authorization":null,"Log":["awslogs","fluentd","gcplogs","gelf","journald","json-file","local","splunk","syslog"]},"MemoryLimit":true,"SwapLimit":true,"CpuCfsPeriod":true,"CpuCfsQuota":true,"CPUShares":true,"CPUSet":true,"PidsLimit":true,"IPv4Forwarding":true,"Debug":false,"NFd":46,"OomKillDisable":false,"NGoroutines":86,"SystemTime":"2026-04-14T23:03:16.762454612Z","LoggingDriver":"json-file","CgroupDriver":"cgroupfs","CgroupVersion":"2","NEventsListener":14,"KernelVersion":"6.6.87.2-microsoft-standard-WSL2","OperatingSystem":"Docker Desktop","OSVersion":"","OSType":"linux","Architecture":"x86_64","IndexServerAddress":"https://index.docker.io/v1/","RegistryConfig":{"InsecureRegistryCIDRs":["::1/128","127.0.0.0/8"],"IndexConfigs":{"docker.io":{"Name":"docker.io","Mirrors":[],"Secure":true,"Official":true},"hubproxy.docker.internal:5555":{"Name":"hubproxy.docker.internal:5555","Mirrors":[],"Secure":false,"Official":false}},"Mirrors":[]},"NCPU":4,"MemTotal":8329076736,"GenericResources":null,"DockerRootDir":"/var/lib/docker","HttpProxy":"http.docker.internal:3128","HttpsProxy":"http.docker.internal:3128","NoProxy":"hubproxy.docker.internal","Name":"docker-desktop","Labels":["com.docker.desktop.address=npipe://\\\\.\\pipe\\docker_cli"],"ExperimentalBuild":false,"ServerVersion":"29.4.0","Runtimes":{"io.containerd.runc.v2":{"path":"runc","status":{"org.opencontainers.runtime-spec.features":"{\"ociVersionMin\":\"1.0.0\",\"ociVersionMax\":\"1.2.1\",\"hooks\":[\"prestart\",\"createRuntime\",\"createContainer\",\"startContainer\",\"poststart\",\"poststop\"],\"mountOptions\":[\"async\",\"atime\",\"bind\",\"defaults\",\"dev\",\"diratime\",\"dirsync\",\"exec\",\"iversion\",\"lazytime\",\"loud\",\"mand\",\"noatime\",\"nodev\",\"nodiratime\",\"noexec\",\"noiversion\",\"nolazytime\",\"nomand\",\"norelatime\",\"nostrictatime\",\"nosuid\",\"nosymfollow\",\"private\",\"ratime\",\"rbind\",\"rdev\",\"rdiratime\",\"relatime\",\"remount\",\"rexec\",\"rnoatime\",\"rnodev\",\"rnodiratime\",\"rnoexec\",\"rnorelatime\",\"rnostrictatime\",\"rnosuid\",\"rnosymfollow\",\"ro\",\"rprivate\",\"rrelatime\",\"rro\",\"rrw\",\"rshared\",\"rslave\",\"rstrictatime\",\"rsuid\",\"rsymfollow\",\"runbindable\",\"rw\",\"shared\",\"silent\",\"slave\",\"strictatime\",\"suid\",\"symfollow\",\"sync\",\"tmpcopyup\",\"unbindable\"],\"linux\":{\"namespaces\":[\"cgroup\",\"ipc\",\"mount\",\"network\",\"pid\",\"time\",\"user\",\"uts\"],\"capabilities\":[\"CAP_CHOWN\",\"CAP_DAC_OVERRIDE\",\"CAP_DAC_READ_SEARCH\",\"CAP_FOWNER\",\"CAP_FSETID\",\"CAP_KILL\",\"CAP_SETGID\",\"CAP_SETUID\",\"CAP_SETPCAP\",\"CAP_LINUX_IMMUTABLE\",\"CAP_NET_BIND_SERVICE\",\"CAP_NET_BROADCAST\",\"CAP_NET_ADMIN\",\"CAP_NET_RAW\",\"CAP_IPC_LOCK\",\"CAP_IPC_OWNER\",\"CAP_SYS_MODULE\",\"CAP_SYS_RAWIO\",\"CAP_SYS_CHROOT\",\"CAP_SYS_PTRACE\",\"CAP_SYS_PACCT\",\"CAP_SYS_ADMIN\",\"CAP_SYS_BOOT\",\"CAP_SYS_NICE\",\"CAP_SYS_RESOURCE\",\"CAP_SYS_TIME\",\"CAP_SYS_TTY_CONFIG\",\"CAP_MKNOD\",\"CAP_LEASE\",\"CAP_AUDIT_WRITE\",\"CAP_AUDIT_CONTROL\",\"CAP_SETFCAP\",\"CAP_MAC_OVERRIDE\",\"CAP_MAC_ADMIN\",\"CAP_SYSLOG\",\"CAP_WAKE_ALARM\",\"CAP_BLOCK_SUSPEND\",\"CAP_AUDIT_READ\",\"CAP_PERFMON\",\"CAP_BPF\",\"CAP_CHECKPOINT_RESTORE\"],\"cgroup\":{\"v1\":true,\"v2\":true,\"systemd\":true,\"systemdUser\":true,\"rdma\":true},\"seccomp\":{\"enabled\":true,\"actions\":[\"SCMP_ACT_ALLOW\",\"SCMP_ACT_ERRNO\",\"SCMP_ACT_KILL\",\"SCMP_ACT_KILL_PROCESS\",\"SCMP_ACT_KILL_THREAD\",\"SCMP_ACT_LOG\",\"SCMP_ACT_NOTIFY\",\"SCMP_ACT_TRACE\",\"SCMP_ACT_TRAP\"],\"operators\":[\"SCMP_CMP_EQ\",\"SCMP_CMP_GE\",\"SCMP_CMP_GT\",\"SCMP_CMP_LE\",\"SCMP_CMP_LT\",\"SCMP_CMP_MASKED_EQ\",\"SCMP_CMP_NE\"],\"archs\":[\"SCMP_ARCH_AARCH64\",\"SCMP_ARCH_ARM\",\"SCMP_ARCH_MIPS\",\"SCMP_ARCH_MIPS64\",\"SCMP_ARCH_MIPS64N32\",\"SCMP_ARCH_MIPSEL\",\"SCMP_ARCH_MIPSEL64\",\"SCMP_ARCH_MIPSEL64N32\",\"SCMP_ARCH_PPC\",\"SCMP_ARCH_PPC64\",\"SCMP_ARCH_PPC64LE\",\"SCMP_ARCH_RISCV64\",\"SCMP_ARCH_S390\",\"SCMP_ARCH_S390X\",\"SCMP_ARCH_X32\",\"SCMP_ARCH_X86\",\"SCMP_ARCH_X86_64\"],\"knownFlags\":[\"SECCOMP_FILTER_FLAG_TSYNC\",\"SECCOMP_FILTER_FLAG_SPEC_ALLOW\",\"SECCOMP_FILTER_FLAG_LOG\"],\"supportedFlags\":[\"SECCOMP_FILTER_FLAG_TSYNC\",\"SECCOMP_FILTER_FLAG_SPEC_ALLOW\",\"SECCOMP_FILTER_FLAG_LOG\"]},\"apparmor\":{\"enabled\":true},\"selinux\":{\"enabled\":true},\"intelRdt\":{\"enabled\":true},\"mountExtensions\":{\"idmap\":{\"enabled\":true}}},\"annotations\":{\"io.github.seccomp.libseccomp.version\":\"2.5.4\",\"org.opencontainers.runc.checkpoint.enabled\":\"true\",\"org.opencontainers.runc.commit\":\"v1.3.4-0-gd6d73eb8\",\"org.opencontainers.runc.version\":\"1.3.4\\n\"},\"potentiallyUnsafeConfigAnnotations\":[\"bundle\",\"org.systemd.property.\",\"org.criu.config\"]}"}},"nvidia":{"path":"nvidia-container-runtime","status":{"org.opencontainers.runtime-spec.features":"{\"ociVersionMin\":\"1.0.0\",\"ociVersionMax\":\"1.2.1\",\"hooks\":[\"prestart\",\"createRuntime\",\"createContainer\",\"startContainer\",\"poststart\",\"poststop\"],\"mountOptions\":[\"async\",\"atime\",\"bind\",\"defaults\",\"dev\",\"diratime\",\"dirsync\",\"exec\",\"iversion\",\"lazytime\",\"loud\",\"mand\",\"noatime\",\"nodev\",\"nodiratime\",\"noexec\",\"noiversion\",\"nolazytime\",\"nomand\",\"norelatime\",\"nostrictatime\",\"nosuid\",\"nosymfollow\",\"private\",\"ratime\",\"rbind\",\"rdev\",\"rdiratime\",\"relatime\",\"remount\",\"rexec\",\"rnoatime\",\"rnodev\",\"rnodiratime\",\"rnoexec\",\"rnorelatime\",\"rnostrictatime\",\"rnosuid\",\"rnosymfollow\",\"ro\",\"rprivate\",\"rrelatime\",\"rro\",\"rrw\",\"rshared\",\"rslave\",\"rstrictatime\",\"rsuid\",\"rsymfollow\",\"runbindable\",\"rw\",\"shared\",\"silent\",\"slave\",\"strictatime\",\"suid\",\"symfollow\",\"sync\",\"tmpcopyup\",\"unbindable\"],\"linux\":{\"namespaces\":[\"cgroup\",\"ipc\",\"mount\",\"network\",\"pid\",\"time\",\"user\",\"uts\"],\"capabilities\":[\"CAP_CHOWN\",\"CAP_DAC_OVERRIDE\",\"CAP_DAC_READ_SEARCH\",\"CAP_FOWNER\",\"CAP_FSETID\",\"CAP_KILL\",\"CAP_SETGID\",\"CAP_SETUID\",\"CAP_SETPCAP\",\"CAP_LINUX_IMMUTABLE\",\"CAP_NET_BIND_SERVICE\",\"CAP_NET_BROADCAST\",\"CAP_NET_ADMIN\",\"CAP_NET_RAW\",\"CAP_IPC_LOCK\",\"CAP_IPC_OWNER\",\"CAP_SYS_MODULE\",\"CAP_SYS_RAWIO\",\"CAP_SYS_CHROOT\",\"CAP_SYS_PTRACE\",\"CAP_SYS_PACCT\",\"CAP_SYS_ADMIN\",\"CAP_SYS_BOOT\",\"CAP_SYS_NICE\",\"CAP_SYS_RESOURCE\",\"CAP_SYS_TIME\",\"CAP_SYS_TTY_CONFIG\",\"CAP_MKNOD\",\"CAP_LEASE\",\"CAP_AUDIT_WRITE\",\"CAP_AUDIT_CONTROL\",\"CAP_SETFCAP\",\"CAP_MAC_OVERRIDE\",\"CAP_MAC_ADMIN\",\"CAP_SYSLOG\",\"CAP_WAKE_ALARM\",\"CAP_BLOCK_SUSPEND\",\"CAP_AUDIT_READ\",\"CAP_PERFMON\",\"CAP_BPF\",\"CAP_CHECKPOINT_RESTORE\"],\"cgroup\":{\"v1\":true,\"v2\":true,\"systemd\":true,\"systemdUser\":true,\"rdma\":true},\"seccomp\":{\"enabled\":true,\"actions\":[\"SCMP_ACT_ALLOW\",\"SCMP_ACT_ERRNO\",\"SCMP_ACT_KILL\",\"SCMP_ACT_KILL_PROCESS\",\"SCMP_ACT_KILL_THREAD\",\"SCMP_ACT_LOG\",\"SCMP_ACT_NOTIFY\",\"SCMP_ACT_TRACE\",\"SCMP_ACT_TRAP\"],\"operators\":[\"SCMP_CMP_EQ\",\"SCMP_CMP_GE\",\"SCMP_CMP_GT\",\"SCMP_CMP_LE\",\"SCMP_CMP_LT\",\"SCMP_CMP_MASKED_EQ\",\"SCMP_CMP_NE\"],\"archs\":[\"SCMP_ARCH_AARCH64\",\"SCMP_ARCH_ARM\",\"SCMP_ARCH_MIPS\",\"SCMP_ARCH_MIPS64\",\"SCMP_ARCH_MIPS64N32\",\"SCMP_ARCH_MIPSEL\",\"SCMP_ARCH_MIPSEL64\",\"SCMP_ARCH_MIPSEL64N32\",\"SCMP_ARCH_PPC\",\"SCMP_ARCH_PPC64\",\"SCMP_ARCH_PPC64LE\",\"SCMP_ARCH_RISCV64\",\"SCMP_ARCH_S390\",\"SCMP_ARCH_S390X\",\"SCMP_ARCH_X32\",\"SCMP_ARCH_X86\",\"SCMP_ARCH_X86_64\"],\"knownFlags\":[\"SECCOMP_FILTER_FLAG_TSYNC\",\"SECCOMP_FILTER_FLAG_SPEC_ALLOW\",\"SECCOMP_FILTER_FLAG_LOG\"],\"supportedFlags\":[\"SECCOMP_FILTER_FLAG_TSYNC\",\"SECCOMP_FILTER_FLAG_SPEC_ALLOW\",\"SECCOMP_FILTER_FLAG_LOG\"]},\"apparmor\":{\"enabled\":true},\"selinux\":{\"enabled\":true},\"intelRdt\":{\"enabled\":true},\"mountExtensions\":{\"idmap\":{\"enabled\":true}}},\"annotations\":{\"io.github.seccomp.libseccomp.version\":\"2.5.4\",\"org.opencontain"
01:03:16.803 [Test worker] DEBUG com.github.dockerjava.zerodep.shaded.org.apache.hc.client5.http.wire -- http-outgoing-0 << "ers.runc.checkpoint.enabled\":\"true\",\"org.opencontainers.runc.commit\":\"v1.3.4-0-gd6d73eb8\",\"org.opencontainers.runc.version\":\"1.3.4\\n\"},\"potentiallyUnsafeConfigAnnotations\":[\"bundle\",\"org.systemd.property.\",\"org.criu.config\"]}"}},"runc":{"path":"runc","status":{"org.opencontainers.runtime-spec.features":"{\"ociVersionMin\":\"1.0.0\",\"ociVersionMax\":\"1.2.1\",\"hooks\":[\"prestart\",\"createRuntime\",\"createContainer\",\"startContainer\",\"poststart\",\"poststop\"],\"mountOptions\":[\"async\",\"atime\",\"bind\",\"defaults\",\"dev\",\"diratime\",\"dirsync\",\"exec\",\"iversion\",\"lazytime\",\"loud\",\"mand\",\"noatime\",\"nodev\",\"nodiratime\",\"noexec\",\"noiversion\",\"nolazytime\",\"nomand\",\"norelatime\",\"nostrictatime\",\"nosuid\",\"nosymfollow\",\"private\",\"ratime\",\"rbind\",\"rdev\",\"rdiratime\",\"relatime\",\"remount\",\"rexec\",\"rnoatime\",\"rnodev\",\"rnodiratime\",\"rnoexec\",\"rnorelatime\",\"rnostrictatime\",\"rnosuid\",\"rnosymfollow\",\"ro\",\"rprivate\",\"rrelatime\",\"rro\",\"rrw\",\"rshared\",\"rslave\",\"rstrictatime\",\"rsuid\",\"rsymfollow\",\"runbindable\",\"rw\",\"shared\",\"silent\",\"slave\",\"strictatime\",\"suid\",\"symfollow\",\"sync\",\"tmpcopyup\",\"unbindable\"],\"linux\":{\"namespaces\":[\"cgroup\",\"ipc\",\"mount\",\"network\",\"pid\",\"time\",\"user\",\"uts\"],\"capabilities\":[\"CAP_CHOWN\",\"CAP_DAC_OVERRIDE\",\"CAP_DAC_READ_SEARCH\",\"CAP_FOWNER\",\"CAP_FSETID\",\"CAP_KILL\",\"CAP_SETGID\",\"CAP_SETUID\",\"CAP_SETPCAP\",\"CAP_LINUX_IMMUTABLE\",\"CAP_NET_BIND_SERVICE\",\"CAP_NET_BROADCAST\",\"CAP_NET_ADMIN\",\"CAP_NET_RAW\",\"CAP_IPC_LOCK\",\"CAP_IPC_OWNER\",\"CAP_SYS_MODULE\",\"CAP_SYS_RAWIO\",\"CAP_SYS_CHROOT\",\"CAP_SYS_PTRACE\",\"CAP_SYS_PACCT\",\"CAP_SYS_ADMIN\",\"CAP_SYS_BOOT\",\"CAP_SYS_NICE\",\"CAP_SYS_RESOURCE\",\"CAP_SYS_TIME\",\"CAP_SYS_TTY_CONFIG\",\"CAP_MKNOD\",\"CAP_LEASE\",\"CAP_AUDIT_WRITE\",\"CAP_AUDIT_CONTROL\",\"CAP_SETFCAP\",\"CAP_MAC_OVERRIDE\",\"CAP_MAC_ADMIN\",\"CAP_SYSLOG\",\"CAP_WAKE_ALARM\",\"CAP_BLOCK_SUSPEND\",\"CAP_AUDIT_READ\",\"CAP_PERFMON\",\"CAP_BPF\",\"CAP_CHECKPOINT_RESTORE\"],\"cgroup\":{\"v1\":true,\"v2\":true,\"systemd\":true,\"systemdUser\":true,\"rdma\":true},\"seccomp\":{\"enabled\":true,\"actions\":[\"SCMP_ACT_ALLOW\",\"SCMP_ACT_ERRNO\",\"SCMP_ACT_KILL\",\"SCMP_ACT_KILL_PROCESS\",\"SCMP_ACT_KILL_THREAD\",\"SCMP_ACT_LOG\",\"SCMP_ACT_NOTIFY\",\"SCMP_ACT_TRACE\",\"SCMP_ACT_TRAP\"],\"operators\":[\"SCMP_CMP_EQ\",\"SCMP_CMP_GE\",\"SCMP_CMP_GT\",\"SCMP_CMP_LE\",\"SCMP_CMP_LT\",\"SCMP_CMP_MASKED_EQ\",\"SCMP_CMP_NE\"],\"archs\":[\"SCMP_ARCH_AARCH64\",\"SCMP_ARCH_ARM\",\"SCMP_ARCH_MIPS\",\"SCMP_ARCH_MIPS64\",\"SCMP_ARCH_MIPS64N32\",\"SCMP_ARCH_MIPSEL\",\"SCMP_ARCH_MIPSEL64\",\"SCMP_ARCH_MIPSEL64N32\",\"SCMP_ARCH_PPC\",\"SCMP_ARCH_PPC64\",\"SCMP_ARCH_PPC64LE\",\"SCMP_ARCH_RISCV64\",\"SCMP_ARCH_S390\",\"SCMP_ARCH_S390X\",\"SCMP_ARCH_X32\",\"SCMP_ARCH_X86\",\"SCMP_ARCH_X86_64\"],\"knownFlags\":[\"SECCOMP_FILTER_FLAG_TSYNC\",\"SECCOMP_FILTER_FLAG_SPEC_ALLOW\",\"SECCOMP_FILTER_FLAG_LOG\"],\"supportedFlags\":[\"SECCOMP_FILTER_FLAG_TSYNC\",\"SECCOMP_FILTER_FLAG_SPEC_ALLOW\",\"SECCOMP_FILTER_FLAG_LOG\"]},\"apparmor\":{\"enabled\":true},\"selinux\":{\"enabled\":true},\"intelRdt\":{\"enabled\":true},\"mountExtensions\":{\"idmap\":{\"enabled\":true}}},\"annotations\":{\"io.github.seccomp.libseccomp.version\":\"2.5.4\",\"org.opencontainers.runc.checkpoint.enabled\":\"true\",\"org.opencontainers.runc.commit\":\"v1.3.4-0-gd6d73eb8\",\"org.opencontainers.runc.version\":\"1.3.4\\n\"},\"potentiallyUnsafeConfigAnnotations\":[\"bundle\",\"org.systemd.property.\",\"org.criu.config\"]}"}}},"DefaultRuntime":"runc","Swarm":{"NodeID":"","NodeAddr":"","LocalNodeState":"inactive","ControlAvailable":false,"Error":"","RemoteManagers":null},"LiveRestoreEnabled":false,"Isolation":"","InitBinary":"docker-init","ContainerdCommit":{"ID":"dea7da592f5d1d2b7755e3a161be07f43fad8f75"},"RuncCommit":{"ID":"v1.3.4-0-gd6d73eb8"},"InitCommit":{"ID":"de40ad0"},"SecurityOptions":["name=seccomp,profile=builtin","name=cgroupns"],"CDISpecDirs":["/etc/cdi","/var/run/cdi"],"Warnings":null}"
01:03:16.822 [Test worker] DEBUG com.github.dockerjava.zerodep.shaded.org.apache.hc.client5.http.wire -- http-outgoing-0 << "[\r][\n]"
01:03:16.823 [Test worker] DEBUG com.github.dockerjava.zerodep.shaded.org.apache.hc.client5.http.wire -- http-outgoing-0 << "0[\r][\n]"
01:03:16.823 [Test worker] DEBUG com.github.dockerjava.zerodep.shaded.org.apache.hc.client5.http.wire -- http-outgoing-0 << "[\r][\n]"
01:03:16.823 [Test worker] DEBUG com.github.dockerjava.zerodep.shaded.org.apache.hc.client5.http.impl.classic.InternalHttpClient -- ep-0000000002 releasing valid endpoint
01:03:16.823 [Test worker] DEBUG com.github.dockerjava.zerodep.shaded.org.apache.hc.client5.http.impl.io.PoolingHttpClientConnectionManager -- ep-0000000002 releasing endpoint
01:03:16.823 [Test worker] DEBUG com.github.dockerjava.zerodep.shaded.org.apache.hc.client5.http.impl.io.PoolingHttpClientConnectionManager -- ep-0000000002 connection http-outgoing-0 can be kept alive for 3 MINUTES
01:03:16.823 [Test worker] DEBUG com.github.dockerjava.zerodep.shaded.org.apache.hc.client5.http.impl.io.PoolingHttpClientConnectionManager -- ep-0000000002 connection released [route: {}->[npipe://localhost:2375]][total available: 1; route allocated: 1 of 2147483647; total allocated: 1 of 2147483647]
01:03:16.823 [Test worker] INFO org.testcontainers.dockerclient.DockerClientProviderStrategy -- Found Docker environment with local Npipe socket (npipe:////./pipe/docker_engine)
01:03:16.823 [Test worker] DEBUG org.testcontainers.dockerclient.DockerClientProviderStrategy -- Transport type: 'httpclient5', Docker host: 'npipe:////./pipe/docker_engine'
01:03:16.824 [Test worker] DEBUG org.testcontainers.dockerclient.DockerClientProviderStrategy -- Checking Docker OS type for local Npipe socket (npipe:////./pipe/docker_engine)
01:03:16.825 [Test worker] INFO org.testcontainers.DockerClientFactory -- Docker host IP address is localhost
01:03:16.825 [Test worker] DEBUG org.testcontainers.DockerClientFactory -- Docker info: {CDISpecDirs=[/etc/cdi, /var/run/cdi], NGoroutines=86, Name=docker-desktop, Swarm={NodeID=, NodeAddr=, LocalNodeState=inactive, ControlAvailable=false, Error=, RemoteManagers=null}, RuncCommit={ID=v1.3.4-0-gd6d73eb8}, OSVersion=, Runtimes={io.containerd.runc.v2={path=runc, status={org.opencontainers.runtime-spec.features={"ociVersionMin":"1.0.0","ociVersionMax":"1.2.1","hooks":["prestart","createRuntime","createContainer","startContainer","poststart","poststop"],"mountOptions":["async","atime","bind","defaults","dev","diratime","dirsync","exec","iversion","lazytime","loud","mand","noatime","nodev","nodiratime","noexec","noiversion","nolazytime","nomand","norelatime","nostrictatime","nosuid","nosymfollow","private","ratime","rbind","rdev","rdiratime","relatime","remount","rexec","rnoatime","rnodev","rnodiratime","rnoexec","rnorelatime","rnostrictatime","rnosuid","rnosymfollow","ro","rprivate","rrelatime","rro","rrw","rshared","rslave","rstrictatime","rsuid","rsymfollow","runbindable","rw","shared","silent","slave","strictatime","suid","symfollow","sync","tmpcopyup","unbindable"],"linux":{"namespaces":["cgroup","ipc","mount","network","pid","time","user","uts"],"capabilities":["CAP_CHOWN","CAP_DAC_OVERRIDE","CAP_DAC_READ_SEARCH","CAP_FOWNER","CAP_FSETID","CAP_KILL","CAP_SETGID","CAP_SETUID","CAP_SETPCAP","CAP_LINUX_IMMUTABLE","CAP_NET_BIND_SERVICE","CAP_NET_BROADCAST","CAP_NET_ADMIN","CAP_NET_RAW","CAP_IPC_LOCK","CAP_IPC_OWNER","CAP_SYS_MODULE","CAP_SYS_RAWIO","CAP_SYS_CHROOT","CAP_SYS_PTRACE","CAP_SYS_PACCT","CAP_SYS_ADMIN","CAP_SYS_BOOT","CAP_SYS_NICE","CAP_SYS_RESOURCE","CAP_SYS_TIME","CAP_SYS_TTY_CONFIG","CAP_MKNOD","CAP_LEASE","CAP_AUDIT_WRITE","CAP_AUDIT_CONTROL","CAP_SETFCAP","CAP_MAC_OVERRIDE","CAP_MAC_ADMIN","CAP_SYSLOG","CAP_WAKE_ALARM","CAP_BLOCK_SUSPEND","CAP_AUDIT_READ","CAP_PERFMON","CAP_BPF","CAP_CHECKPOINT_RESTORE"],"cgroup":{"v1":true,"v2":true,"systemd":true,"systemdUser":true,"rdma":true},"seccomp":{"enabled":true,"actions":["SCMP_ACT_ALLOW","SCMP_ACT_ERRNO","SCMP_ACT_KILL","SCMP_ACT_KILL_PROCESS","SCMP_ACT_KILL_THREAD","SCMP_ACT_LOG","SCMP_ACT_NOTIFY","SCMP_ACT_TRACE","SCMP_ACT_TRAP"],"operators":["SCMP_CMP_EQ","SCMP_CMP_GE","SCMP_CMP_GT","SCMP_CMP_LE","SCMP_CMP_LT","SCMP_CMP_MASKED_EQ","SCMP_CMP_NE"],"archs":["SCMP_ARCH_AARCH64","SCMP_ARCH_ARM","SCMP_ARCH_MIPS","SCMP_ARCH_MIPS64","SCMP_ARCH_MIPS64N32","SCMP_ARCH_MIPSEL","SCMP_ARCH_MIPSEL64","SCMP_ARCH_MIPSEL64N32","SCMP_ARCH_PPC","SCMP_ARCH_PPC64","SCMP_ARCH_PPC64LE","SCMP_ARCH_RISCV64","SCMP_ARCH_S390","SCMP_ARCH_S390X","SCMP_ARCH_X32","SCMP_ARCH_X86","SCMP_ARCH_X86_64"],"knownFlags":["SECCOMP_FILTER_FLAG_TSYNC","SECCOMP_FILTER_FLAG_SPEC_ALLOW","SECCOMP_FILTER_FLAG_LOG"],"supportedFlags":["SECCOMP_FILTER_FLAG_TSYNC","SECCOMP_FILTER_FLAG_SPEC_ALLOW","SECCOMP_FILTER_FLAG_LOG"]},"apparmor":{"enabled":true},"selinux":{"enabled":true},"intelRdt":{"enabled":true},"mountExtensions":{"idmap":{"enabled":true}}},"annotations":{"io.github.seccomp.libseccomp.version":"2.5.4","org.opencontainers.runc.checkpoint.enabled":"true","org.opencontainers.runc.commit":"v1.3.4-0-gd6d73eb8","org.opencontainers.runc.version":"1.3.4\n"},"potentiallyUnsafeConfigAnnotations":["bundle","org.systemd.property.","org.criu.config"]}}}, nvidia={path=nvidia-container-runtime, status={org.opencontainers.runtime-spec.features={"ociVersionMin":"1.0.0","ociVersionMax":"1.2.1","hooks":["prestart","createRuntime","createContainer","startContainer","poststart","poststop"],"mountOptions":["async","atime","bind","defaults","dev","diratime","dirsync","exec","iversion","lazytime","loud","mand","noatime","nodev","nodiratime","noexec","noiversion","nolazytime","nomand","norelatime","nostrictatime","nosuid","nosymfollow","private","ratime","rbind","rdev","rdiratime","relatime","remount","rexec","rnoatime","rnodev","rnodiratime","rnoexec","rnorelatime","rnostrictatime","rnosuid","rnosymfollow","ro","rprivate","rrelatime","rro","rrw","rshared","rslave","rstrictatime","rsuid","rsymfollow","runbindable","rw","shared","silent","slave","strictatime","suid","symfollow","sync","tmpcopyup","unbindable"],"linux":{"namespaces":["cgroup","ipc","mount","network","pid","time","user","uts"],"capabilities":["CAP_CHOWN","CAP_DAC_OVERRIDE","CAP_DAC_READ_SEARCH","CAP_FOWNER","CAP_FSETID","CAP_KILL","CAP_SETGID","CAP_SETUID","CAP_SETPCAP","CAP_LINUX_IMMUTABLE","CAP_NET_BIND_SERVICE","CAP_NET_BROADCAST","CAP_NET_ADMIN","CAP_NET_RAW","CAP_IPC_LOCK","CAP_IPC_OWNER","CAP_SYS_MODULE","CAP_SYS_RAWIO","CAP_SYS_CHROOT","CAP_SYS_PTRACE","CAP_SYS_PACCT","CAP_SYS_ADMIN","CAP_SYS_BOOT","CAP_SYS_NICE","CAP_SYS_RESOURCE","CAP_SYS_TIME","CAP_SYS_TTY_CONFIG","CAP_MKNOD","CAP_LEASE","CAP_AUDIT_WRITE","CAP_AUDIT_CONTROL","CAP_SETFCAP","CAP_MAC_OVERRIDE","CAP_MAC_ADMIN","CAP_SYSLOG","CAP_WAKE_ALARM","CAP_BLOCK_SUSPEND","CAP_AUDIT_READ","CAP_PERFMON","CAP_BPF","CAP_CHECKPOINT_RESTORE"],"cgroup":{"v1":true,"v2":true,"systemd":true,"systemdUser":true,"rdma":true},"seccomp":{"enabled":true,"actions":["SCMP_ACT_ALLOW","SCMP_ACT_ERRNO","SCMP_ACT_KILL","SCMP_ACT_KILL_PROCESS","SCMP_ACT_KILL_THREAD","SCMP_ACT_LOG","SCMP_ACT_NOTIFY","SCMP_ACT_TRACE","SCMP_ACT_TRAP"],"operators":["SCMP_CMP_EQ","SCMP_CMP_GE","SCMP_CMP_GT","SCMP_CMP_LE","SCMP_CMP_LT","SCMP_CMP_MASKED_EQ","SCMP_CMP_NE"],"archs":["SCMP_ARCH_AARCH64","SCMP_ARCH_ARM","SCMP_ARCH_MIPS","SCMP_ARCH_MIPS64","SCMP_ARCH_MIPS64N32","SCMP_ARCH_MIPSEL","SCMP_ARCH_MIPSEL64","SCMP_ARCH_MIPSEL64N32","SCMP_ARCH_PPC","SCMP_ARCH_PPC64","SCMP_ARCH_PPC64LE","SCMP_ARCH_RISCV64","SCMP_ARCH_S390","SCMP_ARCH_S390X","SCMP_ARCH_X32","SCMP_ARCH_X86","SCMP_ARCH_X86_64"],"knownFlags":["SECCOMP_FILTER_FLAG_TSYNC","SECCOMP_FILTER_FLAG_SPEC_ALLOW","SECCOMP_FILTER_FLAG_LOG"],"supportedFlags":["SECCOMP_FILTER_FLAG_TSYNC","SECCOMP_FILTER_FLAG_SPEC_ALLOW","SECCOMP_FILTER_FLAG_LOG"]},"apparmor":{"enabled":true},"selinux":{"enabled":true},"intelRdt":{"enabled":true},"mountExtensions":{"idmap":{"enabled":true}}},"annotations":{"io.github.seccomp.libseccomp.version":"2.5.4","org.opencontainers.runc.checkpoint.enabled":"true","org.opencontainers.runc.commit":"v1.3.4-0-gd6d73eb8","org.opencontainers.runc.version":"1.3.4\n"},"potentiallyUnsafeConfigAnnotations":["bundle","org.systemd.property.","org.criu.config"]}}}, runc={path=runc, status={org.opencontainers.runtime-spec.features={"ociVersionMin":"1.0.0","ociVersionMax":"1.2.1","hooks":["prestart","createRuntime","createContainer","startContainer","poststart","poststop"],"mountOptions":["async","atime","bind","defaults","dev","diratime","dirsync","exec","iversion","lazytime","loud","mand","noatime","nodev","nodiratime","noexec","noiversion","nolazytime","nomand","norelatime","nostrictatime","nosuid","nosymfollow","private","ratime","rbind","rdev","rdiratime","relatime","remount","rexec","rnoatime","rnodev","rnodiratime","rnoexec","rnorelatime","rnostrictatime","rnosuid","rnosymfollow","ro","rprivate","rrelatime","rro","rrw","rshared","rslave","rstrictatime","rsuid","rsymfollow","runbindable","rw","shared","silent","slave","strictatime","suid","symfollow","sync","tmpcopyup","unbindable"],"linux":{"namespaces":["cgroup","ipc","mount","network","pid","time","user","uts"],"capabilities":["CAP_CHOWN","CAP_DAC_OVERRIDE","CAP_DAC_READ_SEARCH","CAP_FOWNER","CAP_FSETID","CAP_KILL","CAP_SETGID","CAP_SETUID","CAP_SETPCAP","CAP_LINUX_IMMUTABLE","CAP_NET_BIND_SERVICE","CAP_NET_BROADCAST","CAP_NET_ADMIN","CAP_NET_RAW","CAP_IPC_LOCK","CAP_IPC_OWNER","CAP_SYS_MODULE","CAP_SYS_RAWIO","CAP_SYS_CHROOT","CAP_SYS_PTRACE","CAP_SYS_PACCT","CAP_SYS_ADMIN","CAP_SYS_BOOT","CAP_SYS_NICE","CAP_SYS_RESOURCE","CAP_SYS_TIME","CAP_SYS_TTY_CONFIG","CAP_MKNOD","CAP_LEASE","CAP_AUDIT_WRITE","CAP_AUDIT_CONTROL","CAP_SETFCAP","CAP_MAC_OVERRIDE","CAP_MAC_ADMIN","CAP_SYSLOG","CAP_WAKE_ALARM","CAP_BLOCK_SUSPEND","CAP_AUDIT_READ","CAP_PERFMON","CAP_BPF","CAP_CHECKPOINT_RESTORE"],"cgroup":{"v1":true,"v2":true,"systemd":true,"systemdUser":true,"rdma":true},"seccomp":{"enabled":true,"actions":["SCMP_ACT_ALLOW","SCMP_ACT_ERRNO","SCMP_ACT_KILL","SCMP_ACT_KILL_PROCESS","SCMP_ACT_KILL_THREAD","SCMP_ACT_LOG","SCMP_ACT_NOTIFY","SCMP_ACT_TRACE","SCMP_ACT_TRAP"],"operators":["SCMP_CMP_EQ","SCMP_CMP_GE","SCMP_CMP_GT","SCMP_CMP_LE","SCMP_CMP_LT","SCMP_CMP_MASKED_EQ","SCMP_CMP_NE"],"archs":["SCMP_ARCH_AARCH64","SCMP_ARCH_ARM","SCMP_ARCH_MIPS","SCMP_ARCH_MIPS64","SCMP_ARCH_MIPS64N32","SCMP_ARCH_MIPSEL","SCMP_ARCH_MIPSEL64","SCMP_ARCH_MIPSEL64N32","SCMP_ARCH_PPC","SCMP_ARCH_PPC64","SCMP_ARCH_PPC64LE","SCMP_ARCH_RISCV64","SCMP_ARCH_S390","SCMP_ARCH_S390X","SCMP_ARCH_X32","SCMP_ARCH_X86","SCMP_ARCH_X86_64"],"knownFlags":["SECCOMP_FILTER_FLAG_TSYNC","SECCOMP_FILTER_FLAG_SPEC_ALLOW","SECCOMP_FILTER_FLAG_LOG"],"supportedFlags":["SECCOMP_FILTER_FLAG_TSYNC","SECCOMP_FILTER_FLAG_SPEC_ALLOW","SECCOMP_FILTER_FLAG_LOG"]},"apparmor":{"enabled":true},"selinux":{"enabled":true},"intelRdt":{"enabled":true},"mountExtensions":{"idmap":{"enabled":true}}},"annotations":{"io.github.seccomp.libseccomp.version":"2.5.4","org.opencontainers.runc.checkpoint.enabled":"true","org.opencontainers.runc.commit":"v1.3.4-0-gd6d73eb8","org.opencontainers.runc.version":"1.3.4\n"},"potentiallyUnsafeConfigAnnotations":["bundle","org.systemd.property.","org.criu.config"]}}}}, ID=b513a1b7-959f-4955-af3d-e14c3dd98b0f, DriverStatus=[[driver-type, io.containerd.snapshotter.v1]], LiveRestoreEnabled=false, SystemTime=2026-04-14T23:03:16.762454612Z, NoProxy=hubproxy.docker.internal, Architecture=x86_64, NEventsListener=14, HttpsProxy=http.docker.internal:3128, Images=4, ContainersRunning=0, Labels=[com.docker.desktop.address=npipe://\\.\pipe\docker_cli], InitCommit={ID=de40ad0}, NFd=46, KernelVersion=6.6.87.2-microsoft-standard-WSL2, LoggingDriver=json-file, OSType=linux, SecurityOptions=[name=seccomp,profile=builtin, name=cgroupns], ContainerdCommit={ID=dea7da592f5d1d2b7755e3a161be07f43fad8f75}, GenericResources=null, OperatingSystem=Docker Desktop, RegistryConfig={InsecureRegistryCIDRs=[::1/128, 127.0.0.0/8], IndexConfigs={docker.io={Name=docker.io, Mirrors=[], Secure=true, Official=true}, hubproxy.docker.internal:5555={Name=hubproxy.docker.internal:5555, Mirrors=[], Secure=false, Official=false}}, Mirrors=[]}, ServerVersion=29.4.0, OomKillDisable=false, CpuCfsQuota=true, Containers=0, Driver=overlayfs, IPv4Forwarding=true, ExperimentalBuild=false, DockerRootDir=/var/lib/docker, CPUSet=true, CpuCfsPeriod=true, DefaultRuntime=runc, CPUShares=true, Debug=false, NCPU=4, Plugins={Volume=[local], Network=[bridge, host, ipvlan, macvlan, null, overlay], Authorization=null, Log=[awslogs, fluentd, gcplogs, gelf, journald, json-file, local, splunk, syslog]}, SwapLimit=true, CgroupDriver=cgroupfs, ContainersPaused=0, MemTotal=8329076736, IndexServerAddress=https://index.docker.io/v1/, MemoryLimit=true, HttpProxy=http.docker.internal:3128, InitBinary=docker-init, CgroupVersion=2, PidsLimit=true, Isolation=, Warnings=null, ContainersStopped=0}
01:03:16.826 [Test worker] DEBUG org.testcontainers.shaded.com.github.dockerjava.core.command.AbstrDockerCmd -- Cmd: 
01:03:16.827 [Test worker] DEBUG com.github.dockerjava.zerodep.shaded.org.apache.hc.client5.http.impl.classic.InternalHttpClient -- ex-0000000003 preparing request execution
01:03:16.827 [Test worker] DEBUG com.github.dockerjava.zerodep.shaded.org.apache.hc.client5.http.impl.classic.ProtocolExec -- ex-0000000003 target auth state: UNCHALLENGED
01:03:16.827 [Test worker] DEBUG com.github.dockerjava.zerodep.shaded.org.apache.hc.client5.http.impl.classic.ProtocolExec -- ex-0000000003 proxy auth state: UNCHALLENGED
01:03:16.827 [Test worker] DEBUG com.github.dockerjava.zerodep.shaded.org.apache.hc.client5.http.impl.classic.ConnectExec -- ex-0000000003 acquiring connection with route {}->[npipe://localhost:2375]
01:03:16.827 [Test worker] DEBUG com.github.dockerjava.zerodep.shaded.org.apache.hc.client5.http.impl.classic.InternalHttpClient -- ex-0000000003 acquiring endpoint (3 MINUTES)
01:03:16.827 [Test worker] DEBUG com.github.dockerjava.zerodep.shaded.org.apache.hc.client5.http.impl.io.PoolingHttpClientConnectionManager -- ex-0000000003 endpoint lease request (3 MINUTES) [route: {}->[npipe://localhost:2375]][total available: 1; route allocated: 1 of 2147483647; total allocated: 1 of 2147483647]
01:03:16.828 [Test worker] DEBUG com.github.dockerjava.zerodep.shaded.org.apache.hc.client5.http.impl.io.PoolingHttpClientConnectionManager -- ex-0000000003 endpoint leased [route: {}->[npipe://localhost:2375]][total available: 0; route allocated: 1 of 2147483647; total allocated: 1 of 2147483647]
01:03:16.828 [Test worker] DEBUG com.github.dockerjava.zerodep.shaded.org.apache.hc.client5.http.impl.io.PoolingHttpClientConnectionManager -- ex-0000000003 acquired ep-0000000003
01:03:16.828 [Test worker] DEBUG com.github.dockerjava.zerodep.shaded.org.apache.hc.client5.http.impl.classic.InternalHttpClient -- ex-0000000003 acquired endpoint ep-0000000003
01:03:16.828 [Test worker] DEBUG com.github.dockerjava.zerodep.shaded.org.apache.hc.client5.http.impl.classic.MainClientExec -- ex-0000000003 executing GET /v1.44/version
01:03:16.828 [Test worker] DEBUG com.github.dockerjava.zerodep.shaded.org.apache.hc.client5.http.protocol.RequestAddCookies -- ex-0000000003 Cookie spec selected: strict
01:03:16.828 [Test worker] DEBUG com.github.dockerjava.zerodep.shaded.org.apache.hc.client5.http.impl.classic.InternalHttpClient -- ep-0000000003 start execution ex-0000000003
01:03:16.828 [Test worker] DEBUG com.github.dockerjava.zerodep.shaded.org.apache.hc.client5.http.impl.io.PoolingHttpClientConnectionManager -- ep-0000000003 executing exchange ex-0000000003 over http-outgoing-0
01:03:16.828 [Test worker] DEBUG com.github.dockerjava.zerodep.shaded.org.apache.hc.client5.http.headers -- http-outgoing-0 >> GET /v1.44/version HTTP/1.1
01:03:16.828 [Test worker] DEBUG com.github.dockerjava.zerodep.shaded.org.apache.hc.client5.http.headers -- http-outgoing-0 >> accept: application/json
01:03:16.828 [Test worker] DEBUG com.github.dockerjava.zerodep.shaded.org.apache.hc.client5.http.headers -- http-outgoing-0 >> x-tc-sid: 5f088259-da87-42a6-8678-6551656e1136
01:03:16.828 [Test worker] DEBUG com.github.dockerjava.zerodep.shaded.org.apache.hc.client5.http.headers -- http-outgoing-0 >> User-Agent: tc-java/2.0.4
01:03:16.828 [Test worker] DEBUG com.github.dockerjava.zerodep.shaded.org.apache.hc.client5.http.headers -- http-outgoing-0 >> Accept-Encoding: gzip, x-gzip, deflate
01:03:16.828 [Test worker] DEBUG com.github.dockerjava.zerodep.shaded.org.apache.hc.client5.http.headers -- http-outgoing-0 >> Host: localhost:2375
01:03:16.828 [Test worker] DEBUG com.github.dockerjava.zerodep.shaded.org.apache.hc.client5.http.headers -- http-outgoing-0 >> Connection: keep-alive
01:03:16.828 [Test worker] DEBUG com.github.dockerjava.zerodep.shaded.org.apache.hc.client5.http.wire -- http-outgoing-0 >> "GET /v1.44/version HTTP/1.1[\r][\n]"
01:03:16.828 [Test worker] DEBUG com.github.dockerjava.zerodep.shaded.org.apache.hc.client5.http.wire -- http-outgoing-0 >> "accept: application/json[\r][\n]"
01:03:16.828 [Test worker] DEBUG com.github.dockerjava.zerodep.shaded.org.apache.hc.client5.http.wire -- http-outgoing-0 >> "x-tc-sid: 5f088259-da87-42a6-8678-6551656e1136[\r][\n]"
01:03:16.828 [Test worker] DEBUG com.github.dockerjava.zerodep.shaded.org.apache.hc.client5.http.wire -- http-outgoing-0 >> "User-Agent: tc-java/2.0.4[\r][\n]"
01:03:16.828 [Test worker] DEBUG com.github.dockerjava.zerodep.shaded.org.apache.hc.client5.http.wire -- http-outgoing-0 >> "Accept-Encoding: gzip, x-gzip, deflate[\r][\n]"
01:03:16.828 [Test worker] DEBUG com.github.dockerjava.zerodep.shaded.org.apache.hc.client5.http.wire -- http-outgoing-0 >> "Host: localhost:2375[\r][\n]"
01:03:16.828 [Test worker] DEBUG com.github.dockerjava.zerodep.shaded.org.apache.hc.client5.http.wire -- http-outgoing-0 >> "Connection: keep-alive[\r][\n]"
01:03:16.828 [Test worker] DEBUG com.github.dockerjava.zerodep.shaded.org.apache.hc.client5.http.wire -- http-outgoing-0 >> "[\r][\n]"
01:03:16.834 [Test worker] DEBUG com.github.dockerjava.zerodep.shaded.org.apache.hc.client5.http.wire -- http-outgoing-0 << "HTTP/1.1 200 OK[\r][\n]"
01:03:16.834 [Test worker] DEBUG com.github.dockerjava.zerodep.shaded.org.apache.hc.client5.http.wire -- http-outgoing-0 << "Api-Version: 1.54[\r][\n]"
01:03:16.834 [Test worker] DEBUG com.github.dockerjava.zerodep.shaded.org.apache.hc.client5.http.wire -- http-outgoing-0 << "Content-Type: application/json[\r][\n]"
01:03:16.834 [Test worker] DEBUG com.github.dockerjava.zerodep.shaded.org.apache.hc.client5.http.wire -- http-outgoing-0 << "Date: Tue, 14 Apr 2026 23:03:16 GMT[\r][\n]"
01:03:16.834 [Test worker] DEBUG com.github.dockerjava.zerodep.shaded.org.apache.hc.client5.http.wire -- http-outgoing-0 << "Docker-Experimental: false[\r][\n]"
01:03:16.834 [Test worker] DEBUG com.github.dockerjava.zerodep.shaded.org.apache.hc.client5.http.wire -- http-outgoing-0 << "Ostype: linux[\r][\n]"
01:03:16.834 [Test worker] DEBUG com.github.dockerjava.zerodep.shaded.org.apache.hc.client5.http.wire -- http-outgoing-0 << "Server: Docker/29.4.0 (linux)[\r][\n]"
01:03:16.834 [Test worker] DEBUG com.github.dockerjava.zerodep.shaded.org.apache.hc.client5.http.wire -- http-outgoing-0 << "Transfer-Encoding: chunked[\r][\n]"
01:03:16.834 [Test worker] DEBUG com.github.dockerjava.zerodep.shaded.org.apache.hc.client5.http.wire -- http-outgoing-0 << "[\r][\n]"
01:03:16.835 [Test worker] DEBUG com.github.dockerjava.zerodep.shaded.org.apache.hc.client5.http.headers -- http-outgoing-0 << HTTP/1.1 200 OK
01:03:16.835 [Test worker] DEBUG com.github.dockerjava.zerodep.shaded.org.apache.hc.client5.http.headers -- http-outgoing-0 << Api-Version: 1.54
01:03:16.835 [Test worker] DEBUG com.github.dockerjava.zerodep.shaded.org.apache.hc.client5.http.headers -- http-outgoing-0 << Content-Type: application/json
01:03:16.835 [Test worker] DEBUG com.github.dockerjava.zerodep.shaded.org.apache.hc.client5.http.headers -- http-outgoing-0 << Date: Tue, 14 Apr 2026 23:03:16 GMT
01:03:16.835 [Test worker] DEBUG com.github.dockerjava.zerodep.shaded.org.apache.hc.client5.http.headers -- http-outgoing-0 << Docker-Experimental: false
01:03:16.835 [Test worker] DEBUG com.github.dockerjava.zerodep.shaded.org.apache.hc.client5.http.headers -- http-outgoing-0 << Ostype: linux
01:03:16.835 [Test worker] DEBUG com.github.dockerjava.zerodep.shaded.org.apache.hc.client5.http.headers -- http-outgoing-0 << Server: Docker/29.4.0 (linux)
01:03:16.835 [Test worker] DEBUG com.github.dockerjava.zerodep.shaded.org.apache.hc.client5.http.headers -- http-outgoing-0 << Transfer-Encoding: chunked
01:03:16.835 [Test worker] DEBUG com.github.dockerjava.zerodep.shaded.org.apache.hc.client5.http.impl.classic.MainClientExec -- ex-0000000003 connection can be kept alive for 3 MINUTES
01:03:16.835 [Test worker] DEBUG com.github.dockerjava.zerodep.shaded.org.apache.hc.client5.http.wire -- http-outgoing-0 << "39e[\r][\n]"
01:03:16.835 [Test worker] DEBUG com.github.dockerjava.zerodep.shaded.org.apache.hc.client5.http.wire -- http-outgoing-0 << "{"Platform":{"Name":"Docker Desktop 4.69.0 (224084)"},"Version":"29.4.0","ApiVersion":"1.54","MinAPIVersion":"1.40","Os":"linux","Arch":"amd64","Components":[{"Name":"Engine","Version":"29.4.0","Details":{"ApiVersion":"1.54","Arch":"amd64","BuildTime":"2026-04-07T08:36:03.000000000+00:00","Experimental":"false","GitCommit":"daa0cb7","GoVersion":"go1.26.1","KernelVersion":"6.6.87.2-microsoft-standard-WSL2","MinAPIVersion":"1.40","Module":"github.com/moby/moby/v2","ModuleVersion":"v2.0.0+unknown","Os":"linux"}},{"Name":"containerd","Version":"v2.2.1","Details":{"GitCommit":"dea7da592f5d1d2b7755e3a161be07f43fad8f75"}},{"Name":"runc","Version":"1.3.4","Details":{"GitCommit":"v1.3.4-0-gd6d73eb8"}},{"Name":"docker-init","Version":"0.19.0","Details":{"GitCommit":"de40ad0"}}],"GitCommit":"daa0cb7","GoVersion":"go1.26.1","KernelVersion":"6.6.87.2-microsoft-standard-WSL2","BuildTime":"2026-04-07T08:36:03.000000000+00:00"}[\n]"
01:03:16.835 [Test worker] DEBUG com.github.dockerjava.zerodep.shaded.org.apache.hc.client5.http.wire -- http-outgoing-0 << "[\r][\n]"
01:03:16.835 [Test worker] DEBUG com.github.dockerjava.zerodep.shaded.org.apache.hc.client5.http.wire -- http-outgoing-0 << "0[\r][\n]"
01:03:16.835 [Test worker] DEBUG com.github.dockerjava.zerodep.shaded.org.apache.hc.client5.http.wire -- http-outgoing-0 << "[\r][\n]"
01:03:16.840 [Test worker] DEBUG com.github.dockerjava.zerodep.shaded.org.apache.hc.client5.http.impl.classic.InternalHttpClient -- ep-0000000003 releasing valid endpoint
01:03:16.840 [Test worker] DEBUG com.github.dockerjava.zerodep.shaded.org.apache.hc.client5.http.impl.io.PoolingHttpClientConnectionManager -- ep-0000000003 releasing endpoint
01:03:16.840 [Test worker] DEBUG com.github.dockerjava.zerodep.shaded.org.apache.hc.client5.http.impl.io.PoolingHttpClientConnectionManager -- ep-0000000003 connection http-outgoing-0 can be kept alive for 3 MINUTES
01:03:16.840 [Test worker] DEBUG com.github.dockerjava.zerodep.shaded.org.apache.hc.client5.http.impl.io.PoolingHttpClientConnectionManager -- ep-0000000003 connection released [route: {}->[npipe://localhost:2375]][total available: 1; route allocated: 1 of 2147483647; total allocated: 1 of 2147483647]
01:03:16.840 [Test worker] DEBUG org.testcontainers.DockerClientFactory -- Docker version: {Components=[{Name=Engine, Version=29.4.0, Details={ApiVersion=1.54, Arch=amd64, BuildTime=2026-04-07T08:36:03.000000000+00:00, Experimental=false, GitCommit=daa0cb7, GoVersion=go1.26.1, KernelVersion=6.6.87.2-microsoft-standard-WSL2, MinAPIVersion=1.40, Module=github.com/moby/moby/v2, ModuleVersion=v2.0.0+unknown, Os=linux}}, {Name=containerd, Version=v2.2.1, Details={GitCommit=dea7da592f5d1d2b7755e3a161be07f43fad8f75}}, {Name=runc, Version=1.3.4, Details={GitCommit=v1.3.4-0-gd6d73eb8}}, {Name=docker-init, Version=0.19.0, Details={GitCommit=de40ad0}}], KernelVersion=6.6.87.2-microsoft-standard-WSL2, ApiVersion=1.54, Platform={Name=Docker Desktop 4.69.0 (224084)}, Os=linux, GitCommit=daa0cb7, Version=29.4.0, MinAPIVersion=1.40, Arch=amd64, GoVersion=go1.26.1, BuildTime=2026-04-07T08:36:03.000000000+00:00}
01:03:16.841 [Test worker] INFO org.testcontainers.DockerClientFactory -- Connected to docker: 
  Server Version: 29.4.0
  API Version: 1.54
  Operating System: Docker Desktop
  Total Memory: 7943 MB
  Labels: 
    com.docker.desktop.address=npipe://\\.\pipe\docker_cli
01:03:16.846 [Test worker] DEBUG org.testcontainers.utility.RyukResourceReaper -- Ryuk is enabled
01:03:16.847 [Test worker] DEBUG org.testcontainers.utility.PrefixingImageNameSubstitutor -- No prefix is configured
01:03:16.848 [Test worker] DEBUG org.testcontainers.utility.ImageNameSubstitutor -- Did not find a substitute image for testcontainers/ryuk:0.14.0 (using image substitutor: DefaultImageNameSubstitutor (composite of 'ConfigurationFileImageNameSubstitutor' and 'PrefixingImageNameSubstitutor'))
01:03:16.848 [Test worker] DEBUG org.testcontainers.shaded.com.github.dockerjava.core.command.AbstrDockerCmd -- Cmd: ListImagesCmdImpl[filters=org.testcontainers.shaded.com.github.dockerjava.core.util.FiltersBuilder@0,imageNameFilter=<null>,showAll=false]
01:03:16.851 [Test worker] DEBUG com.github.dockerjava.zerodep.shaded.org.apache.hc.client5.http.impl.classic.InternalHttpClient -- ex-0000000004 preparing request execution
01:03:16.851 [Test worker] DEBUG com.github.dockerjava.zerodep.shaded.org.apache.hc.client5.http.impl.classic.ProtocolExec -- ex-0000000004 target auth state: UNCHALLENGED
01:03:16.851 [Test worker] DEBUG com.github.dockerjava.zerodep.shaded.org.apache.hc.client5.http.impl.classic.ProtocolExec -- ex-0000000004 proxy auth state: UNCHALLENGED
01:03:16.851 [Test worker] DEBUG com.github.dockerjava.zerodep.shaded.org.apache.hc.client5.http.impl.classic.ConnectExec -- ex-0000000004 acquiring connection with route {}->[npipe://localhost:2375]
01:03:16.851 [Test worker] DEBUG com.github.dockerjava.zerodep.shaded.org.apache.hc.client5.http.impl.classic.InternalHttpClient -- ex-0000000004 acquiring endpoint (3 MINUTES)
01:03:16.851 [Test worker] DEBUG com.github.dockerjava.zerodep.shaded.org.apache.hc.client5.http.impl.io.PoolingHttpClientConnectionManager -- ex-0000000004 endpoint lease request (3 MINUTES) [route: {}->[npipe://localhost:2375]][total available: 1; route allocated: 1 of 2147483647; total allocated: 1 of 2147483647]
01:03:16.852 [Test worker] DEBUG com.github.dockerjava.zerodep.shaded.org.apache.hc.client5.http.impl.io.PoolingHttpClientConnectionManager -- ex-0000000004 endpoint leased [route: {}->[npipe://localhost:2375]][total available: 0; route allocated: 1 of 2147483647; total allocated: 1 of 2147483647]
01:03:16.852 [Test worker] DEBUG com.github.dockerjava.zerodep.shaded.org.apache.hc.client5.http.impl.io.PoolingHttpClientConnectionManager -- ex-0000000004 acquired ep-0000000004
01:03:16.852 [Test worker] DEBUG com.github.dockerjava.zerodep.shaded.org.apache.hc.client5.http.impl.classic.InternalHttpClient -- ex-0000000004 acquired endpoint ep-0000000004
01:03:16.852 [Test worker] DEBUG com.github.dockerjava.zerodep.shaded.org.apache.hc.client5.http.impl.classic.MainClientExec -- ex-0000000004 executing GET /v1.44/images/json
01:03:16.852 [Test worker] DEBUG com.github.dockerjava.zerodep.shaded.org.apache.hc.client5.http.protocol.RequestAddCookies -- ex-0000000004 Cookie spec selected: strict
01:03:16.852 [Test worker] DEBUG com.github.dockerjava.zerodep.shaded.org.apache.hc.client5.http.impl.classic.InternalHttpClient -- ep-0000000004 start execution ex-0000000004
01:03:16.852 [Test worker] DEBUG com.github.dockerjava.zerodep.shaded.org.apache.hc.client5.http.impl.io.PoolingHttpClientConnectionManager -- ep-0000000004 executing exchange ex-0000000004 over http-outgoing-0
01:03:16.852 [Test worker] DEBUG com.github.dockerjava.zerodep.shaded.org.apache.hc.client5.http.headers -- http-outgoing-0 >> GET /v1.44/images/json HTTP/1.1
01:03:16.852 [Test worker] DEBUG com.github.dockerjava.zerodep.shaded.org.apache.hc.client5.http.headers -- http-outgoing-0 >> accept: application/json
01:03:16.852 [Test worker] DEBUG com.github.dockerjava.zerodep.shaded.org.apache.hc.client5.http.headers -- http-outgoing-0 >> x-tc-sid: 5f088259-da87-42a6-8678-6551656e1136
01:03:16.852 [Test worker] DEBUG com.github.dockerjava.zerodep.shaded.org.apache.hc.client5.http.headers -- http-outgoing-0 >> User-Agent: tc-java/2.0.4
01:03:16.852 [Test worker] DEBUG com.github.dockerjava.zerodep.shaded.org.apache.hc.client5.http.headers -- http-outgoing-0 >> Accept-Encoding: gzip, x-gzip, deflate
01:03:16.852 [Test worker] DEBUG com.github.dockerjava.zerodep.shaded.org.apache.hc.client5.http.headers -- http-outgoing-0 >> Host: localhost:2375
01:03:16.852 [Test worker] DEBUG com.github.dockerjava.zerodep.shaded.org.apache.hc.client5.http.headers -- http-outgoing-0 >> Connection: keep-alive
01:03:16.852 [Test worker] DEBUG com.github.dockerjava.zerodep.shaded.org.apache.hc.client5.http.wire -- http-outgoing-0 >> "GET /v1.44/images/json HTTP/1.1[\r][\n]"
01:03:16.852 [Test worker] DEBUG com.github.dockerjava.zerodep.shaded.org.apache.hc.client5.http.wire -- http-outgoing-0 >> "accept: application/json[\r][\n]"
01:03:16.852 [Test worker] DEBUG com.github.dockerjava.zerodep.shaded.org.apache.hc.client5.http.wire -- http-outgoing-0 >> "x-tc-sid: 5f088259-da87-42a6-8678-6551656e1136[\r][\n]"
01:03:16.852 [Test worker] DEBUG com.github.dockerjava.zerodep.shaded.org.apache.hc.client5.http.wire -- http-outgoing-0 >> "User-Agent: tc-java/2.0.4[\r][\n]"
01:03:16.852 [Test worker] DEBUG com.github.dockerjava.zerodep.shaded.org.apache.hc.client5.http.wire -- http-outgoing-0 >> "Accept-Encoding: gzip, x-gzip, deflate[\r][\n]"
01:03:16.852 [Test worker] DEBUG com.github.dockerjava.zerodep.shaded.org.apache.hc.client5.http.wire -- http-outgoing-0 >> "Host: localhost:2375[\r][\n]"
01:03:16.852 [Test worker] DEBUG com.github.dockerjava.zerodep.shaded.org.apache.hc.client5.http.wire -- http-outgoing-0 >> "Connection: keep-alive[\r][\n]"
01:03:16.852 [Test worker] DEBUG com.github.dockerjava.zerodep.shaded.org.apache.hc.client5.http.wire -- http-outgoing-0 >> "[\r][\n]"
01:03:16.874 [Test worker] DEBUG com.github.dockerjava.zerodep.shaded.org.apache.hc.client5.http.wire -- http-outgoing-0 << "HTTP/1.1 200 OK[\r][\n]"
01:03:16.875 [Test worker] DEBUG com.github.dockerjava.zerodep.shaded.org.apache.hc.client5.http.wire -- http-outgoing-0 << "Api-Version: 1.54[\r][\n]"
01:03:16.875 [Test worker] DEBUG com.github.dockerjava.zerodep.shaded.org.apache.hc.client5.http.wire -- http-outgoing-0 << "Content-Type: application/json[\r][\n]"
01:03:16.875 [Test worker] DEBUG com.github.dockerjava.zerodep.shaded.org.apache.hc.client5.http.wire -- http-outgoing-0 << "Date: Tue, 14 Apr 2026 23:03:16 GMT[\r][\n]"
01:03:16.875 [Test worker] DEBUG com.github.dockerjava.zerodep.shaded.org.apache.hc.client5.http.wire -- http-outgoing-0 << "Docker-Experimental: false[\r][\n]"
01:03:16.875 [Test worker] DEBUG com.github.dockerjava.zerodep.shaded.org.apache.hc.client5.http.wire -- http-outgoing-0 << "Ostype: linux[\r][\n]"
01:03:16.875 [Test worker] DEBUG com.github.dockerjava.zerodep.shaded.org.apache.hc.client5.http.wire -- http-outgoing-0 << "Server: Docker/29.4.0 (linux)[\r][\n]"
01:03:16.875 [Test worker] DEBUG com.github.dockerjava.zerodep.shaded.org.apache.hc.client5.http.wire -- http-outgoing-0 << "Transfer-Encoding: chunked[\r][\n]"
01:03:16.875 [Test worker] DEBUG com.github.dockerjava.zerodep.shaded.org.apache.hc.client5.http.wire -- http-outgoing-0 << "[\r][\n]"
01:03:16.875 [Test worker] DEBUG com.github.dockerjava.zerodep.shaded.org.apache.hc.client5.http.headers -- http-outgoing-0 << HTTP/1.1 200 OK
01:03:16.875 [Test worker] DEBUG com.github.dockerjava.zerodep.shaded.org.apache.hc.client5.http.headers -- http-outgoing-0 << Api-Version: 1.54
01:03:16.875 [Test worker] DEBUG com.github.dockerjava.zerodep.shaded.org.apache.hc.client5.http.headers -- http-outgoing-0 << Content-Type: application/json
01:03:16.875 [Test worker] DEBUG com.github.dockerjava.zerodep.shaded.org.apache.hc.client5.http.headers -- http-outgoing-0 << Date: Tue, 14 Apr 2026 23:03:16 GMT
01:03:16.875 [Test worker] DEBUG com.github.dockerjava.zerodep.shaded.org.apache.hc.client5.http.headers -- http-outgoing-0 << Docker-Experimental: false
01:03:16.875 [Test worker] DEBUG com.github.dockerjava.zerodep.shaded.org.apache.hc.client5.http.headers -- http-outgoing-0 << Ostype: linux
01:03:16.875 [Test worker] DEBUG com.github.dockerjava.zerodep.shaded.org.apache.hc.client5.http.headers -- http-outgoing-0 << Server: Docker/29.4.0 (linux)
01:03:16.875 [Test worker] DEBUG com.github.dockerjava.zerodep.shaded.org.apache.hc.client5.http.headers -- http-outgoing-0 << Transfer-Encoding: chunked
01:03:16.876 [Test worker] DEBUG com.github.dockerjava.zerodep.shaded.org.apache.hc.client5.http.impl.classic.MainClientExec -- ex-0000000004 connection can be kept alive for 3 MINUTES
01:03:16.876 [Test worker] DEBUG com.github.dockerjava.zerodep.shaded.org.apache.hc.client5.http.wire -- http-outgoing-0 << "7d9[\r][\n]"
01:03:16.876 [Test worker] DEBUG com.github.dockerjava.zerodep.shaded.org.apache.hc.client5.http.wire -- http-outgoing-0 << "[{"Containers":-1,"Created":1773619160,"Id":"sha256:2dca9ee5cd5316952d9b6ef4a0c088ac95b55e3502accdda0fc12ad6ede7b905","Labels":{"com.microsoft.product":"Microsoft SQL Server","com.microsoft.version":"16.0.4250.1","org.opencontainers.image.ref.name":"ubuntu","org.opencontainers.image.version":"22.04","vendor":"Microsoft"},"ParentId":"","RepoDigests":["mcr.microsoft.com/mssql/server@sha256:2dca9ee5cd5316952d9b6ef4a0c088ac95b55e3502accdda0fc12ad6ede7b905"],"RepoTags":["mcr.microsoft.com/mssql/server:2022-latest"],"SharedSize":-1,"Size":2276205755},{"Containers":-1,"Created":1770835614,"Id":"sha256:c9803db54238b5be268c7f5916e3c5811ef106e58aeb2f1f9b690c135ed50672","Labels":{"io.buildah.version":"1.33.7","org.opencontainers.image.authors":"Gerald Venzl","org.opencontainers.image.description":"Oracle Database Free for everyone!","org.opencontainers.image.documentation":"https://github.com/gvenzl/oci-oracle-free/blob/main/README.md","org.opencontainers.image.licenses":"Apache-2.0","org.opencontainers.image.source":"https://github.com/gvenzl/oci-oracle-free","org.opencontainers.image.title":"Oracle Database Free Container images"},"ParentId":"","RepoDigests":["gvenzl/oracle-free@sha256:c9803db54238b5be268c7f5916e3c5811ef106e58aeb2f1f9b690c135ed50672"],"RepoTags":["gvenzl/oracle-free:23-slim-faststart"],"SharedSize":-1,"Size":6392730962},{"Containers":-1,"Created":1758876418,"Id":"sha256:7c1a8a9a47c780ed0f983770a662f80deb115d95cce3e2daa3d12115b8cd28f0","Labels":{"org.testcontainers.ryuk":"true"},"ParentId":"","RepoDigests":["testcontainers/ryuk@sha256:7c1a8a9a47c780ed0f983770a662f80deb115d95cce3e2daa3d12115b8cd28f0"],"RepoTags":["testcontainers/ryuk:0.14.0"],"SharedSize":-1,"Size":4829372},{"Containers":-1,"Created":1739502186,"Id":"sha256:de0eb0b3f2a47ba1eb89389859a9bd88b28e82f5826b6969ad604979713c2d4f","Labels":{},"ParentId":"","RepoDigests":["alpine@sha256:de0eb0b3f2a47ba1eb89389859a9bd88b28e82f5826b6969ad604979713c2d4f"],"RepoTags":["alpine:3.18"],"SharedSize":-1,"Size":11542487}][\r][\n]"
01:03:16.876 [Test worker] DEBUG com.github.dockerjava.zerodep.shaded.org.apache.hc.client5.http.wire -- http-outgoing-0 << "0[\r][\n]"
01:03:16.876 [Test worker] DEBUG com.github.dockerjava.zerodep.shaded.org.apache.hc.client5.http.wire -- http-outgoing-0 << "[\r][\n]"
01:03:16.879 [Test worker] DEBUG com.github.dockerjava.zerodep.shaded.org.apache.hc.client5.http.impl.classic.InternalHttpClient -- ep-0000000004 releasing valid endpoint
01:03:16.879 [Test worker] DEBUG com.github.dockerjava.zerodep.shaded.org.apache.hc.client5.http.impl.io.PoolingHttpClientConnectionManager -- ep-0000000004 releasing endpoint
01:03:16.879 [Test worker] DEBUG com.github.dockerjava.zerodep.shaded.org.apache.hc.client5.http.impl.io.PoolingHttpClientConnectionManager -- ep-0000000004 connection http-outgoing-0 can be kept alive for 3 MINUTES
01:03:16.879 [Test worker] DEBUG com.github.dockerjava.zerodep.shaded.org.apache.hc.client5.http.impl.io.PoolingHttpClientConnectionManager -- ep-0000000004 connection released [route: {}->[npipe://localhost:2375]][total available: 1; route allocated: 1 of 2147483647; total allocated: 1 of 2147483647]
01:03:16.880 [Test worker] DEBUG org.testcontainers.images.AbstractImagePullPolicy -- Using locally available and not pulling image: testcontainers/ryuk:0.14.0
01:03:16.880 [Test worker] DEBUG tc.testcontainers/ryuk:0.14.0 -- Starting container: testcontainers/ryuk:0.14.0
01:03:16.881 [Test worker] DEBUG tc.testcontainers/ryuk:0.14.0 -- Trying to start container: testcontainers/ryuk:0.14.0 (attempt 1/1)
01:03:16.881 [Test worker] DEBUG tc.testcontainers/ryuk:0.14.0 -- Starting container: testcontainers/ryuk:0.14.0
01:03:16.881 [Test worker] INFO tc.testcontainers/ryuk:0.14.0 -- Creating container for image: testcontainers/ryuk:0.14.0
01:03:16.884 [Test worker] DEBUG org.testcontainers.utility.RegistryAuthLocator -- Looking up auth config for image: testcontainers/ryuk:0.14.0 at registry: https://index.docker.io/v1/
01:03:16.884 [Test worker] DEBUG org.testcontainers.utility.RegistryAuthLocator -- RegistryAuthLocator has configFile: C:\Users\Juan\.docker\config.json (exists) configEnv: DOCKER_AUTH_CONFIG (does not exist) and commandPathPrefix: 
01:03:16.884 [Test worker] DEBUG org.testcontainers.utility.RegistryAuthLocator -- RegistryAuthLocator reading from configFile: C:\Users\Juan\.docker\config.json
01:03:16.885 [Test worker] DEBUG org.testcontainers.utility.RegistryAuthLocator -- registryName [https://index.docker.io/v1/] for dockerImageName [testcontainers/ryuk:0.14.0]
01:03:16.885 [Test worker] DEBUG org.testcontainers.utility.RegistryAuthLocator -- Executing docker credential provider: docker-credential-desktop to locate auth config for: https://index.docker.io/v1/
01:03:16.888 [Test worker] DEBUG org.testcontainers.shaded.org.zeroturnaround.exec.ProcessExecutor -- Executing [cmd, /c, docker-credential-desktop, get].
01:03:16.898 [Test worker] DEBUG org.testcontainers.shaded.org.zeroturnaround.exec.ProcessExecutor -- Started Process[pid=59740, exitValue="not exited"]
01:03:16.996 [WaitForProcess-Process[pid=59740, exitValue="not exited"]] DEBUG org.testcontainers.shaded.org.zeroturnaround.exec.WaitForProcess -- Process[pid=59740, exitValue=1] stopped with exit code 1
01:03:16.997 [Test worker] INFO org.testcontainers.utility.RegistryAuthLocator -- Credential helper/store (docker-credential-desktop) does not have credentials for https://index.docker.io/v1/
01:03:16.997 [Test worker] DEBUG org.testcontainers.utility.RegistryAuthLocator -- No matching Auth Configs - falling back to defaultAuthConfig [null]
01:03:16.997 [Test worker] DEBUG org.testcontainers.dockerclient.AuthDelegatingDockerClientConfig -- Effective auth config [null]
[...]
01:03:23.027 [Test worker] DEBUG io.micronaut.context.lifecycle -- Destroying bean [io.micronaut.scheduling.executor.UserExecutorConfiguration@c732e1c] with identifier [@Named('virtual') executorConfiguration]
01:03:23.027 [Test worker] DEBUG io.micronaut.context.lifecycle -- Destroying bean [io.micronaut.runtime.http.codec.MediaTypeCodecRegistryFactory@5fb07347] with identifier [mediaTypeCodecRegistryFactory]
01:03:23.027 [Test worker] DEBUG io.micronaut.context.lifecycle -- Destroying bean [io.micronaut.runtime.http.codec.MediaTypeCodecRegistryFactory@5fb07347] with identifier [mediaTypeCodecRegistryFactory]
01:03:23.027 [Test worker] DEBUG io.micronaut.context.lifecycle -- Destroying bean [io.micronaut.http.server.HttpServerConfiguration$HttpLocaleResolutionConfigurationProperties@402f8592] with identifier [httpLocaleResolutionConfiguration]
01:03:23.027 [Test worker] DEBUG io.micronaut.context.lifecycle -- Destroying bean [io.micronaut.http.server.HttpServerConfiguration$HttpLocaleResolutionConfigurationProperties@402f8592] with identifier [httpLocaleResolutionConfiguration]
01:03:23.027 [Test worker] DEBUG io.micronaut.context.lifecycle -- Destroying bean [io.micronaut.aop.chain.DefaultInterceptorRegistry@1c6ac73c] with identifier [$interceptorRegistry]
01:03:23.027 [Test worker] DEBUG io.micronaut.context.lifecycle -- Destroying bean [io.micronaut.aop.chain.DefaultInterceptorRegistry@1c6ac73c] with identifier [$interceptorRegistry]
01:03:23.027 [Test worker] DEBUG io.micronaut.context.lifecycle -- Destroying bean [io.micronaut.scheduling.executor.ScheduledExecutorServiceConfig@476a7f49] with identifier [scheduledExecutorServiceConfig]
01:03:23.027 [Test worker] DEBUG io.micronaut.context.lifecycle -- Destroying bean [io.micronaut.scheduling.executor.ScheduledExecutorServiceConfig@476a7f49] with identifier [scheduledExecutorServiceConfig]
01:03:23.027 [Test worker] DEBUG io.micronaut.context.lifecycle -- Destroying bean [io.micronaut.web.router.naming.HyphenatedUriNamingStrategy@78d23d6a] with identifier [uriNamingStrategy]
01:03:23.027 [Test worker] DEBUG io.micronaut.context.lifecycle -- Destroying bean [io.micronaut.web.router.naming.HyphenatedUriNamingStrategy@78d23d6a] with identifier [uriNamingStrategy]
01:03:23.027 [Test worker] DEBUG io.micronaut.context.lifecycle -- Destroying bean [io.micronaut.scheduling.executor.UserExecutorConfiguration@66440338] with identifier [@Named('scheduled') executorConfiguration]
01:03:23.027 [Test worker] DEBUG io.micronaut.context.lifecycle -- Destroying bean [io.micronaut.scheduling.executor.UserExecutorConfiguration@66440338] with identifier [@Named('scheduled') executorConfiguration]
01:03:23.027 [Test worker] DEBUG io.micronaut.context.lifecycle -- Destroying bean [io.micronaut.jackson.serialize.JsonNodeSerializer@2bf2d6eb] with identifier [jsonNodeSerializer]
01:03:23.027 [Test worker] DEBUG io.micronaut.context.lifecycle -- Destroying bean [io.micronaut.jackson.serialize.JsonNodeSerializer@2bf2d6eb] with identifier [jsonNodeSerializer]
01:03:23.027 [Test worker] DEBUG io.micronaut.context.lifecycle -- Destroying bean [io.micronaut.core.io.scan.DefaultClassPathResourceLoader@542ff147] with identifier [classPathResourceLoader]
01:03:23.027 [Test worker] DEBUG io.micronaut.context.lifecycle -- Destroying bean [io.micronaut.core.io.scan.DefaultClassPathResourceLoader@542ff147] with identifier [classPathResourceLoader]
01:03:23.027 [Test worker] DEBUG io.micronaut.context.lifecycle -- Destroying bean [io.micronaut.security.token.bearer.BearerTokenConfigurationProperties@1952289b] with identifier [bearerTokenConfiguration]
01:03:23.027 [Test worker] DEBUG io.micronaut.context.lifecycle -- Destroying bean [io.micronaut.security.token.bearer.BearerTokenConfigurationProperties@1952289b] with identifier [bearerTokenConfiguration]
01:03:23.027 [Test worker] DEBUG io.micronaut.context.lifecycle -- Destroying bean [io.micronaut.scheduling.executor.DefaultThreadFactory@161e3403] with identifier [defaultThreadFactory]
01:03:23.027 [Test worker] DEBUG io.micronaut.context.lifecycle -- Destroying bean [io.micronaut.scheduling.executor.DefaultThreadFactory@161e3403] with identifier [defaultThreadFactory]
01:03:23.027 [Test worker] DEBUG io.micronaut.context.lifecycle -- Destroying bean [io.micronaut.http.ssl.DefaultSslConfiguration$DefaultKeyStoreConfiguration@38ef1a0a] with identifier [defaultKeyStoreConfiguration]
01:03:23.027 [Test worker] DEBUG io.micronaut.context.lifecycle -- Destroying bean [io.micronaut.http.ssl.DefaultSslConfiguration$DefaultKeyStoreConfiguration@38ef1a0a] with identifier [defaultKeyStoreConfiguration]
01:03:23.027 [Test worker] DEBUG io.micronaut.context.lifecycle -- Destroying bean [io.micronaut.jackson.serialize.ConvertibleMultiValuesSerializer@76a9a009] with identifier [convertibleMultiValuesSerializer]
01:03:23.027 [Test worker] DEBUG io.micronaut.context.lifecycle -- Destroying bean [io.micronaut.jackson.serialize.ConvertibleMultiValuesSerializer@76a9a009] with identifier [convertibleMultiValuesSerializer]
01:03:23.027 [Test worker] DEBUG io.micronaut.context.lifecycle -- Destroying bean [io.micronaut.security.config.SecurityConfigurationProperties@10e2ae0b] with identifier [securityConfiguration]
01:03:23.027 [Test worker] DEBUG io.micronaut.context.lifecycle -- Destroying bean [io.micronaut.security.config.SecurityConfigurationProperties@10e2ae0b] with identifier [securityConfiguration]
01:03:23.027 [Test worker] DEBUG io.micronaut.context.lifecycle -- Destroying bean [io.micronaut.http.ssl.DefaultSslConfiguration@621dc63d] with identifier [defaultSslConfiguration]
01:03:23.027 [Test worker] DEBUG io.micronaut.context.lifecycle -- Destroying bean [io.micronaut.http.ssl.DefaultSslConfiguration@621dc63d] with identifier [defaultSslConfiguration]
01:03:23.027 [Test worker] DEBUG io.micronaut.context.lifecycle -- Destroying bean [io.micronaut.http.ssl.DefaultSslConfiguration$DefaultKeyConfiguration@6abb7b7d] with identifier [defaultKeyConfiguration]
01:03:23.027 [Test worker] DEBUG io.micronaut.context.lifecycle -- Destroying bean [io.micronaut.http.ssl.DefaultSslConfiguration$DefaultKeyConfiguration@6abb7b7d] with identifier [defaultKeyConfiguration]
01:03:23.027 [Test worker] DEBUG io.micronaut.context.lifecycle -- Destroying bean [io.micronaut.data.runtime.config.DataConfiguration$PageableConfiguration@6aa5974e] with identifier [configuration]
01:03:23.027 [Test worker] DEBUG io.micronaut.context.lifecycle -- Destroying bean [io.micronaut.data.runtime.config.DataConfiguration$PageableConfiguration@6aa5974e] with identifier [configuration]
01:03:23.027 [Test worker] DEBUG io.micronaut.context.lifecycle -- Destroying bean [io.micronaut.http.client.DefaultHttpClientConfiguration$DefaultConnectionPoolConfiguration@5c0e2ec] with identifier [connectionPoolConfiguration]
01:03:23.027 [Test worker] DEBUG io.micronaut.context.lifecycle -- Destroying bean [io.micronaut.http.client.DefaultHttpClientConfiguration$DefaultConnectionPoolConfiguration@5c0e2ec] with identifier [connectionPoolConfiguration]
01:03:23.027 [Test worker] DEBUG io.micronaut.context.lifecycle -- Destroying bean [io.micronaut.scheduling.DefaultTaskExceptionHandler@59636c47] with identifier [taskExceptionHandler]
01:03:23.027 [Test worker] DEBUG io.micronaut.context.lifecycle -- Destroying bean [io.micronaut.scheduling.DefaultTaskExceptionHandler@59636c47] with identifier [taskExceptionHandler]
01:03:23.027 [Test worker] DEBUG io.micronaut.context.lifecycle -- Destroying bean [io.micronaut.security.authentication.AuthenticationArgumentBinder@d5e575c] with identifier [authenticationArgumentBinder]
01:03:23.027 [Test worker] DEBUG io.micronaut.context.lifecycle -- Destroying bean [io.micronaut.security.authentication.AuthenticationArgumentBinder@d5e575c] with identifier [authenticationArgumentBinder]
01:03:23.027 [Test worker] DEBUG io.micronaut.context.lifecycle -- Destroying bean [io.micronaut.jackson.serialize.ResourceModule@51f68849] with identifier [resourceModule]
01:03:23.027 [Test worker] DEBUG io.micronaut.context.lifecycle -- Destroying bean [io.micronaut.jackson.serialize.ResourceModule@51f68849] with identifier [resourceModule]
01:03:23.027 [Test worker] DEBUG io.micronaut.context.lifecycle -- Destroying bean [io.micronaut.security.token.jwt.validator.ExpirationJwtClaimsValidator@45d1d28a] with identifier [expirationJwtClaimsValidator]
01:03:23.027 [Test worker] DEBUG io.micronaut.context.lifecycle -- Destroying bean [io.micronaut.security.token.jwt.validator.ExpirationJwtClaimsValidator@45d1d28a] with identifier [expirationJwtClaimsValidator]
01:03:23.027 [Test worker] DEBUG io.micronaut.context.lifecycle -- Destroying bean [io.micronaut.validation.validator.DefaultClockProvider@432af457] with identifier [clockProvider]
01:03:23.027 [Test worker] DEBUG io.micronaut.context.lifecycle -- Destroying bean [io.micronaut.validation.validator.DefaultClockProvider@432af457] with identifier [clockProvider]
01:03:23.027 [Test worker] DEBUG io.micronaut.context.lifecycle -- Destroying bean [io.micronaut.data.runtime.convert.DataConversionServiceFactory@6b649efa] with identifier [dataConversionServiceFactory]
01:03:23.027 [Test worker] DEBUG io.micronaut.context.lifecycle -- Destroying bean [io.micronaut.data.runtime.convert.DataConversionServiceFactory@6b649efa] with identifier [dataConversionServiceFactory]
01:03:23.027 [Test worker] DEBUG io.micronaut.context.lifecycle -- Destroying bean [io.micronaut.security.token.jwt.converters.JWSAlgorithmConverter@a7cf42f] with identifier [JWSAlgorithmConverter]
01:03:23.027 [Test worker] DEBUG io.micronaut.context.lifecycle -- Destroying bean [io.micronaut.security.token.jwt.converters.JWSAlgorithmConverter@a7cf42f] with identifier [JWSAlgorithmConverter]
01:03:23.027 [Test worker] DEBUG io.micronaut.context.lifecycle -- Destroying bean [io.micronaut.jackson.JacksonConfiguration@3ca3648] with identifier [jacksonConfiguration]
01:03:23.027 [Test worker] DEBUG io.micronaut.context.lifecycle -- Destroying bean [io.micronaut.jackson.JacksonConfiguration@3ca3648] with identifier [jacksonConfiguration]
01:03:23.027 [Test worker] DEBUG io.micronaut.context.lifecycle -- Destroying bean [io.micronaut.http.server.binding.BasicAuthArgumentBinder@61037caf] with identifier [basicAuthArgumentBinder]
01:03:23.027 [Test worker] DEBUG io.micronaut.context.lifecycle -- Destroying bean [io.micronaut.http.server.binding.BasicAuthArgumentBinder@61037caf] with identifier [basicAuthArgumentBinder]
01:03:23.027 [Test worker] DEBUG io.micronaut.context.lifecycle -- Destroying bean [io.micronaut.buffer.netty.NettyByteBufferFactory@17043b04] with identifier [nettyByteBufferFactory]
01:03:23.027 [Test worker] DEBUG io.micronaut.context.lifecycle -- Destroying bean [io.micronaut.buffer.netty.NettyByteBufferFactory@17043b04] with identifier [nettyByteBufferFactory]
01:03:23.027 [Test worker] DEBUG io.micronaut.context.lifecycle -- Destroying bean [io.micronaut.jackson.ObjectMapperFactory@65600fb3] with identifier [objectMapperFactory]
01:03:23.027 [Test worker] DEBUG io.micronaut.context.lifecycle -- Destroying bean [io.micronaut.jackson.ObjectMapperFactory@65600fb3] with identifier [objectMapperFactory]
01:03:23.027 [Test worker] DEBUG io.micronaut.context.lifecycle -- Destroying bean [io.micronaut.context.DefaultApplicationContext$RuntimeConfiguredEnvironment@5b20706] with identifier [T]
01:03:23.027 [Test worker] DEBUG io.micronaut.context.lifecycle -- Destroying bean [io.micronaut.context.DefaultApplicationContext$RuntimeConfiguredEnvironment@5b20706] with identifier [T]
01:03:23.027 [Test worker] DEBUG io.micronaut.context.lifecycle -- Destroying bean [io.micronaut.security.token.config.TokenConfigurationProperties@1f1287c3] with identifier [tokenConfiguration]
01:03:23.027 [Test worker] DEBUG io.micronaut.context.lifecycle -- Destroying bean [io.micronaut.security.token.config.TokenConfigurationProperties@1f1287c3] with identifier [tokenConfiguration]
01:03:23.027 [Test worker] DEBUG io.micronaut.context.lifecycle -- Destroying bean [io.netty.util.concurrent.DefaultThreadFactory@4243341e] with identifier [@Named('netty') nettyThreadFactory]
01:03:23.027 [Test worker] DEBUG io.micronaut.context.lifecycle -- Destroying bean [io.netty.util.concurrent.DefaultThreadFactory@4243341e] with identifier [@Named('netty') nettyThreadFactory]
01:03:23.027 [Test worker] DEBUG io.micronaut.context.lifecycle -- Destroying bean [io.micronaut.data.runtime.date.CurrentDateTimeProvider@58a84a12] with identifier [dateTimeProvider]
01:03:23.027 [Test worker] DEBUG io.micronaut.context.lifecycle -- Destroying bean [io.micronaut.data.runtime.date.CurrentDateTimeProvider@58a84a12] with identifier [dateTimeProvider]
01:03:23.027 [Test worker] DEBUG io.micronaut.context.lifecycle -- Destroying bean [io.micronaut.http.netty.channel.converters.DefaultChannelOptionFactory@3d1c52f5] with identifier [channelOptionFactory]
01:03:23.027 [Test worker] DEBUG io.micronaut.context.lifecycle -- Destroying bean [io.micronaut.http.netty.channel.converters.DefaultChannelOptionFactory@3d1c52f5] with identifier [channelOptionFactory]
01:03:23.027 [Test worker] DEBUG io.micronaut.context.lifecycle -- Destroying bean [io.micronaut.security.token.jwt.converters.KeyTypeConverter@30db5536] with identifier [keyTypeConverter]
01:03:23.027 [Test worker] DEBUG io.micronaut.context.lifecycle -- Destroying bean [io.micronaut.security.token.jwt.converters.KeyTypeConverter@30db5536] with identifier [keyTypeConverter]
01:03:23.027 [Test worker] DEBUG io.micronaut.context.lifecycle -- Destroying bean [io.micronaut.core.io.file.DefaultFileSystemResourceLoader@5f6a8efe] with identifier [fileSystemResourceLoader]
01:03:23.027 [Test worker] DEBUG io.micronaut.context.lifecycle -- Destroying bean [io.micronaut.core.io.file.DefaultFileSystemResourceLoader@5f6a8efe] with identifier [fileSystemResourceLoader]
01:03:23.027 [Test worker] DEBUG io.micronaut.context.lifecycle -- Destroying bean [io.micronaut.jackson.serialize.ConvertibleValuesSerializer@774d8276] with identifier [convertibleValuesSerializer]
01:03:23.027 [Test worker] DEBUG io.micronaut.context.lifecycle -- Destroying bean [io.micronaut.jackson.serialize.ConvertibleValuesSerializer@774d8276] with identifier [convertibleValuesSerializer]
01:03:23.028 [Test worker] DEBUG io.micronaut.context.lifecycle -- Destroying bean [io.micronaut.security.token.jwt.converters.EncryptionMethodConverter@4f2d014a] with identifier [encryptionMethodConverter]
01:03:23.028 [Test worker] DEBUG io.micronaut.context.lifecycle -- Destroying bean [io.micronaut.security.token.jwt.converters.EncryptionMethodConverter@4f2d014a] with identifier [encryptionMethodConverter]
01:03:23.028 [Test worker] DEBUG io.micronaut.context.lifecycle -- Destroying bean [io.micronaut.http.netty.channel.NettyThreadFactory@79ad1774] with identifier [nettyThreadFactory]
01:03:23.028 [Test worker] DEBUG io.micronaut.context.lifecycle -- Destroying bean [io.micronaut.http.netty.channel.NettyThreadFactory@79ad1774] with identifier [nettyThreadFactory]
01:03:23.028 [Test worker] DEBUG io.micronaut.context.lifecycle -- Destroying bean [io.micronaut.runtime.http.scope.RequestCustomScope@afaad67] with identifier [requestCustomScope]
01:03:23.028 [Test worker] DEBUG io.micronaut.context.lifecycle -- Destroying bean [io.micronaut.runtime.http.scope.RequestCustomScope@afaad67] with identifier [requestCustomScope]
01:03:23.028 [Test worker] DEBUG io.micronaut.context.lifecycle -- Destroying bean [io.micronaut.http.body.RawMessageBodyHandlerRegistry$RawByteArrayHandler@31b0f02] with identifier [rawByteArrayHandler]
01:03:23.028 [Test worker] DEBUG io.micronaut.context.lifecycle -- Destroying bean [io.micronaut.http.body.RawMessageBodyHandlerRegistry$RawByteArrayHandler@31b0f02] with identifier [rawByteArrayHandler]
01:03:23.028 [Test worker] DEBUG io.micronaut.context.lifecycle -- Destroying bean [io.micronaut.security.authentication.PrincipalArgumentBinder@101cf747] with identifier [principalArgumentBinder]
01:03:23.028 [Test worker] DEBUG io.micronaut.context.lifecycle -- Destroying bean [io.micronaut.security.authentication.PrincipalArgumentBinder@101cf747] with identifier [principalArgumentBinder]
01:03:23.028 [Test worker] DEBUG io.micronaut.context.lifecycle -- Destroying bean [io.micronaut.jackson.serialize.JsonNodeDeserializer@71c0b742] with identifier [jsonNodeDeserializer]
01:03:23.028 [Test worker] DEBUG io.micronaut.context.lifecycle -- Destroying bean [io.micronaut.jackson.serialize.JsonNodeDeserializer@71c0b742] with identifier [jsonNodeDeserializer]
01:03:23.028 [Test worker] DEBUG io.micronaut.context.lifecycle -- Destroying bean [io.micronaut.management.endpoint.EndpointDefaultConfiguration@35145874] with identifier [endpointDefaultConfiguration]
01:03:23.028 [Test worker] DEBUG io.micronaut.context.lifecycle -- Destroying bean [io.micronaut.management.endpoint.EndpointDefaultConfiguration@35145874] with identifier [endpointDefaultConfiguration]
01:03:23.028 [Test worker] DEBUG io.micronaut.context.lifecycle -- Destroying bean [io.micronaut.security.token.jwt.converters.JWEAlgorithmConverter@61874b9d] with identifier [JWEAlgorithmConverter]
01:03:23.028 [Test worker] DEBUG io.micronaut.context.lifecycle -- Destroying bean [io.micronaut.security.token.jwt.converters.JWEAlgorithmConverter@61874b9d] with identifier [JWEAlgorithmConverter]
01:03:23.028 [Test worker] DEBUG io.micronaut.context.lifecycle -- Destroying bean [io.micronaut.http.netty.body.ByteBufRawMessageBodyHandler@475f5672] with identifier [byteBufRawMessageBodyHandler]
01:03:23.028 [Test worker] DEBUG io.micronaut.context.lifecycle -- Destroying bean [io.micronaut.http.netty.body.ByteBufRawMessageBodyHandler@475f5672] with identifier [byteBufRawMessageBodyHandler]
01:03:23.028 [Test worker] DEBUG io.micronaut.context.lifecycle -- Destroying bean [io.micronaut.security.token.jwt.validator.SubjectNotNullJwtClaimsValidator@530d5431] with identifier [subjectNotNullJwtClaimsValidator]
01:03:23.028 [Test worker] DEBUG io.micronaut.context.lifecycle -- Destroying bean [io.micronaut.security.token.jwt.validator.SubjectNotNullJwtClaimsValidator@530d5431] with identifier [subjectNotNullJwtClaimsValidator]
]]></system-out>
  <system-err><![CDATA[Apr 15, 2026 1:03:17 AM com.microsoft.sqlserver.jdbc.SQLServerConnection prelogin
WARNING: ConnectionID:1 ClientConnectionId: 00a1b339-3d66-4686-8b19-aaa402a3e868 Prelogin error: host localhost port 55450 Unexpected end of prelogin response after 0 bytes read
Apr 15, 2026 1:03:17 AM com.microsoft.sqlserver.jdbc.SQLServerConnection prelogin
WARNING: ConnectionID:1 ClientConnectionId: e2137d17-0913-4fd8-8723-f9e885c83efe Prelogin error: host localhost port 55450 Unexpected end of prelogin response after 0 bytes read
Apr 15, 2026 1:03:18 AM com.microsoft.sqlserver.jdbc.SQLServerConnection prelogin
WARNING: ConnectionID:1 ClientConnectionId: 4dd1f796-779b-4dbd-8ac7-6dd41c4f8716 Prelogin error: host localhost port 55450 Unexpected end of prelogin response after 0 bytes read
Apr 15, 2026 1:03:18 AM com.microsoft.sqlserver.jdbc.SQLServerConnection prelogin
WARNING: ConnectionID:1 ClientConnectionId: e741af15-2312-4a29-b056-fa036010854b Prelogin error: host localhost port 55450 Unexpected end of prelogin response after 0 bytes read
Apr 15, 2026 1:03:19 AM com.microsoft.sqlserver.jdbc.SQLServerConnection prelogin
WARNING: ConnectionID:1 ClientConnectionId: 641f5717-0a6f-4cb3-8a34-dd16013eefed Prelogin error: host localhost port 55450 Unexpected end of prelogin response after 0 bytes read
Apr 15, 2026 1:03:20 AM com.microsoft.sqlserver.jdbc.SQLServerConnection prelogin
WARNING: ConnectionID:1 ClientConnectionId: 60f13856-4997-48fb-8f5a-ccdcf6051eb6 Prelogin error: host localhost port 55450 Unexpected end of prelogin response after 0 bytes read
]]></system-err>
</testsuite>
