<?xml version="1.0" encoding="UTF-8"?>
<testsuite name="com.kpnquest.identifyplayer.IdentifyPlayerIT" tests="2" skipped="0" failures="2" errors="0" timestamp="2026-04-14T23:03:23.037Z" hostname="BOQUEIRAO-SERVE" time="0.191">
  <properties/>
  <testcase name="sameDevice_returnsSamePlayerId()" classname="com.kpnquest.identifyplayer.IdentifyPlayerIT" time="0.033">
    <failure message="io.micronaut.http.client.exceptions.HttpClientResponseException: Bad Request" type="io.micronaut.http.client.exceptions.HttpClientResponseException">io.micronaut.http.client.exceptions.HttpClientResponseException: Bad Request
	at io.micronaut.http.client.netty.DefaultHttpClient$FullHttpResponseHandler.makeErrorFromRequestBody(DefaultHttpClient.java:2259)
	at io.micronaut.http.client.netty.DefaultHttpClient$FullHttpResponseHandler.forwardResponseToPromise(DefaultHttpClient.java:2210)
	at io.micronaut.http.client.netty.DefaultHttpClient$FullHttpResponseHandler.channelReadInstrumented(DefaultHttpClient.java:2179)
	at io.micronaut.http.client.netty.DefaultHttpClient$FullHttpResponseHandler.channelReadInstrumented(DefaultHttpClient.java:2147)
	at io.micronaut.http.client.netty.SimpleChannelInboundHandlerInstrumented.channelRead0(SimpleChannelInboundHandlerInstrumented.java:46)
	at io.netty.channel.SimpleChannelInboundHandler.channelRead(SimpleChannelInboundHandler.java:99)
	at io.netty.channel.AbstractChannelHandlerContext.invokeChannelRead(AbstractChannelHandlerContext.java:444)
	at io.netty.channel.AbstractChannelHandlerContext.invokeChannelRead(AbstractChannelHandlerContext.java:420)
	at io.netty.channel.AbstractChannelHandlerContext.fireChannelRead(AbstractChannelHandlerContext.java:412)
	at io.netty.handler.codec.MessageToMessageDecoder.channelRead(MessageToMessageDecoder.java:103)
	at io.netty.channel.AbstractChannelHandlerContext.invokeChannelRead(AbstractChannelHandlerContext.java:444)
	at io.netty.channel.AbstractChannelHandlerContext.invokeChannelRead(AbstractChannelHandlerContext.java:420)
	at io.netty.channel.AbstractChannelHandlerContext.fireChannelRead(AbstractChannelHandlerContext.java:412)
	at io.netty.handler.codec.MessageToMessageDecoder.channelRead(MessageToMessageDecoder.java:103)
	at io.netty.channel.AbstractChannelHandlerContext.invokeChannelRead(AbstractChannelHandlerContext.java:444)
	at io.netty.channel.AbstractChannelHandlerContext.invokeChannelRead(AbstractChannelHandlerContext.java:420)
	at io.netty.channel.AbstractChannelHandlerContext.fireChannelRead(AbstractChannelHandlerContext.java:412)
	at io.netty.channel.CombinedChannelDuplexHandler$DelegatingChannelHandlerContext.fireChannelRead(CombinedChannelDuplexHandler.java:436)
	at io.netty.handler.codec.ByteToMessageDecoder.fireChannelRead(ByteToMessageDecoder.java:346)
	at io.netty.handler.codec.ByteToMessageDecoder.channelRead(ByteToMessageDecoder.java:318)
	at io.netty.channel.CombinedChannelDuplexHandler.channelRead(CombinedChannelDuplexHandler.java:251)
	at io.netty.channel.AbstractChannelHandlerContext.invokeChannelRead(AbstractChannelHandlerContext.java:442)
	at io.netty.channel.AbstractChannelHandlerContext.invokeChannelRead(AbstractChannelHandlerContext.java:420)
	at io.netty.channel.AbstractChannelHandlerContext.fireChannelRead(AbstractChannelHandlerContext.java:412)
	at io.netty.channel.ChannelInboundHandlerAdapter.channelRead(ChannelInboundHandlerAdapter.java:93)
	at io.micronaut.http.client.netty.ResettableReadTimeoutHandler$NextInterceptor.channelRead(ResettableReadTimeoutHandler.java:92)
	at io.netty.channel.AbstractChannelHandlerContext.invokeChannelRead(AbstractChannelHandlerContext.java:444)
	at io.netty.channel.AbstractChannelHandlerContext.invokeChannelRead(AbstractChannelHandlerContext.java:420)
	at io.netty.channel.AbstractChannelHandlerContext.fireChannelRead(AbstractChannelHandlerContext.java:412)
	at io.netty.handler.timeout.IdleStateHandler.channelRead(IdleStateHandler.java:289)
	at io.micronaut.http.client.netty.ResettableReadTimeoutHandler.channelRead(ResettableReadTimeoutHandler.java:64)
	at io.netty.channel.AbstractChannelHandlerContext.invokeChannelRead(AbstractChannelHandlerContext.java:442)
	at io.netty.channel.AbstractChannelHandlerContext.invokeChannelRead(AbstractChannelHandlerContext.java:420)
	at io.netty.channel.AbstractChannelHandlerContext.fireChannelRead(AbstractChannelHandlerContext.java:412)
	at io.netty.channel.DefaultChannelPipeline$HeadContext.channelRead(DefaultChannelPipeline.java:1410)
	at io.netty.channel.AbstractChannelHandlerContext.invokeChannelRead(AbstractChannelHandlerContext.java:440)
	at io.netty.channel.AbstractChannelHandlerContext.invokeChannelRead(AbstractChannelHandlerContext.java:420)
	at io.netty.channel.DefaultChannelPipeline.fireChannelRead(DefaultChannelPipeline.java:919)
	at io.netty.channel.nio.AbstractNioByteChannel$NioByteUnsafe.read(AbstractNioByteChannel.java:166)
	at io.netty.channel.nio.NioEventLoop.processSelectedKey(NioEventLoop.java:788)
	at io.netty.channel.nio.NioEventLoop.processSelectedKeysOptimized(NioEventLoop.java:724)
	at io.netty.channel.nio.NioEventLoop.processSelectedKeys(NioEventLoop.java:650)
	at io.netty.channel.nio.NioEventLoop.run(NioEventLoop.java:562)
	at io.netty.util.concurrent.SingleThreadEventExecutor$4.run(SingleThreadEventExecutor.java:997)
	at io.netty.util.internal.ThreadExecutorMap$2.run(ThreadExecutorMap.java:74)
	at io.netty.util.concurrent.FastThreadLocalRunnable.run(FastThreadLocalRunnable.java:30)
	at java.base/java.lang.Thread.run(Thread.java:1583)
	Suppressed: java.lang.Exception: #block terminated with an error
		at reactor.core.publisher.BlockingSingleSubscriber.blockingGet(BlockingSingleSubscriber.java:103)
		at reactor.core.publisher.Flux.blockFirst(Flux.java:2707)
		at io.micronaut.http.client.netty.DefaultHttpClient$1.exchange(DefaultHttpClient.java:571)
		at io.micronaut.http.client.netty.DefaultHttpClient$1.retrieve(DefaultHttpClient.java:578)
		at io.micronaut.http.client.BlockingHttpClient.retrieve(BlockingHttpClient.java:122)
		at io.micronaut.http.client.BlockingHttpClient.retrieve(BlockingHttpClient.java:171)
		at io.micronaut.http.client.BlockingHttpClient.retrieve(BlockingHttpClient.java:184)
		at com.kpnquest.identifyplayer.IdentifyPlayerIT.sameDevice_returnsSamePlayerId(IdentifyPlayerIT.java:51)
		at java.base/java.lang.reflect.Method.invoke(Method.java:580)
		at io.micronaut.test.extensions.junit5.MicronautJunit5Extension$2.proceed(MicronautJunit5Extension.java:142)
		at io.micronaut.test.extensions.AbstractMicronautExtension.interceptEach(AbstractMicronautExtension.java:157)
		at io.micronaut.test.extensions.AbstractMicronautExtension.interceptTest(AbstractMicronautExtension.java:114)
		at io.micronaut.test.extensions.junit5.MicronautJunit5Extension.interceptTestMethod(MicronautJunit5Extension.java:129)
		at java.base/java.util.ArrayList.forEach(ArrayList.java:1596)
		at java.base/java.util.ArrayList.forEach(ArrayList.java:1596)
</failure>
  </testcase>
  <testcase name="newDevice_createsPlayerAndReturnsToken()" classname="com.kpnquest.identifyplayer.IdentifyPlayerIT" time="0.012">
    <failure message="io.micronaut.http.client.exceptions.HttpClientResponseException: Bad Request" type="io.micronaut.http.client.exceptions.HttpClientResponseException">io.micronaut.http.client.exceptions.HttpClientResponseException: Bad Request
	at io.micronaut.http.client.netty.DefaultHttpClient$FullHttpResponseHandler.makeErrorFromRequestBody(DefaultHttpClient.java:2259)
	at io.micronaut.http.client.netty.DefaultHttpClient$FullHttpResponseHandler.forwardResponseToPromise(DefaultHttpClient.java:2210)
	at io.micronaut.http.client.netty.DefaultHttpClient$FullHttpResponseHandler.channelReadInstrumented(DefaultHttpClient.java:2179)
	at io.micronaut.http.client.netty.DefaultHttpClient$FullHttpResponseHandler.channelReadInstrumented(DefaultHttpClient.java:2147)
	at io.micronaut.http.client.netty.SimpleChannelInboundHandlerInstrumented.channelRead0(SimpleChannelInboundHandlerInstrumented.java:46)
	at io.netty.channel.SimpleChannelInboundHandler.channelRead(SimpleChannelInboundHandler.java:99)
	at io.netty.channel.AbstractChannelHandlerContext.invokeChannelRead(AbstractChannelHandlerContext.java:444)
	at io.netty.channel.AbstractChannelHandlerContext.invokeChannelRead(AbstractChannelHandlerContext.java:420)
	at io.netty.channel.AbstractChannelHandlerContext.fireChannelRead(AbstractChannelHandlerContext.java:412)
	at io.netty.handler.codec.MessageToMessageDecoder.channelRead(MessageToMessageDecoder.java:103)
	at io.netty.channel.AbstractChannelHandlerContext.invokeChannelRead(AbstractChannelHandlerContext.java:444)
	at io.netty.channel.AbstractChannelHandlerContext.invokeChannelRead(AbstractChannelHandlerContext.java:420)
	at io.netty.channel.AbstractChannelHandlerContext.fireChannelRead(AbstractChannelHandlerContext.java:412)
	at io.netty.handler.codec.MessageToMessageDecoder.channelRead(MessageToMessageDecoder.java:103)
	at io.netty.channel.AbstractChannelHandlerContext.invokeChannelRead(AbstractChannelHandlerContext.java:444)
	at io.netty.channel.AbstractChannelHandlerContext.invokeChannelRead(AbstractChannelHandlerContext.java:420)
	at io.netty.channel.AbstractChannelHandlerContext.fireChannelRead(AbstractChannelHandlerContext.java:412)
	at io.netty.channel.CombinedChannelDuplexHandler$DelegatingChannelHandlerContext.fireChannelRead(CombinedChannelDuplexHandler.java:436)
	at io.netty.handler.codec.ByteToMessageDecoder.fireChannelRead(ByteToMessageDecoder.java:346)
	at io.netty.handler.codec.ByteToMessageDecoder.channelRead(ByteToMessageDecoder.java:318)
	at io.netty.channel.CombinedChannelDuplexHandler.channelRead(CombinedChannelDuplexHandler.java:251)
	at io.netty.channel.AbstractChannelHandlerContext.invokeChannelRead(AbstractChannelHandlerContext.java:442)
	at io.netty.channel.AbstractChannelHandlerContext.invokeChannelRead(AbstractChannelHandlerContext.java:420)
	at io.netty.channel.AbstractChannelHandlerContext.fireChannelRead(AbstractChannelHandlerContext.java:412)
	at io.netty.channel.ChannelInboundHandlerAdapter.channelRead(ChannelInboundHandlerAdapter.java:93)
	at io.micronaut.http.client.netty.ResettableReadTimeoutHandler$NextInterceptor.channelRead(ResettableReadTimeoutHandler.java:92)
	at io.netty.channel.AbstractChannelHandlerContext.invokeChannelRead(AbstractChannelHandlerContext.java:444)
	at io.netty.channel.AbstractChannelHandlerContext.invokeChannelRead(AbstractChannelHandlerContext.java:420)
	at io.netty.channel.AbstractChannelHandlerContext.fireChannelRead(AbstractChannelHandlerContext.java:412)
	at io.netty.handler.timeout.IdleStateHandler.channelRead(IdleStateHandler.java:289)
	at io.micronaut.http.client.netty.ResettableReadTimeoutHandler.channelRead(ResettableReadTimeoutHandler.java:64)
	at io.netty.channel.AbstractChannelHandlerContext.invokeChannelRead(AbstractChannelHandlerContext.java:442)
	at io.netty.channel.AbstractChannelHandlerContext.invokeChannelRead(AbstractChannelHandlerContext.java:420)
	at io.netty.channel.AbstractChannelHandlerContext.fireChannelRead(AbstractChannelHandlerContext.java:412)
	at io.netty.channel.DefaultChannelPipeline$HeadContext.channelRead(DefaultChannelPipeline.java:1410)
	at io.netty.channel.AbstractChannelHandlerContext.invokeChannelRead(AbstractChannelHandlerContext.java:440)
	at io.netty.channel.AbstractChannelHandlerContext.invokeChannelRead(AbstractChannelHandlerContext.java:420)
	at io.netty.channel.DefaultChannelPipeline.fireChannelRead(DefaultChannelPipeline.java:919)
	at io.netty.channel.nio.AbstractNioByteChannel$NioByteUnsafe.read(AbstractNioByteChannel.java:166)
	at io.netty.channel.nio.NioEventLoop.processSelectedKey(NioEventLoop.java:788)
	at io.netty.channel.nio.NioEventLoop.processSelectedKeysOptimized(NioEventLoop.java:724)
	at io.netty.channel.nio.NioEventLoop.processSelectedKeys(NioEventLoop.java:650)
	at io.netty.channel.nio.NioEventLoop.run(NioEventLoop.java:562)
	at io.netty.util.concurrent.SingleThreadEventExecutor$4.run(SingleThreadEventExecutor.java:997)
	at io.netty.util.internal.ThreadExecutorMap$2.run(ThreadExecutorMap.java:74)
	at io.netty.util.concurrent.FastThreadLocalRunnable.run(FastThreadLocalRunnable.java:30)
	at java.base/java.lang.Thread.run(Thread.java:1583)
	Suppressed: java.lang.Exception: #block terminated with an error
		at reactor.core.publisher.BlockingSingleSubscriber.blockingGet(BlockingSingleSubscriber.java:103)
		at reactor.core.publisher.Flux.blockFirst(Flux.java:2707)
		at io.micronaut.http.client.netty.DefaultHttpClient$1.exchange(DefaultHttpClient.java:571)
		at io.micronaut.http.client.BlockingHttpClient.exchange(BlockingHttpClient.java:77)
		at io.micronaut.http.client.BlockingHttpClient.exchange(BlockingHttpClient.java:106)
		at com.kpnquest.identifyplayer.IdentifyPlayerIT.newDevice_createsPlayerAndReturnsToken(IdentifyPlayerIT.java:36)
		at java.base/java.lang.reflect.Method.invoke(Method.java:580)
		at io.micronaut.test.extensions.junit5.MicronautJunit5Extension$2.proceed(MicronautJunit5Extension.java:142)
		at io.micronaut.test.extensions.AbstractMicronautExtension.interceptEach(AbstractMicronautExtension.java:157)
		at io.micronaut.test.extensions.AbstractMicronautExtension.interceptTest(AbstractMicronautExtension.java:114)
		at io.micronaut.test.extensions.junit5.MicronautJunit5Extension.interceptTestMethod(MicronautJunit5Extension.java:129)
		at java.base/java.util.ArrayList.forEach(ArrayList.java:1596)
		at java.base/java.util.ArrayList.forEach(ArrayList.java:1596)
</failure>
  </testcase>
  <system-out><![CDATA[01:03:23.058 [Test worker] DEBUG io.micronaut.context.DefaultApplicationContext$RuntimeConfiguredEnvironment -- Environment deduction is using the default of: true
01:03:23.058 [Test worker] INFO io.micronaut.context.DefaultApplicationContext$RuntimeConfiguredEnvironment -- Established active environments: [test]
01:03:23.058 [Test worker] DEBUG io.micronaut.context.DefaultApplicationContext$RuntimeConfiguredEnvironment -- Starting environment io.micronaut.context.DefaultApplicationContext$RuntimeConfiguredEnvironment@11cc9e1e for active names [test]
01:03:23.059 [Test worker] DEBUG io.micronaut.context.DefaultApplicationContext$RuntimeConfiguredEnvironment -- Reading property sources from loader: io.micronaut.jackson.core.env.CloudFoundryVcapApplicationPropertySourceLoader@216328b2
01:03:23.059 [Test worker] DEBUG io.micronaut.jackson.core.env.CloudFoundryVcapApplicationPropertySourceLoader -- No PropertySource found for file name: application.VCAP_APPLICATION
01:03:23.059 [Test worker] DEBUG io.micronaut.jackson.core.env.CloudFoundryVcapApplicationPropertySourceLoader -- No PropertySource found for file name: application-test.VCAP_APPLICATION
01:03:23.059 [Test worker] DEBUG io.micronaut.context.DefaultApplicationContext$RuntimeConfiguredEnvironment -- Reading property sources from loader: io.micronaut.jackson.core.env.JsonPropertySourceLoader@5b0e9e0c
01:03:23.059 [Test worker] DEBUG io.micronaut.jackson.core.env.JsonPropertySourceLoader -- No PropertySource found for file name: application.json
01:03:23.059 [Test worker] DEBUG io.micronaut.jackson.core.env.JsonPropertySourceLoader -- No PropertySource found for file name: application-test.json
01:03:23.059 [Test worker] DEBUG io.micronaut.context.DefaultApplicationContext$RuntimeConfiguredEnvironment -- Reading property sources from loader: io.micronaut.jackson.core.env.EnvJsonPropertySourceLoader@54234569
01:03:23.059 [Test worker] DEBUG io.micronaut.jackson.core.env.EnvJsonPropertySourceLoader -- No PropertySource found for file name: application.json
01:03:23.059 [Test worker] DEBUG io.micronaut.jackson.core.env.EnvJsonPropertySourceLoader -- No PropertySource found for file name: application-test.json
01:03:23.059 [Test worker] DEBUG io.micronaut.context.DefaultApplicationContext$RuntimeConfiguredEnvironment -- Reading property sources from loader: io.micronaut.jackson.core.env.CloudFoundryVcapServicesPropertySourceLoader@21ea1d9d
01:03:23.059 [Test worker] DEBUG io.micronaut.jackson.core.env.CloudFoundryVcapServicesPropertySourceLoader -- No PropertySource found for file name: application.VCAP_SERVICES
01:03:23.059 [Test worker] DEBUG io.micronaut.jackson.core.env.CloudFoundryVcapServicesPropertySourceLoader -- No PropertySource found for file name: application-test.VCAP_SERVICES
01:03:23.059 [Test worker] DEBUG io.micronaut.context.DefaultApplicationContext$RuntimeConfiguredEnvironment -- Reading property sources from loader: io.micronaut.context.env.PropertiesPropertySourceLoader@19f497aa
01:03:23.059 [Test worker] DEBUG io.micronaut.context.env.PropertiesPropertySourceLoader -- No PropertySource found for file name: application.properties
01:03:23.059 [Test worker] DEBUG io.micronaut.context.env.PropertiesPropertySourceLoader -- No PropertySource found for file name: application-test.properties
01:03:23.059 [Test worker] DEBUG io.micronaut.context.DefaultApplicationContext$RuntimeConfiguredEnvironment -- Reading property sources from loader: io.micronaut.context.env.yaml.YamlPropertySourceLoader@36a58466
01:03:23.060 [Test worker] DEBUG io.micronaut.context.env.yaml.YamlPropertySourceLoader -- Found PropertySource for file name: application.yml
01:03:23.061 [Test worker] DEBUG io.micronaut.context.env.yaml.YamlPropertySourceLoader -- Found PropertySource for file name: application-test.yml
01:03:23.061 [Test worker] DEBUG io.micronaut.context.DefaultApplicationContext$RuntimeConfiguredEnvironment -- Processing property source: application
01:03:23.062 [Test worker] DEBUG io.micronaut.context.DefaultApplicationContext$RuntimeConfiguredEnvironment -- Processing property source: application-test
01:03:23.062 [Test worker] DEBUG io.micronaut.context.DefaultApplicationContext$RuntimeConfiguredEnvironment -- Processing property source: env
01:03:23.062 [Test worker] DEBUG io.micronaut.context.DefaultApplicationContext$RuntimeConfiguredEnvironment -- Processing property source: system
01:03:23.062 [Test worker] DEBUG io.micronaut.context.DefaultApplicationContext$RuntimeConfiguredEnvironment -- Processing property source: test-properties
01:03:23.062 [Test worker] DEBUG io.micronaut.context.DefaultBeanContext -- Finding candidate beans for type: DefaultEnvironment
01:03:23.062 [Test worker] DEBUG io.micronaut.context.DefaultBeanContext -- No bean candidates found for type: DefaultEnvironment
01:03:23.062 [Test worker] DEBUG io.micronaut.context.DefaultBeanContext -- Starting BeanContext
01:03:23.069 [Test worker] DEBUG io.micronaut.context.condition.Condition -- Configuration: io.micronaut.flyway will not be loaded due to failing conditions:
01:03:23.069 [Test worker] DEBUG io.micronaut.context.condition.Condition -- * Property [flyway.enabled] with value [false] should not equal: false
01:03:23.069 [Test worker] DEBUG io.micronaut.context.condition.Condition -- Configuration: io.micronaut.security.x509 will not be loaded due to failing conditions:
01:03:23.069 [Test worker] DEBUG io.micronaut.context.condition.Condition -- * Required property [micronaut.security.x509.enabled] with value [true] not present
01:03:23.069 [Test worker] DEBUG io.micronaut.context.DefaultBeanContext -- Finding candidate beans for type: HttpClientRegistry
01:03:23.070 [Test worker] DEBUG io.micronaut.context.DefaultBeanContext --   class io.micronaut.http.client.netty.DefaultNettyHttpClientRegistry null Definition: io.micronaut.http.client.netty.DefaultNettyHttpClientRegistry
01:03:23.070 [Test worker] DEBUG io.micronaut.context.DefaultBeanContext -- Finding candidate beans for type: BeanCreatedEventListener
01:03:23.070 [Test worker] DEBUG io.micronaut.context.condition.Condition -- Bean [io.micronaut.web.router.version.$VersionAwareRouterListener$Definition] will not be loaded due to failing conditions:
01:03:23.070 [Test worker] DEBUG io.micronaut.context.condition.Condition -- * Required property [micronaut.router.versioning.enabled] with value [true] not present
01:03:23.070 [Test worker] DEBUG io.micronaut.context.DefaultBeanContext --   class io.micronaut.data.connection.jdbc.advice.ContextualAwareDataSource null Definition: io.micronaut.data.connection.jdbc.advice.ContextualAwareDataSource
01:03:23.070 [Test worker] DEBUG io.micronaut.context.DefaultBeanContext --   class io.micronaut.context.propagation.instrument.execution.ExecutorServiceInstrumenter null Definition: io.micronaut.context.propagation.instrument.execution.ExecutorServiceInstrumenter
01:03:23.070 [Test worker] DEBUG io.micronaut.context.DefaultBeanContext -- Finding candidate beans for type: BeanInitializedEventListener
01:03:23.070 [Test worker] DEBUG io.micronaut.context.DefaultBeanContext -- No bean candidates found for type: BeanInitializedEventListener
01:03:23.070 [Test worker] DEBUG io.micronaut.context.DefaultBeanContext -- Resolving beans for type: io.micronaut.core.convert.TypeConverter
01:03:23.070 [Test worker] DEBUG io.micronaut.context.DefaultBeanContext -- Finding candidate beans for type: TypeConverter
01:03:23.071 [Test worker] DEBUG io.micronaut.context.condition.Condition -- Bean [io.micronaut.data.jdbc.convert.vendor.$OracleTypeConvertersFactory$FromOracleDateToTimestamp0$Definition] will not be loaded due to failing conditions:
01:03:23.071 [Test worker] DEBUG io.micronaut.context.condition.Condition -- * Class [oracle.sql.DATE] is not present
01:03:23.071 [Test worker] DEBUG io.micronaut.context.condition.Condition -- Bean [io.micronaut.data.jdbc.convert.vendor.$OracleTypeConvertersFactory$FromOracleDateToLocalDateTime1$Definition] will not be loaded due to failing conditions:
01:03:23.071 [Test worker] DEBUG io.micronaut.context.condition.Condition -- * Class [oracle.sql.DATE] is not present
01:03:23.071 [Test worker] DEBUG io.micronaut.context.condition.Condition -- Bean [io.micronaut.data.jdbc.convert.vendor.$OracleTypeConvertersFactory$FromOracleTimestampToLocalDateTime4$Definition] will not be loaded due to failing conditions:
01:03:23.071 [Test worker] DEBUG io.micronaut.context.condition.Condition -- * Class [oracle.sql.DATE] is not present
01:03:23.071 [Test worker] DEBUG io.micronaut.context.condition.Condition -- Bean [io.micronaut.data.jdbc.convert.vendor.$OracleTypeConvertersFactory$FromOracleTimestampToTimestamp3$Definition] will not be loaded due to failing conditions:
01:03:23.071 [Test worker] DEBUG io.micronaut.context.condition.Condition -- * Class [oracle.sql.DATE] is not present
01:03:23.071 [Test worker] DEBUG io.micronaut.context.condition.Condition -- Bean [io.micronaut.data.jdbc.convert.vendor.$OracleTypeConvertersFactory$FromOracleDateToInstant2$Definition] will not be loaded due to failing conditions:
01:03:23.071 [Test worker] DEBUG io.micronaut.context.condition.Condition -- * Class [oracle.sql.DATE] is not present
01:03:23.071 [Test worker] DEBUG io.micronaut.context.condition.Condition -- Bean [io.micronaut.data.jdbc.convert.vendor.$OracleTypeConvertersFactory$FromOracleTimestampToInstant5$Definition] will not be loaded due to failing conditions:
01:03:23.071 [Test worker] DEBUG io.micronaut.context.condition.Condition -- * Class [oracle.sql.DATE] is not present
01:03:23.071 [Test worker] DEBUG io.micronaut.context.DefaultBeanContext --   class io.micronaut.security.token.jwt.converters.KeyTypeConverter null Definition: io.micronaut.security.token.jwt.converters.KeyTypeConverter
01:03:23.071 [Test worker] DEBUG io.micronaut.context.DefaultBeanContext --   class io.micronaut.security.token.jwt.converters.JWEAlgorithmConverter null Definition: io.micronaut.security.token.jwt.converters.JWEAlgorithmConverter
01:03:23.071 [Test worker] DEBUG io.micronaut.context.DefaultBeanContext --   class io.micronaut.security.token.jwt.converters.EncryptionMethodConverter null Definition: io.micronaut.security.token.jwt.converters.EncryptionMethodConverter
01:03:23.071 [Test worker] DEBUG io.micronaut.context.DefaultBeanContext --   class io.micronaut.security.token.jwt.converters.JWSAlgorithmConverter null Definition: io.micronaut.security.token.jwt.converters.JWSAlgorithmConverter
01:03:23.071 [Test worker] DEBUG io.micronaut.context.DefaultBeanContext --   class io.micronaut.security.config.InterceptUrlMapConverter null Definition: io.micronaut.security.config.InterceptUrlMapConverter
01:03:23.071 [Test worker] DEBUG io.micronaut.context.lifecycle -- Created bean [io.micronaut.security.token.jwt.converters.KeyTypeConverter@1827fc4e] from definition [Definition: io.micronaut.security.token.jwt.converters.KeyTypeConverter] with qualifier [null]
01:03:23.071 [Test worker] DEBUG io.micronaut.context.DefaultBeanContext -- Found a registration BeanRegistration: io.micronaut.security.token.jwt.converters.KeyTypeConverter@1827fc4e for candidate: Definition: io.micronaut.security.token.jwt.converters.KeyTypeConverter with qualifier: null
01:03:23.071 [Test worker] DEBUG io.micronaut.context.lifecycle -- Created bean [io.micronaut.security.token.jwt.converters.JWEAlgorithmConverter@4c41a177] from definition [Definition: io.micronaut.security.token.jwt.converters.JWEAlgorithmConverter] with qualifier [null]
01:03:23.071 [Test worker] DEBUG io.micronaut.context.DefaultBeanContext -- Found a registration BeanRegistration: io.micronaut.security.token.jwt.converters.JWEAlgorithmConverter@4c41a177 for candidate: Definition: io.micronaut.security.token.jwt.converters.JWEAlgorithmConverter with qualifier: null
01:03:23.071 [Test worker] DEBUG io.micronaut.context.lifecycle -- Created bean [io.micronaut.security.token.jwt.converters.EncryptionMethodConverter@2faf6e4a] from definition [Definition: io.micronaut.security.token.jwt.converters.EncryptionMethodConverter] with qualifier [null]
01:03:23.071 [Test worker] DEBUG io.micronaut.context.DefaultBeanContext -- Found a registration BeanRegistration: io.micronaut.security.token.jwt.converters.EncryptionMethodConverter@2faf6e4a for candidate: Definition: io.micronaut.security.token.jwt.converters.EncryptionMethodConverter with qualifier: null
01:03:23.071 [Test worker] DEBUG io.micronaut.context.lifecycle -- Created bean [io.micronaut.security.token.jwt.converters.JWSAlgorithmConverter@43ab0659] from definition [Definition: io.micronaut.security.token.jwt.converters.JWSAlgorithmConverter] with qualifier [null]
01:03:23.071 [Test worker] DEBUG io.micronaut.context.DefaultBeanContext -- Found a registration BeanRegistration: io.micronaut.security.token.jwt.converters.JWSAlgorithmConverter@43ab0659 for candidate: Definition: io.micronaut.security.token.jwt.converters.JWSAlgorithmConverter with qualifier: null
01:03:23.071 [Test worker] DEBUG io.micronaut.context.lifecycle -- Created bean [io.micronaut.security.config.InterceptUrlMapConverter@644947ee] from definition [Definition: io.micronaut.security.config.InterceptUrlMapConverter] with qualifier [null]
01:03:23.071 [Test worker] DEBUG io.micronaut.context.DefaultBeanContext -- Found a registration BeanRegistration: io.micronaut.security.config.InterceptUrlMapConverter@644947ee for candidate: Definition: io.micronaut.security.config.InterceptUrlMapConverter with qualifier: null
01:03:23.071 [Test worker] DEBUG io.micronaut.context.DefaultBeanContext -- Resolving beans for type: io.micronaut.core.convert.TypeConverterRegistrar
01:03:23.071 [Test worker] DEBUG io.micronaut.context.DefaultBeanContext -- Finding candidate beans for type: TypeConverterRegistrar
01:03:23.071 [Test worker] DEBUG io.micronaut.context.condition.Condition -- Bean [io.micronaut.reactor.convert.$ReactorToRxJava2ConverterRegistrar$Definition] will not be loaded due to failing conditions:
01:03:23.071 [Test worker] DEBUG io.micronaut.context.condition.Condition -- * Class [io.reactivex.Maybe] is not present
01:03:23.071 [Test worker] DEBUG io.micronaut.context.condition.Condition -- Bean [io.micronaut.reactor.convert.$ReactorToRxJava3ConverterRegistrar$Definition] will not be loaded due to failing conditions:
01:03:23.071 [Test worker] DEBUG io.micronaut.context.condition.Condition -- * Class [io.reactivex.rxjava3.core.Maybe] is not present
01:03:23.071 [Test worker] DEBUG io.micronaut.context.condition.Condition -- Bean [io.micronaut.http.netty.channel.converters.$KQueueChannelOptionFactory$Definition] will not be loaded due to failing conditions:
01:03:23.071 [Test worker] DEBUG io.micronaut.context.condition.Condition -- * Class [io.netty.channel.kqueue.KQueue] is not present
01:03:23.071 [Test worker] DEBUG io.micronaut.context.DefaultBeanContext --   class io.micronaut.jackson.databind.convert.JacksonConverterRegistrar null Definition: io.micronaut.jackson.databind.convert.JacksonConverterRegistrar
01:03:23.071 [Test worker] DEBUG io.micronaut.context.DefaultBeanContext --   class io.micronaut.json.convert.JsonConverterRegistrar null Definition: io.micronaut.json.convert.JsonConverterRegistrar
01:03:23.071 [Test worker] DEBUG io.micronaut.context.DefaultBeanContext --   class io.micronaut.http.converters.HttpConverterRegistrar null Definition: io.micronaut.http.converters.HttpConverterRegistrar
01:03:23.071 [Test worker] DEBUG io.micronaut.context.DefaultBeanContext --   class io.micronaut.http.server.netty.converters.NettyConverters null Definition: io.micronaut.http.server.netty.converters.NettyConverters
01:03:23.071 [Test worker] DEBUG io.micronaut.context.DefaultBeanContext --   class io.micronaut.buffer.netty.NettyByteBufferFactory null Definition: io.micronaut.buffer.netty.NettyByteBufferFactory
01:03:23.071 [Test worker] DEBUG io.micronaut.core.reflect.ClassUtils -- Attempting to dynamically load class io.micronaut.context.annotation.Prototype
01:03:23.071 [Test worker] DEBUG io.micronaut.core.reflect.ClassUtils -- Successfully loaded class io.micronaut.context.annotation.Prototype
01:03:23.071 [Test worker] DEBUG io.micronaut.context.DefaultBeanContext -- Finding candidate beans for type: BeanProvider objectMapper
01:03:23.071 [Test worker] DEBUG io.micronaut.context.DefaultBeanContext --   interface io.micronaut.context.BeanProvider null io.micronaut.inject.provider.BeanProviderDefinition@71926241
01:03:23.071 [Test worker] DEBUG io.micronaut.context.DefaultBeanContext -- Found concrete candidate [io.micronaut.inject.provider.BeanProviderDefinition@71926241] for type: objectMapper 
01:03:23.071 [Test worker] DEBUG io.micronaut.context.lifecycle -- Created bean [io.micronaut.inject.provider.BeanProviderDefinition$1@25421809] from definition [io.micronaut.inject.provider.BeanProviderDefinition@71926241] with qualifier [null]
01:03:23.071 [Test worker] DEBUG io.micronaut.context.lifecycle -- Created bean [io.micronaut.jackson.databind.convert.JacksonConverterRegistrar@714bffd5] from definition [Definition: io.micronaut.jackson.databind.convert.JacksonConverterRegistrar] with qualifier [null]
01:03:23.071 [Test worker] DEBUG io.micronaut.context.DefaultBeanContext -- Found a registration BeanRegistration: io.micronaut.jackson.databind.convert.JacksonConverterRegistrar@714bffd5 for candidate: Definition: io.micronaut.jackson.databind.convert.JacksonConverterRegistrar with qualifier: null
01:03:23.071 [Test worker] DEBUG io.micronaut.core.reflect.ClassUtils -- Attempting to dynamically load class io.micronaut.context.annotation.Prototype
01:03:23.071 [Test worker] DEBUG io.micronaut.core.reflect.ClassUtils -- Successfully loaded class io.micronaut.context.annotation.Prototype
01:03:23.071 [Test worker] DEBUG io.micronaut.context.DefaultBeanContext -- Finding candidate beans for type: BeanProvider objectCodec
01:03:23.071 [Test worker] DEBUG io.micronaut.context.DefaultBeanContext --   interface io.micronaut.context.BeanProvider null io.micronaut.inject.provider.BeanProviderDefinition@71926241
01:03:23.071 [Test worker] DEBUG io.micronaut.context.DefaultBeanContext -- Found concrete candidate [io.micronaut.inject.provider.BeanProviderDefinition@71926241] for type: objectCodec 
01:03:23.071 [Test worker] DEBUG io.micronaut.context.lifecycle -- Created bean [io.micronaut.inject.provider.BeanProviderDefinition$1@6ac9b66b] from definition [io.micronaut.inject.provider.BeanProviderDefinition@71926241] with qualifier [null]
01:03:23.071 [Test worker] DEBUG io.micronaut.context.DefaultBeanContext -- Finding candidate beans for type: BeanProvider beanPropertyBinder
01:03:23.071 [Test worker] DEBUG io.micronaut.context.DefaultBeanContext --   interface io.micronaut.context.BeanProvider null io.micronaut.inject.provider.BeanProviderDefinition@71926241
01:03:23.071 [Test worker] DEBUG io.micronaut.context.DefaultBeanContext -- Found concrete candidate [io.micronaut.inject.provider.BeanProviderDefinition@71926241] for type: beanPropertyBinder 
01:03:23.071 [Test worker] DEBUG io.micronaut.context.lifecycle -- Created bean [io.micronaut.inject.provider.BeanProviderDefinition$1@4491eaeb] from definition [io.micronaut.inject.provider.BeanProviderDefinition@71926241] with qualifier [null]
01:03:23.071 [Test worker] DEBUG io.micronaut.context.lifecycle -- Created bean [io.micronaut.json.convert.JsonConverterRegistrar@71262020] from definition [Definition: io.micronaut.json.convert.JsonConverterRegistrar] with qualifier [null]
01:03:23.071 [Test worker] DEBUG io.micronaut.context.DefaultBeanContext -- Found a registration BeanRegistration: io.micronaut.json.convert.JsonConverterRegistrar@71262020 for candidate: Definition: io.micronaut.json.convert.JsonConverterRegistrar with qualifier: null
01:03:23.071 [Test worker] DEBUG io.micronaut.core.reflect.ClassUtils -- Attempting to dynamically load class io.micronaut.context.annotation.Prototype
01:03:23.071 [Test worker] DEBUG io.micronaut.core.reflect.ClassUtils -- Successfully loaded class io.micronaut.context.annotation.Prototype
01:03:23.071 [Test worker] DEBUG io.micronaut.context.DefaultBeanContext -- Finding candidate beans for type: BeanProvider resourceResolver
01:03:23.071 [Test worker] DEBUG io.micronaut.context.DefaultBeanContext --   interface io.micronaut.context.BeanProvider null io.micronaut.inject.provider.BeanProviderDefinition@71926241
01:03:23.071 [Test worker] DEBUG io.micronaut.context.DefaultBeanContext -- Found concrete candidate [io.micronaut.inject.provider.BeanProviderDefinition@71926241] for type: resourceResolver 
01:03:23.071 [Test worker] DEBUG io.micronaut.context.lifecycle -- Created bean [io.micronaut.inject.provider.BeanProviderDefinition$1@5f3ddc86] from definition [io.micronaut.inject.provider.BeanProviderDefinition@71926241] with qualifier [null]
01:03:23.071 [Test worker] DEBUG io.micronaut.context.lifecycle -- Created bean [io.micronaut.http.converters.HttpConverterRegistrar@78e043e4] from definition [Definition: io.micronaut.http.converters.HttpConverterRegistrar] with qualifier [null]
01:03:23.071 [Test worker] DEBUG io.micronaut.context.DefaultBeanContext -- Found a registration BeanRegistration: io.micronaut.http.converters.HttpConverterRegistrar@78e043e4 for candidate: Definition: io.micronaut.http.converters.HttpConverterRegistrar with qualifier: null
01:03:23.071 [Test worker] DEBUG io.micronaut.core.reflect.ClassUtils -- Attempting to dynamically load class io.micronaut.context.annotation.Prototype
01:03:23.071 [Test worker] DEBUG io.micronaut.core.reflect.ClassUtils -- Successfully loaded class io.micronaut.context.annotation.Prototype
01:03:23.071 [Test worker] DEBUG io.micronaut.context.DefaultBeanContext -- Finding candidate beans for type: BeanProvider decoderRegistryProvider
01:03:23.071 [Test worker] DEBUG io.micronaut.context.DefaultBeanContext --   interface io.micronaut.context.BeanProvider null io.micronaut.inject.provider.BeanProviderDefinition@71926241
01:03:23.071 [Test worker] DEBUG io.micronaut.context.DefaultBeanContext -- Found concrete candidate [io.micronaut.inject.provider.BeanProviderDefinition@71926241] for type: decoderRegistryProvider 
01:03:23.071 [Test worker] DEBUG io.micronaut.context.lifecycle -- Created bean [io.micronaut.inject.provider.BeanProviderDefinition$1@336d28a1] from definition [io.micronaut.inject.provider.BeanProviderDefinition@71926241] with qualifier [null]
01:03:23.071 [Test worker] DEBUG io.micronaut.context.DefaultBeanContext -- Finding candidate beans for type: BeanProvider channelOptionFactory
01:03:23.071 [Test worker] DEBUG io.micronaut.context.DefaultBeanContext --   interface io.micronaut.context.BeanProvider null io.micronaut.inject.provider.BeanProviderDefinition@71926241
01:03:23.071 [Test worker] DEBUG io.micronaut.context.DefaultBeanContext -- Found concrete candidate [io.micronaut.inject.provider.BeanProviderDefinition@71926241] for type: channelOptionFactory 
01:03:23.071 [Test worker] DEBUG io.micronaut.context.lifecycle -- Created bean [io.micronaut.inject.provider.BeanProviderDefinition$1@738a39cc] from definition [io.micronaut.inject.provider.BeanProviderDefinition@71926241] with qualifier [null]
01:03:23.071 [Test worker] DEBUG io.micronaut.context.lifecycle -- Created bean [io.micronaut.http.server.netty.converters.NettyConverters@42e202d7] from definition [Definition: io.micronaut.http.server.netty.converters.NettyConverters] with qualifier [null]
01:03:23.071 [Test worker] DEBUG io.micronaut.context.DefaultBeanContext -- Found a registration BeanRegistration: io.micronaut.http.server.netty.converters.NettyConverters@42e202d7 for candidate: Definition: io.micronaut.http.server.netty.converters.NettyConverters with qualifier: null
01:03:23.071 [Test worker] DEBUG io.micronaut.context.lifecycle -- Created bean [io.micronaut.buffer.netty.NettyByteBufferFactory@38e7860c] from definition [Definition: io.micronaut.buffer.netty.NettyByteBufferFactory] with qualifier [null]
01:03:23.071 [Test worker] DEBUG io.micronaut.context.DefaultBeanContext -- Found a registration BeanRegistration: io.micronaut.buffer.netty.NettyByteBufferFactory@38e7860c for candidate: Definition: io.micronaut.buffer.netty.NettyByteBufferFactory with qualifier: null
01:03:23.071 [Test worker] DEBUG io.micronaut.context.DefaultBeanContext -- Found 5 bean registrations for type [typeConverterRegistrar]
01:03:23.071 [Test worker] DEBUG io.micronaut.context.DefaultBeanContext --   Definition: io.micronaut.http.server.netty.converters.NettyConverters null
01:03:23.071 [Test worker] DEBUG io.micronaut.context.DefaultBeanContext --   Definition: io.micronaut.http.converters.HttpConverterRegistrar null
01:03:23.071 [Test worker] DEBUG io.micronaut.context.DefaultBeanContext --   Definition: io.micronaut.buffer.netty.NettyByteBufferFactory null
01:03:23.071 [Test worker] DEBUG io.micronaut.context.DefaultBeanContext --   Definition: io.micronaut.jackson.databind.convert.JacksonConverterRegistrar null
01:03:23.071 [Test worker] DEBUG io.micronaut.context.DefaultBeanContext --   Definition: io.micronaut.json.convert.JsonConverterRegistrar null
01:03:23.071 [Test worker] DEBUG io.micronaut.context.condition.Condition -- Bean [io.micronaut.reactor.instrument.$ReactorAutomaticContextPropagation$Definition] will not be loaded due to failing conditions:
01:03:23.071 [Test worker] DEBUG io.micronaut.context.condition.Condition -- * Class [io.micrometer.context.ContextRegistry] is not present
01:03:23.071 [Test worker] DEBUG io.micronaut.context.condition.Condition -- Bean [io.micronaut.logging.$PropertiesLoggingLevelsConfigurer$Definition] will not be loaded due to failing conditions:
01:03:23.071 [Test worker] DEBUG io.micronaut.context.condition.Condition -- * Required property [logger] with value [null] not present
01:03:23.071 [Test worker] DEBUG io.micronaut.context.condition.Condition -- Bean [io.micronaut.buffer.netty.$DefaultByteBufAllocatorConfiguration$Definition] will not be loaded due to failing conditions:
01:03:23.071 [Test worker] DEBUG io.micronaut.context.condition.Condition -- * Required property [netty.default.allocator] with value [null] not present
01:03:23.071 [Test worker] DEBUG io.micronaut.context.DefaultBeanContext -- Resolving beans for type: io.micronaut.data.jdbc.config.DataJdbcConfiguration
01:03:23.071 [Test worker] DEBUG io.micronaut.context.DefaultBeanContext -- Finding candidate beans for type: DataJdbcConfiguration E
01:03:23.072 [Test worker] DEBUG io.micronaut.context.DefaultBeanContext --   class io.micronaut.data.jdbc.config.DataJdbcConfiguration @Named('default') Definition: io.micronaut.data.jdbc.config.DataJdbcConfiguration
01:03:23.072 [Test worker] DEBUG io.micronaut.context.lifecycle -- Created bean [io.micronaut.data.jdbc.config.DataJdbcConfiguration@62158991] from definition [Definition: io.micronaut.data.jdbc.config.DataJdbcConfiguration] with qualifier [@Named('default')]
01:03:23.072 [Test worker] DEBUG io.micronaut.context.DefaultBeanContext -- Found a registration BeanRegistration: io.micronaut.data.jdbc.config.DataJdbcConfiguration@62158991 for candidate: Definition: io.micronaut.data.jdbc.config.DataJdbcConfiguration with qualifier: null
01:03:23.072 [Test worker] DEBUG io.micronaut.context.DefaultBeanContext -- Finding candidate beans for type: JdbcSchemaHandler schemaHandler
01:03:23.072 [Test worker] DEBUG io.micronaut.context.DefaultBeanContext --   class io.micronaut.data.jdbc.operations.DefaultJdbcSchemaHandler null Definition: io.micronaut.data.jdbc.operations.DefaultJdbcSchemaHandler
01:03:23.072 [Test worker] DEBUG io.micronaut.context.DefaultBeanContext -- Found concrete candidate [Definition: io.micronaut.data.jdbc.operations.DefaultJdbcSchemaHandler] for type: schemaHandler 
01:03:23.072 [Test worker] DEBUG io.micronaut.context.lifecycle -- Created bean [io.micronaut.data.jdbc.operations.DefaultJdbcSchemaHandler@40738846] from definition [Definition: io.micronaut.data.jdbc.operations.DefaultJdbcSchemaHandler] with qualifier [null]
01:03:23.072 [Test worker] DEBUG io.micronaut.context.DefaultBeanContext -- Finding candidate beans for type: RuntimeEntityRegistry
01:03:23.072 [Test worker] DEBUG io.micronaut.context.DefaultBeanContext --   class io.micronaut.data.runtime.support.DefaultRuntimeEntityRegistry null Definition: io.micronaut.data.runtime.support.DefaultRuntimeEntityRegistry
01:03:23.072 [Test worker] DEBUG io.micronaut.context.DefaultBeanContext -- Found concrete candidate [Definition: io.micronaut.data.runtime.support.DefaultRuntimeEntityRegistry] for type: runtimeEntityRegistry 
01:03:23.072 [Test worker] DEBUG io.micronaut.context.DefaultBeanContext -- Finding candidate beans for type: EntityEventRegistry eventRegistry
01:03:23.072 [Test worker] DEBUG io.micronaut.context.DefaultBeanContext --   class io.micronaut.data.runtime.event.EntityEventRegistry null Definition: io.micronaut.data.runtime.event.EntityEventRegistry
01:03:23.072 [Test worker] DEBUG io.micronaut.context.DefaultBeanContext -- Found concrete candidate [Definition: io.micronaut.data.runtime.event.EntityEventRegistry] for type: eventRegistry 
01:03:23.072 [Test worker] DEBUG io.micronaut.context.DefaultBeanContext -- Finding candidate beans for type: EntityEventListener
01:03:23.072 [Test worker] DEBUG io.micronaut.context.DefaultBeanContext --   class io.micronaut.data.runtime.event.listeners.VersionGeneratingEntityEventListener null Definition: io.micronaut.data.runtime.event.listeners.VersionGeneratingEntityEventListener
01:03:23.072 [Test worker] DEBUG io.micronaut.context.DefaultBeanContext --   class io.micronaut.data.runtime.event.listeners.UUIDGeneratingEntityEventListener null Definition: io.micronaut.data.runtime.event.listeners.UUIDGeneratingEntityEventListener
01:03:23.072 [Test worker] DEBUG io.micronaut.context.DefaultBeanContext --   class io.micronaut.data.runtime.event.listeners.AutoTimestampEntityEventListener null Definition: io.micronaut.data.runtime.event.listeners.AutoTimestampEntityEventListener
01:03:23.072 [Test worker] DEBUG io.micronaut.context.DefaultBeanContext --   class io.micronaut.data.runtime.event.EntityEventRegistry null Definition: io.micronaut.data.runtime.event.EntityEventRegistry
01:03:23.072 [Test worker] DEBUG io.micronaut.context.DefaultBeanContext --   class io.micronaut.security.audit.UserAuditingEntityEventListener null Definition: io.micronaut.security.audit.UserAuditingEntityEventListener
01:03:23.072 [Test worker] DEBUG io.micronaut.context.DefaultBeanContext --   class io.micronaut.data.runtime.event.listeners.AnnotatedMethodInvokingEntityEventListener null Definition: io.micronaut.data.runtime.event.listeners.AnnotatedMethodInvokingEntityEventListener
01:03:23.072 [Test worker] DEBUG io.micronaut.context.DefaultBeanContext -- Finding candidate beans for qualifier: @EntityEventMapping
01:03:23.072 [Test worker] DEBUG io.micronaut.context.condition.Condition -- Bean [io.micronaut.data.jdbc.mapper.$OracleJdbcJsonColumnMapper$Definition] will not be loaded due to failing conditions:
01:03:23.072 [Test worker] DEBUG io.micronaut.context.condition.Condition -- * Class [io.micronaut.serde.oracle.jdbc.json.OracleJdbcJsonBinaryObjectMapper] is not present
01:03:23.072 [Test worker] DEBUG io.micronaut.context.condition.Condition -- Bean [io.micronaut.data.jdbc.convert.vendor.$OracleTypeConvertersFactory$Definition] will not be loaded due to failing conditions:
01:03:23.072 [Test worker] DEBUG io.micronaut.context.condition.Condition -- * Class [oracle.sql.DATE] is not present
01:03:23.072 [Test worker] DEBUG io.micronaut.context.condition.Condition -- Bean [io.micronaut.security.token.jwt.validator.$NotBeforeJwtClaimsValidator$Definition] will not be loaded due to failing conditions:
01:03:23.072 [Test worker] DEBUG io.micronaut.context.condition.Condition -- * Required property [micronaut.security.token.jwt.claims-validators.not-before] with value [true] not present
01:03:23.073 [Test worker] DEBUG io.micronaut.context.condition.Condition -- Bean [io.micronaut.security.token.jwt.validator.$AudienceJwtClaimsValidator$Definition] will not be loaded due to failing conditions:
01:03:23.073 [Test worker] DEBUG io.micronaut.context.condition.Condition -- * Required property [micronaut.security.token.jwt.claims-validators.audience] with value [null] not present
01:03:23.073 [Test worker] DEBUG io.micronaut.context.condition.Condition -- Bean [io.micronaut.security.token.jwt.generator.$RefreshTokenConfigurationProperties$Definition] will not be loaded due to failing conditions:
01:03:23.073 [Test worker] DEBUG io.micronaut.context.condition.Condition -- * Required property [micronaut.security.token.jwt.generator.refresh-token.secret] with value [null] not present
01:03:23.073 [Test worker] DEBUG io.micronaut.context.condition.Condition -- Bean [io.micronaut.security.token.jwt.validator.$IssuerJwtClaimsValidator$Definition] will not be loaded due to failing conditions:
01:03:23.073 [Test worker] DEBUG io.micronaut.context.condition.Condition -- * Required property [micronaut.security.token.jwt.claims-validators.issuer] with value [null] not present
01:03:23.073 [Test worker] DEBUG io.micronaut.context.condition.Condition -- Bean [io.micronaut.security.token.propagation.$TokenPropagationHttpClientFilter$Definition] will not be loaded due to failing conditions:
01:03:23.073 [Test worker] DEBUG io.micronaut.context.condition.Condition -- * Required property [micronaut.security.token.propagation.enabled] with value [true] not present
01:03:23.073 [Test worker] DEBUG io.micronaut.context.condition.Condition -- Bean [io.micronaut.security.errors.$CookiePriorToLoginPersistence$Definition] will not be loaded due to failing conditions:
01:03:23.073 [Test worker] DEBUG io.micronaut.context.condition.Condition -- * Required property [micronaut.security.redirect.prior-to-login] with value [true] not present
01:03:23.073 [Test worker] DEBUG io.micronaut.context.condition.Condition -- Bean [io.micronaut.security.token.bearer.$AccessRefreshTokenLoginHandler$Definition] will not be loaded due to failing conditions:
01:03:23.073 [Test worker] DEBUG io.micronaut.context.condition.Condition -- * Required property [micronaut.security.authentication] with value [bearer] not present
01:03:23.073 [Test worker] DEBUG io.micronaut.context.condition.Condition -- Bean [io.micronaut.security.token.cookie.$TokenCookieLoginHandler$Definition] will not be loaded due to failing conditions:
01:03:23.073 [Test worker] DEBUG io.micronaut.context.condition.Condition -- * Required property [micronaut.security.authentication] with value [cookie] not present
01:03:23.073 [Test worker] DEBUG io.micronaut.context.condition.Condition -- Bean [io.micronaut.data.runtime.support.convert.convert.jpa.$JxAttributeConverterProvider$Definition] will not be loaded due to failing conditions:
01:03:23.073 [Test worker] DEBUG io.micronaut.context.condition.Condition -- * Class [javax.persistence.AttributeConverter] is not present
01:03:23.073 [Test worker] DEBUG io.micronaut.context.condition.Condition -- Bean [io.micronaut.data.runtime.multitenancy.internal.$DefaultTenantResolver$Definition] will not be loaded due to failing conditions:
01:03:23.073 [Test worker] DEBUG io.micronaut.context.condition.Condition -- * Class [io.micronaut.multitenancy.tenantresolver.TenantResolver] is not present
01:03:23.073 [Test worker] DEBUG io.micronaut.context.condition.Condition -- Bean [io.micronaut.data.runtime.support.convert.convert.jpa.$JakartaAttributeConverterProvider$Definition] will not be loaded due to failing conditions:
01:03:23.073 [Test worker] DEBUG io.micronaut.context.condition.Condition -- * Class [jakarta.persistence.AttributeConverter] is not present
01:03:23.073 [Test worker] DEBUG io.micronaut.context.condition.Condition -- Bean [io.micronaut.test.support.sql.$ConnectionFactoryHandler$Definition] will not be loaded due to failing conditions:
01:03:23.073 [Test worker] DEBUG io.micronaut.context.condition.Condition -- * Class [io.r2dbc.spi.ConnectionFactory] is not present
01:03:23.073 [Test worker] DEBUG io.micronaut.context.condition.Condition -- Bean [io.micronaut.test.support.server.$TestEmbeddedServer$Definition] will not be loaded due to failing conditions:
01:03:23.073 [Test worker] DEBUG io.micronaut.context.condition.Condition -- * Required property [micronaut.test.server.url] with value [null] not present
01:03:23.073 [Test worker] DEBUG io.micronaut.context.condition.Condition -- Bean [io.micronaut.test.support.server.$TestExecutableEmbeddedServer$Definition] will not be loaded due to failing conditions:
01:03:23.073 [Test worker] DEBUG io.micronaut.context.condition.Condition -- * Required property [micronaut.test.server.executable] with value [null] not present
01:03:23.073 [Test worker] DEBUG io.micronaut.context.condition.Condition -- Bean [io.micronaut.transaction.kotlin.$DefaultCoroutineTransactionOperations$Definition] will not be loaded due to failing conditions:
01:03:23.073 [Test worker] DEBUG io.micronaut.context.condition.Condition -- * Class [kotlinx.coroutines.reactor.ReactorContext] is not present
01:03:23.073 [Test worker] DEBUG io.micronaut.context.condition.Condition -- Bean [io.micronaut.transaction.test.$DefaultTestTransactionExecutionListener$Definition] will not be loaded due to failing conditions:
01:03:23.073 [Test worker] DEBUG io.micronaut.context.condition.Condition -- * Property [micronaut.test.transactional] with value [false] does not equal required value: true
01:03:23.073 [Test worker] DEBUG io.micronaut.context.condition.Condition -- Bean [io.micronaut.data.connection.kotlin.$DefaultCoroutineConnectionOperations$Definition] will not be loaded due to failing conditions:
01:03:23.073 [Test worker] DEBUG io.micronaut.context.condition.Condition -- * Class [kotlinx.coroutines.reactor.ReactorContext] is not present
01:03:23.073 [Test worker] DEBUG io.micronaut.context.condition.Condition -- Bean [io.micronaut.http.server.netty.jackson.$JsonViewServerFilter$Definition] will not be loaded due to failing conditions:
01:03:23.073 [Test worker] DEBUG io.micronaut.context.condition.Condition -- * Required property [jackson.json-view.enabled] with value [null] not present
01:03:23.073 [Test worker] DEBUG io.micronaut.context.condition.Condition -- Bean [io.micronaut.http.server.netty.jackson.$JsonViewMediaTypeCodecFactory$Definition] will not be loaded due to failing conditions:
01:03:23.073 [Test worker] DEBUG io.micronaut.context.condition.Condition -- * Required property [jackson.json-view.enabled] with value [null] not present
01:03:23.073 [Test worker] DEBUG io.micronaut.context.condition.Condition -- Bean [io.micronaut.http.netty.channel.converters.$EpollChannelOptionFactory$Definition] will not be loaded due to failing conditions:
01:03:23.073 [Test worker] DEBUG io.micronaut.context.condition.Condition -- * Class [io.netty.channel.epoll.Epoll] is not present
01:03:23.073 [Test worker] DEBUG io.micronaut.context.condition.Condition -- Bean [io.micronaut.http.netty.channel.$KQueueEventLoopGroupFactory$Definition] will not be loaded due to failing conditions:
01:03:23.073 [Test worker] DEBUG io.micronaut.context.condition.Condition -- * Class [io.netty.channel.kqueue.KQueue] is not present
01:03:23.073 [Test worker] DEBUG io.micronaut.context.condition.Condition -- Bean [io.micronaut.http.netty.channel.$IoUringEventLoopGroupFactory$Definition] will not be loaded due to failing conditions:
01:03:23.073 [Test worker] DEBUG io.micronaut.context.condition.Condition -- * Class [io.netty.incubator.channel.uring.IOUring] is not present
01:03:23.073 [Test worker] DEBUG io.micronaut.context.condition.Condition -- Bean [io.micronaut.http.netty.channel.$EpollEventLoopGroupFactory$Definition] will not be loaded due to failing conditions:
01:03:23.073 [Test worker] DEBUG io.micronaut.context.condition.Condition -- * Class [io.netty.channel.epoll.Epoll] is not present
01:03:23.073 [Test worker] DEBUG io.micronaut.context.condition.Condition -- Bean [io.micronaut.http.server.util.locale.$HttpFixedLocaleResolver$Definition] will not be loaded due to failing conditions:
01:03:23.073 [Test worker] DEBUG io.micronaut.context.condition.Condition -- * Required property [micronaut.server.locale-resolution.fixed] with value [null] not present
01:03:23.073 [Test worker] DEBUG io.micronaut.context.condition.Condition -- Bean [io.micronaut.http.server.$CoroutineHelper$Definition] will not be loaded due to failing conditions:
01:03:23.073 [Test worker] DEBUG io.micronaut.context.condition.Condition -- * Class [kotlin.coroutines.CoroutineContext] is not present
01:03:23.073 [Test worker] DEBUG io.micronaut.context.condition.Condition -- Bean [io.micronaut.http.server.$OptionsFilter$Definition] will not be loaded due to failing conditions:
01:03:23.073 [Test worker] DEBUG io.micronaut.context.condition.Condition -- * Property [micronaut.server.dispatch-options-requests] with value [false] does not equal required value: true
01:03:23.073 [Test worker] DEBUG io.micronaut.context.condition.Condition -- Bean [io.micronaut.http.server.util.locale.$CookieLocaleResolver$Definition] will not be loaded due to failing conditions:
01:03:23.073 [Test worker] DEBUG io.micronaut.context.condition.Condition -- * Required property [micronaut.server.locale-resolution.cookie-name] with value [null] not present
01:03:23.073 [Test worker] DEBUG io.micronaut.context.condition.Condition -- Bean [io.micronaut.management.health.indicator.client.$ServiceHttpClientHealthIndicator$Definition] will not be loaded due to failing conditions:
01:03:23.073 [Test worker] DEBUG io.micronaut.context.condition.Condition -- * Property [endpoints.health.service-http-client.enabled] with value [false] should not equal: false
01:03:23.073 [Test worker] DEBUG io.micronaut.context.condition.Condition -- Bean [io.micronaut.management.endpoint.loggers.impl.$Log4jLoggingSystem$Definition] will not be loaded due to failing conditions:
01:03:23.073 [Test worker] DEBUG io.micronaut.context.condition.Condition -- * Class [org.apache.logging.log4j.core.LoggerContext] is not present
01:03:23.073 [Test worker] DEBUG io.micronaut.context.condition.Condition -- Bean [io.micronaut.web.router.version.$ConfigurationDefaultVersionProvider$Definition] will not be loaded due to failing conditions:
01:03:23.073 [Test worker] DEBUG io.micronaut.context.condition.Condition -- * Required property [micronaut.router.versioning.default-version] with value [null] not present
01:03:23.073 [Test worker] DEBUG io.micronaut.context.condition.Condition -- Bean [io.micronaut.web.router.version.resolution.$HeaderVersionResolverConfiguration$Definition] will not be loaded due to failing conditions:
01:03:23.073 [Test worker] DEBUG io.micronaut.context.condition.Condition -- * Required property [micronaut.router.versioning.header.enabled] with value [true] not present
01:03:23.073 [Test worker] DEBUG io.micronaut.context.condition.Condition -- Bean [io.micronaut.web.router.version.$RoutesVersioningConfiguration$Definition] will not be loaded due to failing conditions:
01:03:23.073 [Test worker] DEBUG io.micronaut.context.condition.Condition -- * Required property [micronaut.router.versioning.enabled] with value [true] not present
01:03:23.073 [Test worker] DEBUG io.micronaut.context.condition.Condition -- Bean [io.micronaut.web.router.naming.$ConfigurableUriNamingStrategy$Definition] will not be loaded due to failing conditions:
01:03:23.073 [Test worker] DEBUG io.micronaut.context.condition.Condition -- * Required property [micronaut.server.context-path] with value [null] not present
01:03:23.073 [Test worker] DEBUG io.micronaut.context.condition.Condition -- Bean [io.micronaut.web.router.version.resolution.$ParameterVersionResolverConfiguration$Definition] will not be loaded due to failing conditions:
01:03:23.073 [Test worker] DEBUG io.micronaut.context.condition.Condition -- * Required property [micronaut.router.versioning.parameter.enabled] with value [true] not present
01:03:23.073 [Test worker] DEBUG io.micronaut.context.condition.Condition -- Bean [io.micronaut.http.ssl.$ServerSslConfiguration$DefaultKeyStoreConfiguration$Definition] will not be loaded due to failing conditions:
01:03:23.073 [Test worker] DEBUG io.micronaut.context.condition.Condition -- * Required property [micronaut.server.ssl.key-store] with value [null] not present
01:03:23.073 [Test worker] DEBUG io.micronaut.context.condition.Condition -- Bean [io.micronaut.http.body.$ConversionTextPlainHandler$Definition] will not be loaded due to failing conditions:
01:03:23.073 [Test worker] DEBUG io.micronaut.context.condition.Condition -- * Required property [micronaut.http.legacy-text-conversion] with value [true] not present
01:03:23.073 [Test worker] DEBUG io.micronaut.context.condition.Condition -- Bean [io.micronaut.http.ssl.$ServerSslConfiguration$DefaultKeyConfiguration$Definition] will not be loaded due to failing conditions:
01:03:23.073 [Test worker] DEBUG io.micronaut.context.condition.Condition -- * Required property [micronaut.server.ssl.key] with value [null] not present
01:03:23.073 [Test worker] DEBUG io.micronaut.context.condition.Condition -- Bean [io.micronaut.http.ssl.$ClientSslConfiguration$DefaultTrustStoreConfiguration$Definition] will not be loaded due to failing conditions:
01:03:23.073 [Test worker] DEBUG io.micronaut.context.condition.Condition -- * Required property [micronaut.http.client.ssl.trust-store] with value [null] not present
01:03:23.073 [Test worker] DEBUG io.micronaut.context.condition.Condition -- Bean [io.micronaut.http.ssl.$ServerSslConfiguration$DefaultTrustStoreConfiguration$Definition] will not be loaded due to failing conditions:
01:03:23.073 [Test worker] DEBUG io.micronaut.context.condition.Condition -- * Required property [micronaut.server.ssl.trust-store] with value [null] not present
01:03:23.073 [Test worker] DEBUG io.micronaut.context.condition.Condition -- Bean [io.micronaut.http.ssl.$ClientSslConfiguration$DefaultKeyConfiguration$Definition] will not be loaded due to failing conditions:
01:03:23.073 [Test worker] DEBUG io.micronaut.context.condition.Condition -- * Required property [micronaut.http.client.ssl.key] with value [null] not present
01:03:23.073 [Test worker] DEBUG io.micronaut.context.condition.Condition -- Bean [io.micronaut.http.ssl.$ClientSslConfiguration$DefaultKeyStoreConfiguration$Definition] will not be loaded due to failing conditions:
01:03:23.073 [Test worker] DEBUG io.micronaut.context.condition.Condition -- * Required property [micronaut.http.client.ssl.key-store] with value [null] not present
01:03:23.074 [Test worker] DEBUG io.micronaut.context.condition.Condition -- Bean [io.micronaut.discovery.cloud.digitalocean.$DigitalOceanMetadataResolver$Definition] will not be loaded due to failing conditions:
01:03:23.074 [Test worker] DEBUG io.micronaut.context.condition.Condition -- * None of the required environments [digitalocean] are active: [test]
01:03:23.074 [Test worker] DEBUG io.micronaut.context.condition.Condition -- Bean [io.micronaut.discovery.cloud.digitalocean.$DigitalOceanMetadataConfiguration$Definition] will not be loaded due to failing conditions:
01:03:23.074 [Test worker] DEBUG io.micronaut.context.condition.Condition -- * None of the required environments [digitalocean] are active: [test]
01:03:23.074 [Test worker] DEBUG io.micronaut.core.reflect.ClassUtils -- Attempting to dynamically load class io.methvin.watchservice.MacOSXListeningWatchService
01:03:23.074 [Test worker] DEBUG io.micronaut.core.reflect.ClassUtils -- Class io.methvin.watchservice.MacOSXListeningWatchService is not present
01:03:23.074 [Test worker] DEBUG io.micronaut.context.condition.Condition -- Bean [io.micronaut.runtime.server.watch.event.$FileWatchRestartListener$Definition] will not be loaded due to failing conditions:
01:03:23.074 [Test worker] DEBUG io.micronaut.context.condition.Condition -- * Property [micronaut.io.watch.restart] with value [false] does not equal required value: true
01:03:23.074 [Test worker] DEBUG io.micronaut.core.reflect.ClassUtils -- Attempting to dynamically load class io.methvin.watchservice.MacOSXListeningWatchService
01:03:23.074 [Test worker] DEBUG io.micronaut.core.reflect.ClassUtils -- Class io.methvin.watchservice.MacOSXListeningWatchService is not present
01:03:23.074 [Test worker] DEBUG io.micronaut.context.condition.Condition -- Bean [io.micronaut.scheduling.io.watch.$WatchServiceFactory$WatchService0$Definition] will not be loaded due to failing conditions:
01:03:23.074 [Test worker] DEBUG io.micronaut.context.condition.Condition -- * Required property [micronaut.io.watch.paths] with value [null] not present
01:03:23.074 [Test worker] DEBUG io.micronaut.context.condition.Condition -- Bean [io.micronaut.scheduling.io.watch.$DefaultWatchThread$Definition] will not be loaded due to failing conditions:
01:03:23.074 [Test worker] DEBUG io.micronaut.context.condition.Condition -- * Required property [micronaut.io.watch.paths] with value [null] not present
01:03:23.074 [Test worker] DEBUG io.micronaut.context.condition.Condition -- Bean [io.micronaut.scheduling.io.watch.$FileWatchConfiguration$Definition] will not be loaded due to failing conditions:
01:03:23.074 [Test worker] DEBUG io.micronaut.context.condition.Condition -- * Required property [micronaut.io.watch.paths] with value [null] not present
01:03:23.074 [Test worker] DEBUG io.micronaut.context.condition.Condition -- Bean [io.micronaut.scheduling.executor.$IOExecutorServiceConfig$Io0$Definition] will not be loaded due to failing conditions:
01:03:23.074 [Test worker] DEBUG io.micronaut.context.condition.Condition -- * Property [micronaut.executors.io] present
01:03:23.074 [Test worker] DEBUG io.micronaut.context.condition.Condition -- Bean [io.micronaut.logging.impl.$Log4jLoggingSystem$Definition] will not be loaded due to failing conditions:
01:03:23.074 [Test worker] DEBUG io.micronaut.context.condition.Condition -- * Class [org.apache.logging.log4j.core.config.Configurator] is not present
01:03:23.074 [Test worker] DEBUG io.micronaut.context.lifecycle -- Created bean [io.micronaut.data.runtime.event.EntityEventRegistry@1255de25] from definition [Definition: io.micronaut.data.runtime.event.EntityEventRegistry] with qualifier [null]
01:03:23.074 [Test worker] DEBUG io.micronaut.context.DefaultBeanContext -- Resolving beans for type: io.micronaut.data.model.runtime.PropertyAutoPopulator<java.lang.annotation.Annotation>
01:03:23.074 [Test worker] DEBUG io.micronaut.context.DefaultBeanContext -- Finding candidate beans for type: PropertyAutoPopulator T
01:03:23.074 [Test worker] DEBUG io.micronaut.context.DefaultBeanContext --   class io.micronaut.data.runtime.event.listeners.VersionGeneratingEntityEventListener null Definition: io.micronaut.data.runtime.event.listeners.VersionGeneratingEntityEventListener
01:03:23.074 [Test worker] DEBUG io.micronaut.context.DefaultBeanContext --   class io.micronaut.data.runtime.event.listeners.AutoTimestampEntityEventListener null Definition: io.micronaut.data.runtime.event.listeners.AutoTimestampEntityEventListener
01:03:23.074 [Test worker] DEBUG io.micronaut.context.DefaultBeanContext -- Finding candidate beans for type: DateTimeProvider dateTimeProvider
01:03:23.074 [Test worker] DEBUG io.micronaut.context.DefaultBeanContext --   class io.micronaut.data.runtime.date.CurrentDateTimeProvider null Definition: io.micronaut.data.runtime.date.CurrentDateTimeProvider
01:03:23.074 [Test worker] DEBUG io.micronaut.context.DefaultBeanContext -- Found concrete candidate [Definition: io.micronaut.data.runtime.date.CurrentDateTimeProvider] for type: dateTimeProvider 
01:03:23.074 [Test worker] DEBUG io.micronaut.context.lifecycle -- Created bean [io.micronaut.data.runtime.date.CurrentDateTimeProvider@1686ed85] from definition [Definition: io.micronaut.data.runtime.date.CurrentDateTimeProvider] with qualifier [null]
01:03:23.074 [Test worker] DEBUG io.micronaut.context.DefaultBeanContext -- Finding candidate beans for type: DataConversionService conversionService
01:03:23.074 [Test worker] DEBUG io.micronaut.context.DefaultBeanContext --   class io.micronaut.data.runtime.convert.DataConversionServiceImpl null Definition: io.micronaut.data.runtime.convert.DataConversionServiceFactory
01:03:23.074 [Test worker] DEBUG io.micronaut.context.DefaultBeanContext -- Found concrete candidate [Definition: io.micronaut.data.runtime.convert.DataConversionServiceFactory] for type: conversionService 
01:03:23.074 [Test worker] DEBUG io.micronaut.context.DefaultBeanContext -- Finding candidate beans for type: DataConversionServiceFactory
01:03:23.074 [Test worker] DEBUG io.micronaut.context.DefaultBeanContext --   class io.micronaut.data.runtime.convert.DataConversionServiceFactory null Definition: io.micronaut.data.runtime.convert.DataConversionServiceFactory
01:03:23.074 [Test worker] DEBUG io.micronaut.context.DefaultBeanContext -- Found concrete candidate [Definition: io.micronaut.data.runtime.convert.DataConversionServiceFactory] for type: dataConversionServiceFactory 
01:03:23.074 [Test worker] DEBUG io.micronaut.context.lifecycle -- Created bean [io.micronaut.data.runtime.convert.DataConversionServiceFactory@5891b7c5] from definition [Definition: io.micronaut.data.runtime.convert.DataConversionServiceFactory] with qualifier [null]
01:03:23.076 [Test worker] DEBUG io.micronaut.context.DefaultBeanContext -- Resolving beans for type: io.micronaut.data.runtime.convert.DataTypeConverter
01:03:23.076 [Test worker] DEBUG io.micronaut.context.DefaultBeanContext -- Finding candidate beans for type: DataTypeConverter
01:03:23.076 [Test worker] DEBUG io.micronaut.context.DefaultBeanContext -- No bean candidates found for type: DataTypeConverter
01:03:23.076 [Test worker] DEBUG io.micronaut.context.DefaultBeanContext -- Resolving beans for type: io.micronaut.core.convert.TypeConverterRegistrar
01:03:23.076 [Test worker] DEBUG io.micronaut.core.reflect.ClassUtils -- Attempting to dynamically load class io.micronaut.context.annotation.Prototype
01:03:23.076 [Test worker] DEBUG io.micronaut.core.reflect.ClassUtils -- Successfully loaded class io.micronaut.context.annotation.Prototype
01:03:23.076 [Test worker] DEBUG io.micronaut.context.lifecycle -- Created bean [io.micronaut.inject.provider.BeanProviderDefinition$1@70697478] from definition [io.micronaut.inject.provider.BeanProviderDefinition@71926241] with qualifier [null]
01:03:23.076 [Test worker] DEBUG io.micronaut.context.lifecycle -- Created bean [io.micronaut.jackson.databind.convert.JacksonConverterRegistrar@42b43a6] from definition [Definition: io.micronaut.jackson.databind.convert.JacksonConverterRegistrar] with qualifier [null]
01:03:23.076 [Test worker] DEBUG io.micronaut.context.DefaultBeanContext -- Found a registration BeanRegistration: io.micronaut.jackson.databind.convert.JacksonConverterRegistrar@42b43a6 for candidate: Definition: io.micronaut.jackson.databind.convert.JacksonConverterRegistrar with qualifier: null
01:03:23.076 [Test worker] DEBUG io.micronaut.core.reflect.ClassUtils -- Attempting to dynamically load class io.micronaut.context.annotation.Prototype
01:03:23.076 [Test worker] DEBUG io.micronaut.core.reflect.ClassUtils -- Successfully loaded class io.micronaut.context.annotation.Prototype
01:03:23.076 [Test worker] DEBUG io.micronaut.context.lifecycle -- Created bean [io.micronaut.inject.provider.BeanProviderDefinition$1@1d622556] from definition [io.micronaut.inject.provider.BeanProviderDefinition@71926241] with qualifier [null]
01:03:23.077 [Test worker] DEBUG io.micronaut.context.lifecycle -- Created bean [io.micronaut.inject.provider.BeanProviderDefinition$1@4b9f7edc] from definition [io.micronaut.inject.provider.BeanProviderDefinition@71926241] with qualifier [null]
01:03:23.077 [Test worker] DEBUG io.micronaut.context.lifecycle -- Created bean [io.micronaut.json.convert.JsonConverterRegistrar@70ee1963] from definition [Definition: io.micronaut.json.convert.JsonConverterRegistrar] with qualifier [null]
01:03:23.077 [Test worker] DEBUG io.micronaut.context.DefaultBeanContext -- Found a registration BeanRegistration: io.micronaut.json.convert.JsonConverterRegistrar@70ee1963 for candidate: Definition: io.micronaut.json.convert.JsonConverterRegistrar with qualifier: null
01:03:23.077 [Test worker] DEBUG io.micronaut.core.reflect.ClassUtils -- Attempting to dynamically load class io.micronaut.context.annotation.Prototype
01:03:23.077 [Test worker] DEBUG io.micronaut.core.reflect.ClassUtils -- Successfully loaded class io.micronaut.context.annotation.Prototype
01:03:23.077 [Test worker] DEBUG io.micronaut.context.lifecycle -- Created bean [io.micronaut.inject.provider.BeanProviderDefinition$1@2e0652ab] from definition [io.micronaut.inject.provider.BeanProviderDefinition@71926241] with qualifier [null]
01:03:23.077 [Test worker] DEBUG io.micronaut.context.lifecycle -- Created bean [io.micronaut.http.converters.HttpConverterRegistrar@22c29aa8] from definition [Definition: io.micronaut.http.converters.HttpConverterRegistrar] with qualifier [null]
01:03:23.077 [Test worker] DEBUG io.micronaut.context.DefaultBeanContext -- Found a registration BeanRegistration: io.micronaut.http.converters.HttpConverterRegistrar@22c29aa8 for candidate: Definition: io.micronaut.http.converters.HttpConverterRegistrar with qualifier: null
01:03:23.077 [Test worker] DEBUG io.micronaut.core.reflect.ClassUtils -- Attempting to dynamically load class io.micronaut.context.annotation.Prototype
01:03:23.077 [Test worker] DEBUG io.micronaut.core.reflect.ClassUtils -- Successfully loaded class io.micronaut.context.annotation.Prototype
01:03:23.077 [Test worker] DEBUG io.micronaut.context.lifecycle -- Created bean [io.micronaut.inject.provider.BeanProviderDefinition$1@129b69b2] from definition [io.micronaut.inject.provider.BeanProviderDefinition@71926241] with qualifier [null]
01:03:23.077 [Test worker] DEBUG io.micronaut.context.lifecycle -- Created bean [io.micronaut.inject.provider.BeanProviderDefinition$1@12be4f83] from definition [io.micronaut.inject.provider.BeanProviderDefinition@71926241] with qualifier [null]
01:03:23.077 [Test worker] DEBUG io.micronaut.context.lifecycle -- Created bean [io.micronaut.http.server.netty.converters.NettyConverters@eb1d475] from definition [Definition: io.micronaut.http.server.netty.converters.NettyConverters] with qualifier [null]
01:03:23.077 [Test worker] DEBUG io.micronaut.context.DefaultBeanContext -- Found a registration BeanRegistration: io.micronaut.http.server.netty.converters.NettyConverters@eb1d475 for candidate: Definition: io.micronaut.http.server.netty.converters.NettyConverters with qualifier: null
01:03:23.077 [Test worker] DEBUG io.micronaut.context.DefaultBeanContext -- Found a registration BeanRegistration: io.micronaut.buffer.netty.NettyByteBufferFactory@38e7860c for candidate: Definition: io.micronaut.buffer.netty.NettyByteBufferFactory with qualifier: null
01:03:23.077 [Test worker] DEBUG io.micronaut.context.DefaultBeanContext -- Found 5 bean registrations for type [typeConverterRegistrar]
01:03:23.077 [Test worker] DEBUG io.micronaut.context.DefaultBeanContext --   Definition: io.micronaut.http.server.netty.converters.NettyConverters null
01:03:23.077 [Test worker] DEBUG io.micronaut.context.DefaultBeanContext --   Definition: io.micronaut.http.converters.HttpConverterRegistrar null
01:03:23.077 [Test worker] DEBUG io.micronaut.context.DefaultBeanContext --   Definition: io.micronaut.buffer.netty.NettyByteBufferFactory null
01:03:23.077 [Test worker] DEBUG io.micronaut.context.DefaultBeanContext --   Definition: io.micronaut.jackson.databind.convert.JacksonConverterRegistrar null
01:03:23.077 [Test worker] DEBUG io.micronaut.context.DefaultBeanContext --   Definition: io.micronaut.json.convert.JsonConverterRegistrar null
01:03:23.077 [Test worker] DEBUG io.micronaut.context.lifecycle -- Created bean [io.micronaut.data.runtime.convert.DataConversionServiceImpl@389008d1] from definition [Definition: io.micronaut.data.runtime.convert.DataConversionServiceFactory] with qualifier [null]
01:03:23.077 [Test worker] DEBUG io.micronaut.context.lifecycle -- Created bean [io.micronaut.data.runtime.event.listeners.VersionGeneratingEntityEventListener@718f3088] from definition [Definition: io.micronaut.data.runtime.event.listeners.VersionGeneratingEntityEventListener] with qualifier [null]
01:03:23.077 [Test worker] DEBUG io.micronaut.context.DefaultBeanContext -- Found a registration BeanRegistration: io.micronaut.data.runtime.event.listeners.VersionGeneratingEntityEventListener@718f3088 for candidate: Definition: io.micronaut.data.runtime.event.listeners.VersionGeneratingEntityEventListener with qualifier: null
01:03:23.077 [Test worker] DEBUG io.micronaut.context.lifecycle -- Created bean [io.micronaut.data.runtime.event.listeners.AutoTimestampEntityEventListener@11adab6d] from definition [Definition: io.micronaut.data.runtime.event.listeners.AutoTimestampEntityEventListener] with qualifier [null]
01:03:23.077 [Test worker] DEBUG io.micronaut.context.DefaultBeanContext -- Found a registration BeanRegistration: io.micronaut.data.runtime.event.listeners.AutoTimestampEntityEventListener@11adab6d for candidate: Definition: io.micronaut.data.runtime.event.listeners.AutoTimestampEntityEventListener with qualifier: null
01:03:23.077 [Test worker] DEBUG io.micronaut.context.DefaultBeanContext -- Finding candidate beans for type: AttributeConverterRegistry attributeConverterRegistry
01:03:23.077 [Test worker] DEBUG io.micronaut.context.DefaultBeanContext --   class io.micronaut.data.runtime.support.convert.DefaultAttributeConverterRegistry null Definition: io.micronaut.data.runtime.support.convert.DefaultAttributeConverterRegistry
01:03:23.077 [Test worker] DEBUG io.micronaut.context.DefaultBeanContext -- Found concrete candidate [Definition: io.micronaut.data.runtime.support.convert.DefaultAttributeConverterRegistry] for type: attributeConverterRegistry 
01:03:23.077 [Test worker] DEBUG io.micronaut.context.DefaultBeanContext -- Resolving beans for type: io.micronaut.data.runtime.support.convert.AttributeConverterProvider
01:03:23.077 [Test worker] DEBUG io.micronaut.context.DefaultBeanContext -- Finding candidate beans for type: AttributeConverterProvider E
01:03:23.077 [Test worker] DEBUG io.micronaut.context.DefaultBeanContext -- No bean candidates found for type: AttributeConverterProvider E
01:03:23.077 [Test worker] DEBUG io.micronaut.context.lifecycle -- Created bean [io.micronaut.data.runtime.support.convert.DefaultAttributeConverterRegistry@11bfd751] from definition [Definition: io.micronaut.data.runtime.support.convert.DefaultAttributeConverterRegistry] with qualifier [null]
01:03:23.077 [Test worker] DEBUG io.micronaut.context.lifecycle -- Created bean [io.micronaut.data.runtime.support.DefaultRuntimeEntityRegistry@29519337] from definition [Definition: io.micronaut.data.runtime.support.DefaultRuntimeEntityRegistry] with qualifier [null]
01:03:23.077 [Test worker] DEBUG io.micronaut.context.lifecycle -- Created bean [io.micronaut.data.jdbc.config.SchemaGenerator@2152fde5] from definition [Definition: io.micronaut.data.jdbc.config.SchemaGenerator] with qualifier [null]
01:03:23.077 [Test worker] DEBUG io.micronaut.context.DefaultBeanContext -- Finding candidate beans for type: BeanDefinitionValidator
01:03:23.077 [Test worker] DEBUG io.micronaut.context.DefaultBeanContext --   class io.micronaut.validation.validator.DefaultValidator null Definition: io.micronaut.validation.validator.DefaultValidator
01:03:23.077 [Test worker] DEBUG io.micronaut.context.DefaultBeanContext -- Found concrete candidate [Definition: io.micronaut.validation.validator.DefaultValidator] for type: beanDefinitionValidator 
01:03:23.077 [Test worker] DEBUG io.micronaut.context.DefaultBeanContext -- Finding candidate beans for type: ValidatorConfiguration configuration
01:03:23.077 [Test worker] DEBUG io.micronaut.context.DefaultBeanContext --   class io.micronaut.validation.validator.DefaultValidatorConfiguration null Definition: io.micronaut.validation.validator.DefaultValidatorConfiguration
01:03:23.077 [Test worker] DEBUG io.micronaut.context.DefaultBeanContext -- Found concrete candidate [Definition: io.micronaut.validation.validator.DefaultValidatorConfiguration] for type: configuration 
01:03:23.077 [Test worker] DEBUG io.micronaut.context.DefaultBeanContext -- Finding candidate beans for type: InternalConstraintValidatorFactory constraintValidatorFactory
01:03:23.077 [Test worker] DEBUG io.micronaut.context.DefaultBeanContext --   class io.micronaut.validation.validator.constraints.DefaultInternalConstraintValidatorFactory null Definition: io.micronaut.validation.validator.constraints.DefaultInternalConstraintValidatorFactory
01:03:23.077 [Test worker] DEBUG io.micronaut.context.DefaultBeanContext -- Found concrete candidate [Definition: io.micronaut.validation.validator.constraints.DefaultInternalConstraintValidatorFactory] for type: constraintValidatorFactory 
01:03:23.078 [Test worker] DEBUG io.micronaut.context.lifecycle -- Created bean [io.micronaut.validation.validator.constraints.DefaultInternalConstraintValidatorFactory@5d58dc61] from definition [Definition: io.micronaut.validation.validator.constraints.DefaultInternalConstraintValidatorFactory] with qualifier [null]
01:03:23.078 [Test worker] DEBUG io.micronaut.context.DefaultBeanContext -- Finding candidate beans for type: ConstraintValidatorRegistry constraintValidatorRegistry
01:03:23.078 [Test worker] DEBUG io.micronaut.context.DefaultBeanContext --   class io.micronaut.validation.validator.constraints.DefaultConstraintValidators null Definition: io.micronaut.validation.validator.constraints.DefaultConstraintValidators
01:03:23.078 [Test worker] DEBUG io.micronaut.context.DefaultBeanContext -- Found concrete candidate [Definition: io.micronaut.validation.validator.constraints.DefaultConstraintValidators] for type: constraintValidatorRegistry 
[...]
01:03:23.252 [Test worker] DEBUG io.micronaut.context.lifecycle -- Destroying bean [io.micronaut.http.netty.channel.NioEventLoopGroupFactory@6d7865d6] with identifier [nioEventLoopGroupFactory]
01:03:23.252 [Test worker] DEBUG io.micronaut.context.lifecycle -- Destroying bean [io.micronaut.runtime.ApplicationConfiguration@58021c3c] with identifier [applicationConfiguration]
01:03:23.252 [Test worker] DEBUG io.micronaut.context.lifecycle -- Destroying bean [io.micronaut.runtime.ApplicationConfiguration@58021c3c] with identifier [applicationConfiguration]
01:03:23.252 [Test worker] DEBUG io.micronaut.context.lifecycle -- Destroying bean [io.micronaut.http.ssl.DefaultSslConfiguration$DefaultTrustStoreConfiguration@457692cb] with identifier [defaultTrustStoreConfiguration]
01:03:23.252 [Test worker] DEBUG io.micronaut.context.lifecycle -- Destroying bean [io.micronaut.http.ssl.DefaultSslConfiguration$DefaultTrustStoreConfiguration@457692cb] with identifier [defaultTrustStoreConfiguration]
01:03:23.252 [Test worker] DEBUG io.micronaut.context.lifecycle -- Destroying bean [java.util.concurrent.Executors$DefaultThreadFactory@377b7ed8] with identifier [threadFactory]
01:03:23.253 [Test worker] DEBUG io.micronaut.context.lifecycle -- Destroying bean [java.util.concurrent.Executors$DefaultThreadFactory@377b7ed8] with identifier [threadFactory]
01:03:23.253 [Test worker] DEBUG io.micronaut.context.lifecycle -- Destroying bean [io.micronaut.scheduling.executor.UserExecutorConfiguration@261a66b8] with identifier [@Named('virtual') executorConfiguration]
01:03:23.253 [Test worker] DEBUG io.micronaut.context.lifecycle -- Destroying bean [io.micronaut.scheduling.executor.UserExecutorConfiguration@261a66b8] with identifier [@Named('virtual') executorConfiguration]
01:03:23.253 [Test worker] DEBUG io.micronaut.context.lifecycle -- Destroying bean [io.micronaut.runtime.http.codec.MediaTypeCodecRegistryFactory@186295cc] with identifier [mediaTypeCodecRegistryFactory]
01:03:23.253 [Test worker] DEBUG io.micronaut.context.lifecycle -- Destroying bean [io.micronaut.runtime.http.codec.MediaTypeCodecRegistryFactory@186295cc] with identifier [mediaTypeCodecRegistryFactory]
01:03:23.253 [Test worker] DEBUG io.micronaut.context.lifecycle -- Destroying bean [io.micronaut.http.server.HttpServerConfiguration$HttpLocaleResolutionConfigurationProperties@8d810f2] with identifier [httpLocaleResolutionConfiguration]
01:03:23.253 [Test worker] DEBUG io.micronaut.context.lifecycle -- Destroying bean [io.micronaut.http.server.HttpServerConfiguration$HttpLocaleResolutionConfigurationProperties@8d810f2] with identifier [httpLocaleResolutionConfiguration]
01:03:23.253 [Test worker] DEBUG io.micronaut.context.lifecycle -- Destroying bean [io.micronaut.aop.chain.DefaultInterceptorRegistry@77204651] with identifier [$interceptorRegistry]
01:03:23.253 [Test worker] DEBUG io.micronaut.context.lifecycle -- Destroying bean [io.micronaut.aop.chain.DefaultInterceptorRegistry@77204651] with identifier [$interceptorRegistry]
01:03:23.253 [Test worker] DEBUG io.micronaut.context.lifecycle -- Destroying bean [io.micronaut.scheduling.executor.ScheduledExecutorServiceConfig@3348ace6] with identifier [scheduledExecutorServiceConfig]
01:03:23.253 [Test worker] DEBUG io.micronaut.context.lifecycle -- Destroying bean [io.micronaut.scheduling.executor.ScheduledExecutorServiceConfig@3348ace6] with identifier [scheduledExecutorServiceConfig]
01:03:23.253 [Test worker] DEBUG io.micronaut.context.lifecycle -- Destroying bean [io.micronaut.web.router.naming.HyphenatedUriNamingStrategy@3cad24ae] with identifier [uriNamingStrategy]
01:03:23.253 [Test worker] DEBUG io.micronaut.context.lifecycle -- Destroying bean [io.micronaut.web.router.naming.HyphenatedUriNamingStrategy@3cad24ae] with identifier [uriNamingStrategy]
01:03:23.253 [Test worker] DEBUG io.micronaut.context.lifecycle -- Destroying bean [io.micronaut.scheduling.executor.UserExecutorConfiguration@741a0604] with identifier [@Named('scheduled') executorConfiguration]
01:03:23.253 [Test worker] DEBUG io.micronaut.context.lifecycle -- Destroying bean [io.micronaut.scheduling.executor.UserExecutorConfiguration@741a0604] with identifier [@Named('scheduled') executorConfiguration]
01:03:23.253 [Test worker] DEBUG io.micronaut.context.lifecycle -- Destroying bean [io.micronaut.jackson.serialize.JsonNodeSerializer@7c69e1e1] with identifier [jsonNodeSerializer]
01:03:23.253 [Test worker] DEBUG io.micronaut.context.lifecycle -- Destroying bean [io.micronaut.jackson.serialize.JsonNodeSerializer@7c69e1e1] with identifier [jsonNodeSerializer]
01:03:23.253 [Test worker] DEBUG io.micronaut.context.lifecycle -- Destroying bean [io.micronaut.core.io.scan.DefaultClassPathResourceLoader@552bee2f] with identifier [classPathResourceLoader]
01:03:23.253 [Test worker] DEBUG io.micronaut.context.lifecycle -- Destroying bean [io.micronaut.core.io.scan.DefaultClassPathResourceLoader@552bee2f] with identifier [classPathResourceLoader]
01:03:23.253 [Test worker] DEBUG io.micronaut.context.lifecycle -- Destroying bean [io.micronaut.security.token.bearer.BearerTokenConfigurationProperties@1824e47c] with identifier [bearerTokenConfiguration]
01:03:23.253 [Test worker] DEBUG io.micronaut.context.lifecycle -- Destroying bean [io.micronaut.security.token.bearer.BearerTokenConfigurationProperties@1824e47c] with identifier [bearerTokenConfiguration]
01:03:23.253 [Test worker] DEBUG io.micronaut.context.lifecycle -- Destroying bean [io.micronaut.scheduling.executor.DefaultThreadFactory@2d8a9b2] with identifier [defaultThreadFactory]
01:03:23.253 [Test worker] DEBUG io.micronaut.context.lifecycle -- Destroying bean [io.micronaut.scheduling.executor.DefaultThreadFactory@2d8a9b2] with identifier [defaultThreadFactory]
01:03:23.253 [Test worker] DEBUG io.micronaut.context.lifecycle -- Destroying bean [io.micronaut.http.ssl.DefaultSslConfiguration$DefaultKeyStoreConfiguration@56f2c9e8] with identifier [defaultKeyStoreConfiguration]
01:03:23.253 [Test worker] DEBUG io.micronaut.context.lifecycle -- Destroying bean [io.micronaut.http.ssl.DefaultSslConfiguration$DefaultKeyStoreConfiguration@56f2c9e8] with identifier [defaultKeyStoreConfiguration]
01:03:23.253 [Test worker] DEBUG io.micronaut.context.lifecycle -- Destroying bean [io.micronaut.jackson.serialize.ConvertibleMultiValuesSerializer@7b52b18a] with identifier [convertibleMultiValuesSerializer]
01:03:23.253 [Test worker] DEBUG io.micronaut.context.lifecycle -- Destroying bean [io.micronaut.jackson.serialize.ConvertibleMultiValuesSerializer@7b52b18a] with identifier [convertibleMultiValuesSerializer]
01:03:23.253 [Test worker] DEBUG io.micronaut.context.lifecycle -- Destroying bean [io.micronaut.security.config.SecurityConfigurationProperties@2f27d519] with identifier [securityConfiguration]
01:03:23.253 [Test worker] DEBUG io.micronaut.context.lifecycle -- Destroying bean [io.micronaut.security.config.SecurityConfigurationProperties@2f27d519] with identifier [securityConfiguration]
01:03:23.253 [Test worker] DEBUG io.micronaut.context.lifecycle -- Destroying bean [io.micronaut.http.ssl.DefaultSslConfiguration@8ef1d58] with identifier [defaultSslConfiguration]
01:03:23.253 [Test worker] DEBUG io.micronaut.context.lifecycle -- Destroying bean [io.micronaut.http.ssl.DefaultSslConfiguration@8ef1d58] with identifier [defaultSslConfiguration]
01:03:23.253 [Test worker] DEBUG io.micronaut.context.lifecycle -- Destroying bean [io.micronaut.http.ssl.DefaultSslConfiguration$DefaultKeyConfiguration@2619cb76] with identifier [defaultKeyConfiguration]
01:03:23.253 [Test worker] DEBUG io.micronaut.context.lifecycle -- Destroying bean [io.micronaut.http.ssl.DefaultSslConfiguration$DefaultKeyConfiguration@2619cb76] with identifier [defaultKeyConfiguration]
01:03:23.253 [Test worker] DEBUG io.micronaut.context.lifecycle -- Destroying bean [io.micronaut.data.runtime.config.DataConfiguration$PageableConfiguration@380fdcf2] with identifier [configuration]
01:03:23.253 [Test worker] DEBUG io.micronaut.context.lifecycle -- Destroying bean [io.micronaut.data.runtime.config.DataConfiguration$PageableConfiguration@380fdcf2] with identifier [configuration]
01:03:23.253 [Test worker] DEBUG io.micronaut.context.lifecycle -- Destroying bean [io.micronaut.http.client.DefaultHttpClientConfiguration$DefaultConnectionPoolConfiguration@58f50dd0] with identifier [connectionPoolConfiguration]
01:03:23.253 [Test worker] DEBUG io.micronaut.context.lifecycle -- Destroying bean [io.micronaut.http.client.DefaultHttpClientConfiguration$DefaultConnectionPoolConfiguration@58f50dd0] with identifier [connectionPoolConfiguration]
01:03:23.253 [Test worker] DEBUG io.micronaut.context.lifecycle -- Destroying bean [io.micronaut.scheduling.DefaultTaskExceptionHandler@71d99732] with identifier [taskExceptionHandler]
01:03:23.253 [Test worker] DEBUG io.micronaut.context.lifecycle -- Destroying bean [io.micronaut.scheduling.DefaultTaskExceptionHandler@71d99732] with identifier [taskExceptionHandler]
01:03:23.253 [Test worker] DEBUG io.micronaut.context.lifecycle -- Destroying bean [io.micronaut.security.authentication.AuthenticationArgumentBinder@6b7c4734] with identifier [authenticationArgumentBinder]
01:03:23.253 [Test worker] DEBUG io.micronaut.context.lifecycle -- Destroying bean [io.micronaut.security.authentication.AuthenticationArgumentBinder@6b7c4734] with identifier [authenticationArgumentBinder]
01:03:23.253 [Test worker] DEBUG io.micronaut.context.lifecycle -- Destroying bean [io.micronaut.jackson.serialize.ResourceModule@5df7a065] with identifier [resourceModule]
01:03:23.253 [Test worker] DEBUG io.micronaut.context.lifecycle -- Destroying bean [io.micronaut.jackson.serialize.ResourceModule@5df7a065] with identifier [resourceModule]
01:03:23.253 [Test worker] DEBUG io.micronaut.context.lifecycle -- Destroying bean [io.micronaut.security.token.jwt.validator.ExpirationJwtClaimsValidator@64a9b8b0] with identifier [expirationJwtClaimsValidator]
01:03:23.253 [Test worker] DEBUG io.micronaut.context.lifecycle -- Destroying bean [io.micronaut.security.token.jwt.validator.ExpirationJwtClaimsValidator@64a9b8b0] with identifier [expirationJwtClaimsValidator]
01:03:23.253 [Test worker] DEBUG io.micronaut.context.lifecycle -- Destroying bean [io.micronaut.validation.validator.DefaultClockProvider@21540255] with identifier [clockProvider]
01:03:23.253 [Test worker] DEBUG io.micronaut.context.lifecycle -- Destroying bean [io.micronaut.validation.validator.DefaultClockProvider@21540255] with identifier [clockProvider]
01:03:23.253 [Test worker] DEBUG io.micronaut.context.lifecycle -- Destroying bean [io.micronaut.data.runtime.convert.DataConversionServiceFactory@5891b7c5] with identifier [dataConversionServiceFactory]
01:03:23.253 [Test worker] DEBUG io.micronaut.context.lifecycle -- Destroying bean [io.micronaut.data.runtime.convert.DataConversionServiceFactory@5891b7c5] with identifier [dataConversionServiceFactory]
01:03:23.253 [Test worker] DEBUG io.micronaut.context.lifecycle -- Destroying bean [io.micronaut.security.token.jwt.converters.JWSAlgorithmConverter@43ab0659] with identifier [JWSAlgorithmConverter]
01:03:23.253 [Test worker] DEBUG io.micronaut.context.lifecycle -- Destroying bean [io.micronaut.security.token.jwt.converters.JWSAlgorithmConverter@43ab0659] with identifier [JWSAlgorithmConverter]
01:03:23.253 [Test worker] DEBUG io.micronaut.context.lifecycle -- Destroying bean [io.micronaut.jackson.JacksonConfiguration@1bc6c20d] with identifier [jacksonConfiguration]
01:03:23.253 [Test worker] DEBUG io.micronaut.context.lifecycle -- Destroying bean [io.micronaut.jackson.JacksonConfiguration@1bc6c20d] with identifier [jacksonConfiguration]
01:03:23.253 [Test worker] DEBUG io.micronaut.context.lifecycle -- Destroying bean [io.micronaut.http.server.binding.BasicAuthArgumentBinder@45bf93bb] with identifier [basicAuthArgumentBinder]
01:03:23.253 [Test worker] DEBUG io.micronaut.context.lifecycle -- Destroying bean [io.micronaut.http.server.binding.BasicAuthArgumentBinder@45bf93bb] with identifier [basicAuthArgumentBinder]
01:03:23.253 [Test worker] DEBUG io.micronaut.context.lifecycle -- Destroying bean [io.micronaut.buffer.netty.NettyByteBufferFactory@38e7860c] with identifier [nettyByteBufferFactory]
01:03:23.253 [Test worker] DEBUG io.micronaut.context.lifecycle -- Destroying bean [io.micronaut.buffer.netty.NettyByteBufferFactory@38e7860c] with identifier [nettyByteBufferFactory]
01:03:23.253 [Test worker] DEBUG io.micronaut.context.lifecycle -- Destroying bean [io.micronaut.jackson.ObjectMapperFactory@5788722f] with identifier [objectMapperFactory]
01:03:23.253 [Test worker] DEBUG io.micronaut.context.lifecycle -- Destroying bean [io.micronaut.jackson.ObjectMapperFactory@5788722f] with identifier [objectMapperFactory]
01:03:23.253 [Test worker] DEBUG io.micronaut.context.lifecycle -- Destroying bean [io.micronaut.context.DefaultApplicationContext$RuntimeConfiguredEnvironment@11cc9e1e] with identifier [T]
01:03:23.253 [Test worker] DEBUG io.micronaut.context.lifecycle -- Destroying bean [io.micronaut.context.DefaultApplicationContext$RuntimeConfiguredEnvironment@11cc9e1e] with identifier [T]
01:03:23.253 [Test worker] DEBUG io.micronaut.context.lifecycle -- Destroying bean [io.micronaut.security.token.config.TokenConfigurationProperties@7bb3f017] with identifier [tokenConfiguration]
01:03:23.253 [Test worker] DEBUG io.micronaut.context.lifecycle -- Destroying bean [io.micronaut.security.token.config.TokenConfigurationProperties@7bb3f017] with identifier [tokenConfiguration]
01:03:23.253 [Test worker] DEBUG io.micronaut.context.lifecycle -- Destroying bean [io.netty.util.concurrent.DefaultThreadFactory@2dc3ece8] with identifier [@Named('netty') nettyThreadFactory]
01:03:23.253 [Test worker] DEBUG io.micronaut.context.lifecycle -- Destroying bean [io.netty.util.concurrent.DefaultThreadFactory@2dc3ece8] with identifier [@Named('netty') nettyThreadFactory]
01:03:23.253 [Test worker] DEBUG io.micronaut.context.lifecycle -- Destroying bean [io.micronaut.data.runtime.date.CurrentDateTimeProvider@1686ed85] with identifier [dateTimeProvider]
01:03:23.253 [Test worker] DEBUG io.micronaut.context.lifecycle -- Destroying bean [io.micronaut.data.runtime.date.CurrentDateTimeProvider@1686ed85] with identifier [dateTimeProvider]
01:03:23.253 [Test worker] DEBUG io.micronaut.context.lifecycle -- Destroying bean [io.micronaut.http.netty.channel.converters.DefaultChannelOptionFactory@559e3f67] with identifier [channelOptionFactory]
01:03:23.253 [Test worker] DEBUG io.micronaut.context.lifecycle -- Destroying bean [io.micronaut.http.netty.channel.converters.DefaultChannelOptionFactory@559e3f67] with identifier [channelOptionFactory]
01:03:23.253 [Test worker] DEBUG io.micronaut.context.lifecycle -- Destroying bean [io.micronaut.security.token.jwt.converters.KeyTypeConverter@1827fc4e] with identifier [keyTypeConverter]
01:03:23.253 [Test worker] DEBUG io.micronaut.context.lifecycle -- Destroying bean [io.micronaut.security.token.jwt.converters.KeyTypeConverter@1827fc4e] with identifier [keyTypeConverter]
01:03:23.253 [Test worker] DEBUG io.micronaut.context.lifecycle -- Destroying bean [io.micronaut.core.io.file.DefaultFileSystemResourceLoader@6a543e09] with identifier [fileSystemResourceLoader]
01:03:23.253 [Test worker] DEBUG io.micronaut.context.lifecycle -- Destroying bean [io.micronaut.core.io.file.DefaultFileSystemResourceLoader@6a543e09] with identifier [fileSystemResourceLoader]
01:03:23.253 [Test worker] DEBUG io.micronaut.context.lifecycle -- Destroying bean [io.micronaut.jackson.serialize.ConvertibleValuesSerializer@3f45dfec] with identifier [convertibleValuesSerializer]
01:03:23.253 [Test worker] DEBUG io.micronaut.context.lifecycle -- Destroying bean [io.micronaut.jackson.serialize.ConvertibleValuesSerializer@3f45dfec] with identifier [convertibleValuesSerializer]
01:03:23.253 [Test worker] DEBUG io.micronaut.context.lifecycle -- Destroying bean [io.micronaut.security.token.jwt.converters.EncryptionMethodConverter@2faf6e4a] with identifier [encryptionMethodConverter]
01:03:23.253 [Test worker] DEBUG io.micronaut.context.lifecycle -- Destroying bean [io.micronaut.security.token.jwt.converters.EncryptionMethodConverter@2faf6e4a] with identifier [encryptionMethodConverter]
01:03:23.253 [Test worker] DEBUG io.micronaut.context.lifecycle -- Destroying bean [io.micronaut.http.netty.channel.NettyThreadFactory@638977e0] with identifier [nettyThreadFactory]
01:03:23.253 [Test worker] DEBUG io.micronaut.context.lifecycle -- Destroying bean [io.micronaut.http.netty.channel.NettyThreadFactory@638977e0] with identifier [nettyThreadFactory]
01:03:23.253 [Test worker] DEBUG io.micronaut.context.lifecycle -- Destroying bean [io.micronaut.runtime.http.scope.RequestCustomScope@4ed659f] with identifier [requestCustomScope]
01:03:23.253 [Test worker] DEBUG io.micronaut.context.lifecycle -- Destroying bean [io.micronaut.runtime.http.scope.RequestCustomScope@4ed659f] with identifier [requestCustomScope]
01:03:23.253 [Test worker] DEBUG io.micronaut.context.lifecycle -- Destroying bean [io.micronaut.http.body.RawMessageBodyHandlerRegistry$RawByteArrayHandler@77e6761f] with identifier [rawByteArrayHandler]
01:03:23.253 [Test worker] DEBUG io.micronaut.context.lifecycle -- Destroying bean [io.micronaut.http.body.RawMessageBodyHandlerRegistry$RawByteArrayHandler@77e6761f] with identifier [rawByteArrayHandler]
01:03:23.253 [Test worker] DEBUG io.micronaut.context.lifecycle -- Destroying bean [io.micronaut.security.authentication.PrincipalArgumentBinder@79e2606f] with identifier [principalArgumentBinder]
01:03:23.253 [Test worker] DEBUG io.micronaut.context.lifecycle -- Destroying bean [io.micronaut.security.authentication.PrincipalArgumentBinder@79e2606f] with identifier [principalArgumentBinder]
01:03:23.253 [Test worker] DEBUG io.micronaut.context.lifecycle -- Destroying bean [io.micronaut.jackson.serialize.JsonNodeDeserializer@39b85a73] with identifier [jsonNodeDeserializer]
01:03:23.253 [Test worker] DEBUG io.micronaut.context.lifecycle -- Destroying bean [io.micronaut.jackson.serialize.JsonNodeDeserializer@39b85a73] with identifier [jsonNodeDeserializer]
01:03:23.253 [Test worker] DEBUG io.micronaut.context.lifecycle -- Destroying bean [io.micronaut.management.endpoint.EndpointDefaultConfiguration@56299b0e] with identifier [endpointDefaultConfiguration]
01:03:23.253 [Test worker] DEBUG io.micronaut.context.lifecycle -- Destroying bean [io.micronaut.management.endpoint.EndpointDefaultConfiguration@56299b0e] with identifier [endpointDefaultConfiguration]
01:03:23.253 [Test worker] DEBUG io.micronaut.context.lifecycle -- Destroying bean [io.micronaut.security.token.jwt.converters.JWEAlgorithmConverter@4c41a177] with identifier [JWEAlgorithmConverter]
01:03:23.253 [Test worker] DEBUG io.micronaut.context.lifecycle -- Destroying bean [io.micronaut.security.token.jwt.converters.JWEAlgorithmConverter@4c41a177] with identifier [JWEAlgorithmConverter]
01:03:23.253 [Test worker] DEBUG io.micronaut.context.lifecycle -- Destroying bean [io.micronaut.http.netty.body.ByteBufRawMessageBodyHandler@7bda01da] with identifier [byteBufRawMessageBodyHandler]
01:03:23.253 [Test worker] DEBUG io.micronaut.context.lifecycle -- Destroying bean [io.micronaut.http.netty.body.ByteBufRawMessageBodyHandler@7bda01da] with identifier [byteBufRawMessageBodyHandler]
01:03:23.253 [Test worker] DEBUG io.micronaut.context.lifecycle -- Destroying bean [io.micronaut.security.token.jwt.validator.SubjectNotNullJwtClaimsValidator@3b716d0d] with identifier [subjectNotNullJwtClaimsValidator]
01:03:23.253 [Test worker] DEBUG io.micronaut.context.lifecycle -- Destroying bean [io.micronaut.security.token.jwt.validator.SubjectNotNullJwtClaimsValidator@3b716d0d] with identifier [subjectNotNullJwtClaimsValidator]
]]></system-out>
  <system-err><![CDATA[]]></system-err>
</testsuite>
